#
# A fatal error has been detected by the Java Runtime Environment:
#
#  EXCEPTION_ACCESS_VIOLATION (0xc0000005) at pc=0x617493cd, pid=4692, tid=0x00001258
#
# JRE version: Java(TM) SE Runtime Environment (8.0_92-b14) (build 1.8.0_92-b14)
# Java VM: Java HotSpot(TM) Client VM (25.92-b14 mixed mode windows-x86 )
# Problematic frame:
# C  [listSerialsj.dll+0x93cd]
#
# Failed to write core dump. Minidumps are not enabled by default on client versions of Windows
#
# If you would like to submit a bug report, please visit:
#   http://bugreport.java.com/bugreport/crash.jsp
# The crash happened outside the Java Virtual Machine in native code.
# See problematic frame for where to report the bug.
#

---------------  T H R E A D  ---------------

Current thread (0x2562c000):  JavaThread "cc.arduino.packages.discoverers.serial.SerialBoardsLister" [_thread_in_native, id=4696, stack(0x260f0000,0x26140000)]

siginfo: ExceptionCode=0xc0000005, writing address 0x00000000

Registers:
EAX=0x00000000, EBX=0x00000b54, ECX=0x00000000, EDX=0x00000001
ESP=0x2613ec60, EBP=0x2613f0b8, ESI=0x00000001, EDI=0x010eba28
EIP=0x617493cd, EFLAGS=0x00010246

Top of Stack: (sp=0x2613ec60)
0x2613ec60:   00f7e5a8 0000002e 00000002 00000000
0x2613ec70:   00000003 00000000 00000000 00000000
0x2613ec80:   2613eca0 010fb068 0000006c 75caa4c0
0x2613ec90:   00f7e868 00487485 010ebbf8 0000006e
0x2613eca0:   7647bff0 00000007 0000002f 00000002
0x2613ecb0:   00000001 0000006c 0000003c 0000008e
0x2613ecc0:   008eecac 00000000 354d4f43 0047d100
0x2613ecd0:   00425355 fffffffe 7647bfe5 617419bf 

Instructions: (pc=0x617493cd)
0x617493ad:   8b 45 08 8b 90 94 00 00 00 85 d2 74 16 8b 40 2c
0x617493bd:   c7 44 24 04 2e 00 00 00 89 04 24 e8 73 14 00 00
0x617493cd:   c6 00 00 8d 85 04 fc ff ff 89 44 24 18 8d 85 0a
0x617493dd:   fc ff ff 89 44 24 10 a1 e4 01 75 61 c7 85 04 fc 


Register to memory mapping:

EAX=0x00000000 is an unknown value
EBX=0x00000b54 is an unknown value
ECX=0x00000000 is an unknown value
EDX=0x00000001 is an unknown value
ESP=0x2613ec60 is pointing into the stack for thread: 0x2562c000
EBP=0x2613f0b8 is pointing into the stack for thread: 0x2562c000
ESI=0x00000001 is an unknown value
EDI=0x010eba28 is an unknown value


Stack: [0x260f0000,0x26140000],  sp=0x2613ec60,  free space=315k
Native frames: (J=compiled Java code, j=interpreted, Vv=VM code, C=native code)
C  [listSerialsj.dll+0x93cd]
C  [listSerialsj.dll+0x2211]

Java frames: (J=compiled Java code, j=interpreted, Vv=VM code)
j  processing.app.Platform.listSerialsNative()[Ljava/lang/String;+0
j  processing.app.Platform.listSerials()Ljava/util/List;+5
j  cc.arduino.packages.discoverers.serial.SerialBoardsLister.retriggerDiscovery(Z)V+22
j  cc.arduino.packages.discoverers.serial.SerialBoardsLister.run()V+9
j  java.util.TimerThread.mainLoop()V+221
j  java.util.TimerThread.run()V+1
v  ~StubRoutines::call_stub

---------------  P R O C E S S  ---------------

Java Threads: ( => current thread )
  0x270a6c00 JavaThread "JmDNS(ulisses.local.).Timer" daemon [_thread_blocked, id=9652, stack(0x28aa0000,0x28af0000)]
  0x270a6800 JavaThread "JmDNS(ulisses.local.).State.Timer" [_thread_blocked, id=9016, stack(0x28a10000,0x28a60000)]
  0x270a9800 JavaThread "JmDNS(ulisses.local.).Timer" daemon [_thread_blocked, id=10528, stack(0x28980000,0x289d0000)]
  0x270a4800 JavaThread "SocketListener(ulisses.local.)" daemon [_thread_in_native, id=11004, stack(0x288f0000,0x28940000)]
  0x270a8c00 JavaThread "JmDNS(ulisses.local.).Timer" daemon [_thread_blocked, id=10968, stack(0x28860000,0x288b0000)]
  0x270aa000 JavaThread "JmDNS(ulisses.local.).State.Timer" [_thread_blocked, id=2628, stack(0x287d0000,0x28820000)]
  0x270a5000 JavaThread "JmDNS(ulisses.local.).Timer" daemon [_thread_blocked, id=7536, stack(0x26790000,0x267e0000)]
  0x270aa400 JavaThread "SocketListener(ulisses.local.)" daemon [_thread_in_native, id=6904, stack(0x00b50000,0x00ba0000)]
  0x270a6000 JavaThread "DestroyJavaVM" [_thread_blocked, id=3524, stack(0x00a20000,0x00a70000)]
  0x25a1b400 JavaThread "AWT-EventQueue-0" [_thread_blocked, id=6656, stack(0x28050000,0x280a0000)]
  0x25a1c400 JavaThread "AWT-Shutdown" [_thread_blocked, id=7576, stack(0x27950000,0x279a0000)]
  0x25a1ac00 JavaThread "TimerQueue" daemon [_thread_blocked, id=8280, stack(0x25b80000,0x25bd0000)]
  0x25a1cc00 JavaThread "Batik CleanerThread" daemon [_thread_blocked, id=7060, stack(0x27c30000,0x27c80000)]
  0x25a1a800 JavaThread "JmDNS(ulisses.local.).Timer" daemon [_thread_blocked, id=9920, stack(0x276c0000,0x27710000)]
  0x25a19800 JavaThread "JmDNS(ulisses.local.).State.Timer" [_thread_blocked, id=4148, stack(0x27630000,0x27680000)]
  0x25a1a000 JavaThread "JmDNS(ulisses.local.).Timer" daemon [_thread_blocked, id=5976, stack(0x275a0000,0x275f0000)]
  0x25a1c000 JavaThread "SocketListener(ulisses.local.)" daemon [_thread_in_native, id=1904, stack(0x27510000,0x27560000)]
  0x25a1b800 JavaThread "JmDNS(ulisses.local.).Timer" daemon [_thread_blocked, id=2316, stack(0x26b80000,0x26bd0000)]
  0x25a13800 JavaThread "JmDNS(ulisses.local.).State.Timer" [_thread_blocked, id=8376, stack(0x26af0000,0x26b40000)]
  0x25a11000 JavaThread "JmDNS(ulisses.local.).Timer" daemon [_thread_blocked, id=2968, stack(0x265f0000,0x26640000)]
  0x259e0800 JavaThread "SocketListener(ulisses.local.)" daemon [_thread_in_native, id=8900, stack(0x00ff0000,0x01040000)]
  0x257b5000 JavaThread "cc.arduino.packages.discoverers.network.BoardReachabilityFilter" [_thread_blocked, id=4344, stack(0x26210000,0x26260000)]
  0x257eb400 JavaThread "cc.arduino.packages.discoverers.network.NetworkChecker" [_thread_blocked, id=10524, stack(0x26180000,0x261d0000)]
=>0x2562c000 JavaThread "cc.arduino.packages.discoverers.serial.SerialBoardsLister" [_thread_in_native, id=4696, stack(0x260f0000,0x26140000)]
  0x2576e400 JavaThread "AWT-Windows" daemon [_thread_in_native, id=32, stack(0x25c10000,0x25c60000)]
  0x2576d400 JavaThread "Java2D Disposer" daemon [_thread_blocked, id=9552, stack(0x25b30000,0x25b80000)]
  0x25488800 JavaThread "Service Thread" daemon [_thread_blocked, id=10232, stack(0x25010000,0x25060000)]
  0x2546d400 JavaThread "C1 CompilerThread0" daemon [_thread_blocked, id=8364, stack(0x00e30000,0x00e80000)]
  0x2546a400 JavaThread "Attach Listener" daemon [_thread_blocked, id=1224, stack(0x00da0000,0x00df0000)]
  0x25468400 JavaThread "Signal Dispatcher" daemon [_thread_blocked, id=5788, stack(0x00d10000,0x00d60000)]
  0x2544a800 JavaThread "Finalizer" daemon [_thread_blocked, id=3100, stack(0x00c80000,0x00cd0000)]
  0x25434800 JavaThread "Reference Handler" daemon [_thread_blocked, id=6368, stack(0x00bf0000,0x00c40000)]

Other Threads:
  0x026adc00 VMThread [stack: 0x00ab0000,0x00b00000] [id=4712]
  0x25474c00 WatcherThread [stack: 0x25060000,0x250b0000] [id=11228]

VM state:not at safepoint (normal execution)

VM Mutex/Monitor currently owned by a thread: None

Heap:
 def new generation   total 39424K, used 6517K [0x04a00000, 0x074c0000, 0x0f4a0000)
  eden space 35072K,  18% used [0x04a00000, 0x0505d760, 0x06c40000)
  from space 4352K,   0% used [0x07080000, 0x07080000, 0x074c0000)
  to   space 4352K,   0% used [0x06c40000, 0x06c40000, 0x07080000)
 tenured generation   total 87424K, used 26509K [0x0f4a0000, 0x14a00000, 0x24a00000)
   the space 87424K,  30% used [0x0f4a0000, 0x10e83548, 0x10e83600, 0x14a00000)
 Metaspace       used 19985K, capacity 20476K, committed 20608K, reserved 20864K

Card table byte_map: [0x02820000,0x02930000] byte_map_base: 0x027fb000

Polling page: 0x00f30000

CodeCache: size=32768Kb used=4243Kb max_used=4243Kb free=28524Kb
 bounds [0x02980000, 0x02da8000, 0x04980000]
 total_blobs=2705 nmethods=2426 adapters=208
 compilation: enabled

Compilation events (10 events):
Event: 147.875 Thread 0x2546d400 2464             java.util.PriorityQueue::siftUpComparable (61 bytes)
Event: 147.876 Thread 0x2546d400 nmethod 2464 0x02da3dc8 code [0x02da3ef0, 0x02da415c]
Event: 148.779 Thread 0x2546d400 2465             java.util.LinkedHashMap$LinkedHashIterator::<init> (31 bytes)
Event: 148.780 Thread 0x2546d400 nmethod 2465 0x02da4448 code [0x02da4540, 0x02da4600]
Event: 149.521 Thread 0x2546d400 2466             javax.swing.TimerQueue$DelayedTimer::compareTo (9 bytes)
Event: 149.521 Thread 0x2546d400 nmethod 2466 0x02da4688 code [0x02da4790, 0x02da486c]
Event: 149.523 Thread 0x2546d400 2467             javax.swing.TimerQueue$DelayedTimer::compareTo (101 bytes)
Event: 149.523 Thread 0x2546d400 nmethod 2467 0x02da4908 code [0x02da4a20, 0x02da4d50]
Event: 152.083 Thread 0x2546d400 2468             java.util.PriorityQueue::siftDownComparable (118 bytes)
Event: 152.085 Thread 0x2546d400 nmethod 2468 0x02da4e48 code [0x02da4f90, 0x02da52f8]

GC Heap History (10 events):
Event: 1.906 GC heap before
{Heap before GC invocations=2 (full 0):
 def new generation   total 39296K, used 19297K [0x04a00000, 0x074a0000, 0x0f4a0000)
  eden space 34944K,  42% used [0x04a00000, 0x058984a0, 0x06c20000)
  from space 4352K, 100% used [0x06c20000, 0x07060000, 0x07060000)
  to   space 4352K,   0% used [0x07060000, 0x07060000, 0x074a0000)
 tenured generation   total 87424K, used 8310K [0x0f4a0000, 0x14a00000, 0x24a00000)
   the space 87424K,   9% used [0x0f4a0000, 0x0fcbd878, 0x0fcbda00, 0x14a00000)
 Metaspace       used 11879K, capacity 12251K, committed 12288K, reserved 12672K
Event: 1.931 GC heap after
Heap after GC invocations=3 (full 1):
 def new generation   total 39424K, used 0K [0x04a00000, 0x074c0000, 0x0f4a0000)
  eden space 35072K,   0% used [0x04a00000, 0x04a00000, 0x06c40000)
  from space 4352K,   0% used [0x06c40000, 0x06c40000, 0x07080000)
  to   space 4352K,   0% used [0x07080000, 0x07080000, 0x074c0000)
 tenured generation   total 87424K, used 13059K [0x0f4a0000, 0x14a00000, 0x24a00000)
   the space 87424K,  14% used [0x0f4a0000, 0x10160fe8, 0x10161000, 0x14a00000)
 Metaspace       used 11879K, capacity 12251K, committed 12288K, reserved 12672K
}
Event: 2.943 GC heap before
{Heap before GC invocations=3 (full 1):
 def new generation   total 39424K, used 35072K [0x04a00000, 0x074c0000, 0x0f4a0000)
  eden space 35072K, 100% used [0x04a00000, 0x06c40000, 0x06c40000)
  from space 4352K,   0% used [0x06c40000, 0x06c40000, 0x07080000)
  to   space 4352K,   0% used [0x07080000, 0x07080000, 0x074c0000)
 tenured generation   total 87424K, used 13059K [0x0f4a0000, 0x14a00000, 0x24a00000)
   the space 87424K,  14% used [0x0f4a0000, 0x10160fe8, 0x10161000, 0x14a00000)
 Metaspace       used 15718K, capacity 16154K, committed 16256K, reserved 16768K
Event: 2.954 GC heap after
Heap after GC invocations=4 (full 1):
 def new generation   total 39424K, used 4352K [0x04a00000, 0x074c0000, 0x0f4a0000)
  eden space 35072K,   0% used [0x04a00000, 0x04a00000, 0x06c40000)
  from space 4352K, 100% used [0x07080000, 0x074c0000, 0x074c0000)
  to   space 4352K,   0% used [0x06c40000, 0x06c40000, 0x07080000)
 tenured generation   total 87424K, used 14550K [0x0f4a0000, 0x14a00000, 0x24a00000)
   the space 87424K,  16% used [0x0f4a0000, 0x102d5a50, 0x102d5c00, 0x14a00000)
 Metaspace       used 15718K, capacity 16154K, committed 16256K, reserved 16768K
}
Event: 12.976 GC heap before
{Heap before GC invocations=4 (full 1):
 def new generation   total 39424K, used 39424K [0x04a00000, 0x074c0000, 0x0f4a0000)
  eden space 35072K, 100% used [0x04a00000, 0x06c40000, 0x06c40000)
  from space 4352K, 100% used [0x07080000, 0x074c0000, 0x074c0000)
  to   space 4352K,   0% used [0x06c40000, 0x06c40000, 0x07080000)
 tenured generation   total 87424K, used 14550K [0x0f4a0000, 0x14a00000, 0x24a00000)
   the space 87424K,  16% used [0x0f4a0000, 0x102d5a50, 0x102d5c00, 0x14a00000)
 Metaspace       used 17661K, capacity 18151K, committed 18176K, reserved 18816K
Event: 12.988 GC heap after
Heap after GC invocations=5 (full 1):
 def new generation   total 39424K, used 4352K [0x04a00000, 0x074c0000, 0x0f4a0000)
  eden space 35072K,   0% used [0x04a00000, 0x04a00000, 0x06c40000)
  from space 4352K, 100% used [0x06c40000, 0x07080000, 0x07080000)
  to   space 4352K,   0% used [0x07080000, 0x07080000, 0x074c0000)
 tenured generation   total 87424K, used 18316K [0x0f4a0000, 0x14a00000, 0x24a00000)
   the space 87424K,  20% used [0x0f4a0000, 0x106831e8, 0x10683200, 0x14a00000)
 Metaspace       used 17661K, capacity 18151K, committed 18176K, reserved 18816K
}
Event: 64.419 GC heap before
{Heap before GC invocations=5 (full 1):
 def new generation   total 39424K, used 39424K [0x04a00000, 0x074c0000, 0x0f4a0000)
  eden space 35072K, 100% used [0x04a00000, 0x06c40000, 0x06c40000)
  from space 4352K, 100% used [0x06c40000, 0x07080000, 0x07080000)
  to   space 4352K,   0% used [0x07080000, 0x07080000, 0x074c0000)
 tenured generation   total 87424K, used 18316K [0x0f4a0000, 0x14a00000, 0x24a00000)
   the space 87424K,  20% used [0x0f4a0000, 0x106831e8, 0x10683200, 0x14a00000)
 Metaspace       used 17928K, capacity 18405K, committed 18432K, reserved 18816K
Event: 64.429 GC heap after
Heap after GC invocations=6 (full 1):
 def new generation   total 39424K, used 1894K [0x04a00000, 0x074c0000, 0x0f4a0000)
  eden space 35072K,   0% used [0x04a00000, 0x04a00000, 0x06c40000)
  from space 4352K,  43% used [0x07080000, 0x07259980, 0x074c0000)
  to   space 4352K,   0% used [0x06c40000, 0x06c40000, 0x07080000)
 tenured generation   total 87424K, used 21306K [0x0f4a0000, 0x14a00000, 0x24a00000)
   the space 87424K,  24% used [0x0f4a0000, 0x1096ea38, 0x1096ec00, 0x14a00000)
 Metaspace       used 17928K, capacity 18405K, committed 18432K, reserved 18816K
}
Event: 88.881 GC heap before
{Heap before GC invocations=6 (full 1):
 def new generation   total 39424K, used 36451K [0x04a00000, 0x074c0000, 0x0f4a0000)
  eden space 35072K,  98% used [0x04a00000, 0x06bbf390, 0x06c40000)
  from space 4352K,  43% used [0x07080000, 0x07259980, 0x074c0000)
  to   space 4352K,   0% used [0x06c40000, 0x06c40000, 0x07080000)
 tenured generation   total 87424K, used 21306K [0x0f4a0000, 0x14a00000, 0x24a00000)
   the space 87424K,  24% used [0x0f4a0000, 0x1096ea38, 0x1096ec00, 0x14a00000)
 Metaspace       used 19973K, capacity 20439K, committed 20480K, reserved 20864K
Event: 88.941 GC heap after
Heap after GC invocations=7 (full 2):
 def new generation   total 39424K, used 0K [0x04a00000, 0x074c0000, 0x0f4a0000)
  eden space 35072K,   0% used [0x04a00000, 0x04a00000, 0x06c40000)
  from space 4352K,   0% used [0x07080000, 0x07080000, 0x074c0000)
  to   space 4352K,   0% used [0x06c40000, 0x06c40000, 0x07080000)
 tenured generation   total 87424K, used 26509K [0x0f4a0000, 0x14a00000, 0x24a00000)
   the space 87424K,  30% used [0x0f4a0000, 0x10e83548, 0x10e83600, 0x14a00000)
 Metaspace       used 19973K, capacity 20439K, committed 20480K, reserved 20864K
}

Deoptimization events (0 events):
No events

Internal exceptions (10 events):
Event: 67.426 Thread 0x270a7400 Exception <a 'sun/nio/fs/WindowsException'> (0x05ca7580) thrown at [C:\workspace\8-2-build-windows-i586-cygwin\jdk8u92\6642\hotspot\src\share\vm\prims\jni.cpp, line 709]
Event: 67.426 Thread 0x270a7400 Exception <a 'sun/nio/fs/WindowsException'> (0x05cabd30) thrown at [C:\workspace\8-2-build-windows-i586-cygwin\jdk8u92\6642\hotspot\src\share\vm\prims\jni.cpp, line 709]
Event: 67.428 Thread 0x270a7400 Exception <a 'sun/nio/fs/WindowsException'> (0x05cb67d8) thrown at [C:\workspace\8-2-build-windows-i586-cygwin\jdk8u92\6642\hotspot\src\share\vm\prims\jni.cpp, line 709]
Event: 67.428 Thread 0x270a7400 Exception <a 'sun/nio/fs/WindowsException'> (0x05cb6d30) thrown at [C:\workspace\8-2-build-windows-i586-cygwin\jdk8u92\6642\hotspot\src\share\vm\prims\jni.cpp, line 709]
Event: 67.430 Thread 0x270a7400 Exception <a 'sun/nio/fs/WindowsException'> (0x05ccb8b8) thrown at [C:\workspace\8-2-build-windows-i586-cygwin\jdk8u92\6642\hotspot\src\share\vm\prims\jni.cpp, line 709]
Event: 67.430 Thread 0x270a7400 Exception <a 'sun/nio/fs/WindowsException'> (0x05ccbe20) thrown at [C:\workspace\8-2-build-windows-i586-cygwin\jdk8u92\6642\hotspot\src\share\vm\prims\jni.cpp, line 709]
Event: 67.432 Thread 0x270a7400 Exception <a 'sun/nio/fs/WindowsException'> (0x05cd6b90) thrown at [C:\workspace\8-2-build-windows-i586-cygwin\jdk8u92\6642\hotspot\src\share\vm\prims\jni.cpp, line 709]
Event: 67.432 Thread 0x270a7400 Exception <a 'sun/nio/fs/WindowsException'> (0x05cd70f8) thrown at [C:\workspace\8-2-build-windows-i586-cygwin\jdk8u92\6642\hotspot\src\share\vm\prims\jni.cpp, line 709]
Event: 67.434 Thread 0x270a7400 Exception <a 'sun/nio/fs/WindowsException'> (0x05cec380) thrown at [C:\workspace\8-2-build-windows-i586-cygwin\jdk8u92\6642\hotspot\src\share\vm\prims\jni.cpp, line 709]
Event: 67.434 Thread 0x270a7400 Exception <a 'sun/nio/fs/WindowsException'> (0x05cec8e8) thrown at [C:\workspace\8-2-build-windows-i586-cygwin\jdk8u92\6642\hotspot\src\share\vm\prims\jni.cpp, line 709]

Events (10 events):
Event: 127.682 Executing VM operation: RevokeBias done
Event: 127.694 Thread 0x270aac00 Thread added: 0x270aac00
Event: 129.152 Executing VM operation: RevokeBias
Event: 129.152 Executing VM operation: RevokeBias done
Event: 132.678 Executing VM operation: RevokeBias
Event: 132.678 Executing VM operation: RevokeBias done
Event: 132.678 Thread 0x270ab800 Thread exited: 0x270ab800
Event: 132.678 Thread 0x270a7c00 Thread exited: 0x270a7c00
Event: 135.911 Thread 0x270aac00 Thread exited: 0x270aac00
Event: 137.641 Thread 0x270a7400 Thread exited: 0x270a7400


Dynamic libraries:
0x00990000 - 0x009c3000 	C:\Program Files (x86)\Arduino\java\bin\javaw.exe
0x77100000 - 0x7727b000 	C:\WINDOWS\SYSTEM32\ntdll.dll
0x74080000 - 0x74160000 	C:\WINDOWS\SYSTEM32\KERNEL32.DLL
0x73e50000 - 0x73fce000 	C:\WINDOWS\SYSTEM32\KERNELBASE.dll
0x76920000 - 0x7699b000 	C:\WINDOWS\SYSTEM32\ADVAPI32.dll
0x76420000 - 0x764de000 	C:\WINDOWS\SYSTEM32\msvcrt.dll
0x741f0000 - 0x74234000 	C:\WINDOWS\SYSTEM32\sechost.dll
0x73fd0000 - 0x7407d000 	C:\WINDOWS\SYSTEM32\RPCRT4.dll
0x73e30000 - 0x73e4e000 	C:\WINDOWS\SYSTEM32\SspiCli.dll
0x73e20000 - 0x73e2a000 	C:\WINDOWS\SYSTEM32\CRYPTBASE.dll
0x76540000 - 0x76598000 	C:\WINDOWS\SYSTEM32\bcryptPrimitives.dll
0x765a0000 - 0x766e7000 	C:\WINDOWS\SYSTEM32\USER32.dll
0x75af0000 - 0x75c3f000 	C:\WINDOWS\SYSTEM32\GDI32.dll
0x720b0000 - 0x722bf000 	C:\WINDOWS\WinSxS\x86_microsoft.windows.common-controls_6595b64144ccf1df_6.0.10586.0_none_d3c2e4e965da4528\COMCTL32.dll
0x76a40000 - 0x76bfd000 	C:\WINDOWS\SYSTEM32\combase.dll
0x763f0000 - 0x7641b000 	C:\WINDOWS\SYSTEM32\IMM32.DLL
0x67c80000 - 0x67d3f000 	C:\Program Files (x86)\Arduino\java\bin\msvcr100.dll
0x66580000 - 0x6694b000 	C:\Program Files (x86)\Arduino\java\bin\client\jvm.dll
0x766f0000 - 0x766f6000 	C:\WINDOWS\SYSTEM32\PSAPI.DLL
0x71dc0000 - 0x71de4000 	C:\WINDOWS\SYSTEM32\WINMM.dll
0x73a70000 - 0x73a78000 	C:\WINDOWS\SYSTEM32\WSOCK32.dll
0x73a20000 - 0x73a28000 	C:\WINDOWS\SYSTEM32\VERSION.dll
0x75860000 - 0x758bf000 	C:\WINDOWS\SYSTEM32\WS2_32.dll
0x00f80000 - 0x00fa3000 	C:\WINDOWS\SYSTEM32\WINMMBASE.dll
0x763b0000 - 0x763e7000 	C:\WINDOWS\SYSTEM32\cfgmgr32.dll
0x67c40000 - 0x67c71000 	C:\Program Files (x86)\Arduino\java\bin\splashscreen.dll
0x71a10000 - 0x71a85000 	C:\WINDOWS\system32\uxtheme.dll
0x69900000 - 0x6990c000 	C:\Program Files (x86)\Arduino\java\bin\verify.dll
0x76700000 - 0x7681f000 	C:\WINDOWS\SYSTEM32\MSCTF.dll
0x67c10000 - 0x67c31000 	C:\Program Files (x86)\Arduino\java\bin\java.dll
0x67bf0000 - 0x67c03000 	C:\Program Files (x86)\Arduino\java\bin\zip.dll
0x76530000 - 0x7653c000 	C:\WINDOWS\SYSTEM32\kernel.appcore.dll
0x74410000 - 0x7580e000 	C:\WINDOWS\SYSTEM32\SHELL32.dll
0x76c00000 - 0x770fa000 	C:\WINDOWS\SYSTEM32\windows.storage.dll
0x764e0000 - 0x76525000 	C:\WINDOWS\SYSTEM32\shlwapi.dll
0x760b0000 - 0x7613d000 	C:\WINDOWS\SYSTEM32\shcore.dll
0x75810000 - 0x75854000 	C:\WINDOWS\SYSTEM32\powrprof.dll
0x762a0000 - 0x762af000 	C:\WINDOWS\SYSTEM32\profapi.dll
0x67740000 - 0x67885000 	C:\Program Files (x86)\Arduino\java\bin\awt.dll
0x769a0000 - 0x76a32000 	C:\WINDOWS\SYSTEM32\OLEAUT32.dll
0x72600000 - 0x72692000 	C:\WINDOWS\system32\apphelp.dll
0x719a0000 - 0x719bd000 	C:\WINDOWS\system32\dwmapi.dll
0x76830000 - 0x7691b000 	C:\WINDOWS\SYSTEM32\ole32.dll
0x67720000 - 0x67736000 	C:\Program Files (x86)\Arduino\java\bin\net.dll
0x722e0000 - 0x7232f000 	C:\WINDOWS\system32\mswsock.dll
0x737c0000 - 0x737ef000 	C:\WINDOWS\SYSTEM32\IPHLPAPI.DLL
0x75c70000 - 0x75c77000 	C:\WINDOWS\SYSTEM32\NSI.dll
0x61740000 - 0x6176c000 	C:\Program Files (x86)\Arduino\lib\listSerialsj.dll
0x75c80000 - 0x7608b000 	C:\WINDOWS\SYSTEM32\SETUPAPI.dll
0x70470000 - 0x70483000 	C:\WINDOWS\SYSTEM32\dhcpcsvc6.DLL
0x70450000 - 0x70464000 	C:\WINDOWS\SYSTEM32\dhcpcsvc.DLL
0x731c0000 - 0x731d3000 	C:\WINDOWS\SYSTEM32\CRYPTSP.dll
0x73170000 - 0x7319f000 	C:\WINDOWS\system32\rsaenh.dll
0x731a0000 - 0x731bb000 	C:\WINDOWS\SYSTEM32\bcrypt.dll
0x728f0000 - 0x72909000 	C:\WINDOWS\SYSTEM32\USERENV.dll
0x68970000 - 0x6897f000 	C:\Program Files (x86)\Arduino\java\bin\nio.dll
0x26460000 - 0x2649d000 	C:\Users\Icaro\AppData\Local\Temp\jna-70463204\jna6613418446394024424.dll
0x735f0000 - 0x73674000 	C:\WINDOWS\SYSTEM32\DNSAPI.dll
0x64cb0000 - 0x64cd1000 	C:\Program Files (x86)\Bonjour\mdnsNSP.dll
0x64ca0000 - 0x64ca8000 	C:\Windows\System32\rasadhlp.dll
0x64c50000 - 0x64c97000 	C:\WINDOWS\System32\fwpuclnt.dll
0x676e0000 - 0x67719000 	C:\Program Files (x86)\Arduino\java\bin\fontmanager.dll
0x676a0000 - 0x676d2000 	C:\Program Files (x86)\Arduino\java\bin\t2k.dll
0x735c0000 - 0x735e2000 	C:\WINDOWS\SYSTEM32\DEVOBJ.dll
0x75a40000 - 0x75a82000 	C:\WINDOWS\SYSTEM32\WINTRUST.dll
0x76820000 - 0x7682e000 	C:\WINDOWS\SYSTEM32\MSASN1.dll
0x758c0000 - 0x75a38000 	C:\WINDOWS\SYSTEM32\CRYPT32.dll
0x673b0000 - 0x67419000 	C:\Program Files (x86)\Arduino\msvcp100.dll
0x67040000 - 0x670fe000 	C:\Program Files (x86)\Arduino\msvcr100.dll
0x279a0000 - 0x279d2000 	C:\Program Files (x86)\Arduino\lib\AStylej.dll
0x67010000 - 0x67034000 	C:\Program Files (x86)\Arduino\java\bin\dcpr.dll
0x74160000 - 0x741e4000 	C:\WINDOWS\SYSTEM32\clbcatq.dll
0x6b8a0000 - 0x6ba13000 	C:\WINDOWS\SYSTEM32\WindowsCodecs.dll
0x69a10000 - 0x69a51000 	C:\WINDOWS\system32\dataexchange.dll
0x65200000 - 0x6541a000 	C:\WINDOWS\system32\d3d11.dll
0x65150000 - 0x651f7000 	C:\WINDOWS\system32\dcomp.dll
0x69980000 - 0x69a03000 	C:\WINDOWS\system32\dxgi.dll
0x6f770000 - 0x6f83d000 	C:\WINDOWS\system32\twinapi.appcore.dll
0x67230000 - 0x67250000 	C:\Program Files (x86)\Arduino\java\bin\sunec.dll
0x67be0000 - 0x67be9000 	C:\Program Files (x86)\Arduino\java\bin\sunmscapi.dll
0x64690000 - 0x646a2000 	C:\WINDOWS\system32\napinsp.dll
0x62ef0000 - 0x62f06000 	C:\WINDOWS\system32\pnrpnsp.dll
0x6cba0000 - 0x6cbb4000 	C:\WINDOWS\system32\NLAapi.dll
0x62ee0000 - 0x62eeb000 	C:\WINDOWS\System32\winrnr.dll
0x62ec0000 - 0x62ed1000 	C:\WINDOWS\System32\wshbth.dll
0x64000000 - 0x6401b000 	C:\Users\Icaro\.jssc\windows\jSSC-2.8_x86.dll
0x6edd0000 - 0x6ef0f000 	C:\WINDOWS\SYSTEM32\dbghelp.dll

VM Arguments:
jvm_args: -Dsun.java2d.d3d=false -Djna.nosys=true -DAPP_DIR=C:\Program Files (x86)\Arduino -Xms128M -Xmx512M 
java_command: processing.app.Base C:\Users\Icaro\Documents\ieee-very-small\firmware\2016\radio_pipe\radio_pipe.ino
java_class_path (initial): C:\Program Files (x86)\Arduino\lib\apple.jar;C:\Program Files (x86)\Arduino\lib\arduino-core.jar;C:\Program Files (x86)\Arduino\lib\batik-1.8.jar;C:\Program Files (x86)\Arduino\lib\batik-anim-1.8.jar;C:\Program Files (x86)\Arduino\lib\batik-awt-util-1.8.jar;C:\Program Files (x86)\Arduino\lib\batik-bridge-1.8.jar;C:\Program Files (x86)\Arduino\lib\batik-codec-1.8.jar;C:\Program Files (x86)\Arduino\lib\batik-css-1.8.jar;C:\Program Files (x86)\Arduino\lib\batik-dom-1.8.jar;C:\Program Files (x86)\Arduino\lib\batik-ext-1.8.jar;C:\Program Files (x86)\Arduino\lib\batik-gvt-1.8.jar;C:\Program Files (x86)\Arduino\lib\batik-parser-1.8.jar;C:\Program Files (x86)\Arduino\lib\batik-rasterizer-1.8.jar;C:\Program Files (x86)\Arduino\lib\batik-script-1.8.jar;C:\Program Files (x86)\Arduino\lib\batik-squiggle-1.8.jar;C:\Program Files (x86)\Arduino\lib\batik-svg-dom-1.8.jar;C:\Program Files (x86)\Arduino\lib\batik-svgpp-1.8.jar;C:\Program Files (x86)\Arduino\lib\batik-transcoder-1.8.jar;C:\Program Files (x86)\Arduino\lib\batik-util-1.8.jar;C:\Program Files (x86)\Arduino\lib\batik-xml-1.8.jar;C:\Program Files (x86)\Arduino\lib\bcpg-jdk15on-152.jar;C:\Program Files (x86)\Arduino\lib\bcprov-jdk15on-152.jar;C:\Program Files (x86)\Arduino\lib\commons-codec-1.7.jar;C:\Program Files (x86)\Arduino\lib\commons-compress-1.8.jar;C:\Program Files (x86)\Arduino\lib\commons-exec-1.1.jar;C:\Program Files (x86)\Arduino\lib\commons-httpclient-3.1.jar;C:\Program Files (x86)\Arduino\lib\commons-lang3-3.3.2.jar;C:\Program Files (x86)\Arduino\lib\commons-logging-1.0.4.jar;C:\Program Files (x86)\Arduino\lib\commons-net-3.3.jar;C:\Program Files (x86)\Arduino\lib\jackson-annotations-2.6.3.jar;C:\Program Files (x86)\Arduino\lib\jackson-core-2.6.3.jar;C:\Program Files (x86)\Arduino\lib\jackson-databind-2.6.3.jar;C:\Program Files (x86)\Arduino\lib\jackson-module-mrbean-2.6.3.jar;C:\Program Files (x86)\Arduino\lib\java-semver-0.8.0.jar;C:\Program Files (x86)\Arduino\lib\jmdns-3.4.1.j
Launcher Type: SUN_STANDARD

Environment Variables:
JAVA_HOME=C:\Program Files (x86)\Java\jdk1.8.0_101
PATH=C:\Program Files (x86)\NVIDIA Corporation\PhysX\Common;C:\ProgramData\Oracle\Java\javapath;C:\Program Files\Haskell\bin;C:\Program Files\Haskell Platform\7.10.2-a\lib\extralibs\bin;C:\Program Files\Haskell Platform\7.10.2-a\bin;C:\Program Files (x86)\Rockwell Software\RSCommon;C:\Program Files (x86)\Intel\iCLS Client\;C:\Program Files\Intel\iCLS Client\;C:\WINDOWS\system32;C:\WINDOWS;C:\WINDOWS\System32\Wbem;C:\WINDOWS\System32\WindowsPowerShell\v1.0\;C:\Program Files\Intel\Intel(R) Management Engine Components\DAL;C:\Program Files (x86)\Intel\Intel(R) Management Engine Components\DAL;C:\Program Files\Intel\Intel(R) Management Engine Components\IPT;C:\Program Files (x86)\Intel\Intel(R) Management Engine Components\IPT;C:\Program Files\Samsung\SamsungLink\AllShare Framework DMS\bin\;C:\Program Files\Haskell Platform\7.10.2-a\mingw\bin;C:\Program Files (x86)\GtkSharp\2.12\bin;C:\Program Files\nodejs\;C:\Program Files\MATLAB\R2011a\runtime\win64;C:\Program Files\MATLAB\R2011a\bin;C:\Program Files (x86)\Java\jdk1.8.0_101\bin;C:\Program Files (x86)\Skype\Phone\;C:\Users\Icaro\AppData\Local\Programs\Python\Python35-32\Scripts\;C:\Users\Icaro\AppData\Local\Programs\Python\Python35-32\;C:\Users\Icaro\AppData\Roaming\cabal\bin;C:\Users\Icaro\AppData\Roaming\npm;C:\Users\Icaro\AppData\Local\.meteor\;C:\Program Files (x86)\Arduino\java\bin
USERNAME=Icaro
OS=Windows_NT
PROCESSOR_IDENTIFIER=Intel64 Family 6 Model 61 Stepping 4, GenuineIntel



---------------  S Y S T E M  ---------------

OS: Windows 10.0 , 64 bit Build 10586 (10.0.10586.0)

CPU:total 4 (2 cores per cpu, 2 threads per core) family 6 model 61 stepping 4, cmov, cx8, fxsr, mmx, sse, sse2, sse3, ssse3, sse4.1, sse4.2, popcnt, avx, avx2, aes, clmul, erms, 3dnowpref, lzcnt, ht, tsc, tscinvbit, bmi1, bmi2, adx

Memory: 4k page, physical 8301656k(4044468k free), swap 11054168k(5173784k free)

vm_info: Java HotSpot(TM) Client VM (25.92-b14) for windows-x86 JRE (1.8.0_92-b14), built on Mar 31 2016 21:09:21 by "java_re" with MS VC++ 10.0 (VS2010)

time: Thu Sep 29 10:33:39 2016
elapsed time: 158 seconds (0d 0h 2m 38s)

