#
# A fatal error has been detected by the Java Runtime Environment:
#
#  EXCEPTION_ACCESS_VIOLATION (0xc0000005) at pc=0x617493cd, pid=6252, tid=0x00001c5c
#
# JRE version: Java(TM) SE Runtime Environment (8.0_92-b14) (build 1.8.0_92-b14)
# Java VM: Java HotSpot(TM) Client VM (25.92-b14 mixed mode windows-x86 )
# Problematic frame:
# C  [listSerialsj.dll+0x93cd]
#
# Failed to write core dump. Minidumps are not enabled by default on client versions of Windows
#
# If you would like to submit a bug report, please visit:
#   http://bugreport.java.com/bugreport/crash.jsp
# The crash happened outside the Java Virtual Machine in native code.
# See problematic frame for where to report the bug.
#

---------------  T H R E A D  ---------------

Current thread (0x25695c00):  JavaThread "cc.arduino.packages.discoverers.serial.SerialBoardsLister" [_thread_in_native, id=7260, stack(0x26050000,0x260a0000)]

siginfo: ExceptionCode=0xc0000005, writing address 0x00000000

Registers:
EAX=0x00000000, EBX=0x00000944, ECX=0x00000000, EDX=0x00000001
ESP=0x2609eb00, EBP=0x2609ef58, ESI=0x00000001, EDI=0x00861e20
EIP=0x617493cd, EFLAGS=0x00010246

Top of Stack: (sp=0x2609eb00)
0x2609eb00:   003ce770 0000002e 00000002 00000000
0x2609eb10:   00000003 00000000 00000000 00000000
0x2609eb20:   2609f2cc 2609f2c8 0000006c 76a8a4c0
0x2609eb30:   282a6a70 0009f20c 00861f08 0000006d
0x2609eb40:   2609f218 2609f21c 0000002d 00000002
0x2609eb50:   00000001 0000006c 0000003a 0000008e
0x2609eb60:   008ef238 00000000 354d4f43 0009f200
0x2609eb70:   00425355 fffffffe 766cbfe5 617419bf 

Instructions: (pc=0x617493cd)
0x617493ad:   8b 45 08 8b 90 94 00 00 00 85 d2 74 16 8b 40 2c
0x617493bd:   c7 44 24 04 2e 00 00 00 89 04 24 e8 73 14 00 00
0x617493cd:   c6 00 00 8d 85 04 fc ff ff 89 44 24 18 8d 85 0a
0x617493dd:   fc ff ff 89 44 24 10 a1 e4 01 75 61 c7 85 04 fc 


Register to memory mapping:

EAX=0x00000000 is an unknown value
EBX=0x00000944 is an unknown value
ECX=0x00000000 is an unknown value
EDX=0x00000001 is an unknown value
ESP=0x2609eb00 is pointing into the stack for thread: 0x25695c00
EBP=0x2609ef58 is pointing into the stack for thread: 0x25695c00
ESI=0x00000001 is an unknown value
EDI=0x00861e20 is an unknown value


Stack: [0x26050000,0x260a0000],  sp=0x2609eb00,  free space=314k
Native frames: (J=compiled Java code, j=interpreted, Vv=VM code, C=native code)
C  [listSerialsj.dll+0x93cd]
C  [listSerialsj.dll+0x2211]

Java frames: (J=compiled Java code, j=interpreted, Vv=VM code)
j  processing.app.Platform.listSerialsNative()[Ljava/lang/String;+0
j  processing.app.Platform.listSerials()Ljava/util/List;+5
j  cc.arduino.packages.discoverers.serial.SerialBoardsLister.retriggerDiscovery(Z)V+22
j  cc.arduino.packages.discoverers.serial.SerialBoardsLister.run()V+9
J 3094% C1 java.util.TimerThread.mainLoop()V (232 bytes) @ 0x026c6d94 [0x026c6960+0x434]
j  java.util.TimerThread.run()V+1
v  ~StubRoutines::call_stub

---------------  P R O C E S S  ---------------

Java Threads: ( => current thread )
  0x26d03800 JavaThread "EventThread COM3" [_thread_in_native, id=4780, stack(0x26620000,0x26670000)]
  0x26d03000 JavaThread "DestroyJavaVM" [_thread_blocked, id=2528, stack(0x020a0000,0x020f0000)]
  0x268c4000 JavaThread "TimerQueue" daemon [_thread_blocked, id=4596, stack(0x27f00000,0x27f50000)]
  0x268c6400 JavaThread "Batik CleanerThread" daemon [_thread_blocked, id=7256, stack(0x279a0000,0x279f0000)]
  0x268c5400 JavaThread "AWT-EventQueue-0" [_thread_blocked, id=8060, stack(0x278c0000,0x27910000)]
  0x268c4800 JavaThread "AWT-Shutdown" [_thread_blocked, id=4008, stack(0x27830000,0x27880000)]
  0x268c6000 JavaThread "JmDNS(ulisses.local.).Timer" daemon [_thread_blocked, id=6652, stack(0x276a0000,0x276f0000)]
  0x268c5800 JavaThread "JmDNS(ulisses.local.).State.Timer" [_thread_blocked, id=7872, stack(0x27610000,0x27660000)]
  0x268c3400 JavaThread "JmDNS(ulisses.local.).Timer" daemon [_thread_blocked, id=8028, stack(0x27580000,0x275d0000)]
  0x268c2c00 JavaThread "SocketListener(ulisses.local.)" daemon [_thread_in_native, id=8888, stack(0x25ae0000,0x25b30000)]
  0x268c4c00 JavaThread "JmDNS(ulisses.local.).Timer" daemon [_thread_blocked, id=2012, stack(0x272f0000,0x27340000)]
  0x25908800 JavaThread "JmDNS(ulisses.local.).State.Timer" [_thread_blocked, id=8596, stack(0x27260000,0x272b0000)]
  0x268b7800 JavaThread "JmDNS(ulisses.local.).Timer" daemon [_thread_blocked, id=8304, stack(0x271d0000,0x27220000)]
  0x2590e400 JavaThread "SocketListener(ulisses.local.)" daemon [_thread_in_native, id=1912, stack(0x26480000,0x264d0000)]
  0x256ec800 JavaThread "cc.arduino.packages.discoverers.network.BoardReachabilityFilter" [_thread_blocked, id=7996, stack(0x26170000,0x261c0000)]
  0x256cb000 JavaThread "cc.arduino.packages.discoverers.network.NetworkChecker" [_thread_blocked, id=2236, stack(0x260e0000,0x26130000)]
=>0x25695c00 JavaThread "cc.arduino.packages.discoverers.serial.SerialBoardsLister" [_thread_in_native, id=7260, stack(0x26050000,0x260a0000)]
  0x25645800 JavaThread "AWT-Windows" daemon [_thread_in_native, id=6912, stack(0x25b70000,0x25bc0000)]
  0x25644000 JavaThread "Java2D Disposer" daemon [_thread_blocked, id=3216, stack(0x25a50000,0x25aa0000)]
  0x250b1800 JavaThread "Service Thread" daemon [_thread_blocked, id=9208, stack(0x25430000,0x25480000)]
  0x250bc400 JavaThread "C1 CompilerThread0" daemon [_thread_blocked, id=7404, stack(0x253a0000,0x253f0000)]
  0x250ba400 JavaThread "Attach Listener" daemon [_thread_blocked, id=8736, stack(0x25310000,0x25360000)]
  0x250b8400 JavaThread "Signal Dispatcher" daemon [_thread_blocked, id=7624, stack(0x25280000,0x252d0000)]
  0x2509a800 JavaThread "Finalizer" daemon [_thread_blocked, id=2864, stack(0x24ba0000,0x24bf0000)]
  0x25084800 JavaThread "Reference Handler" daemon [_thread_blocked, id=3668, stack(0x24610000,0x24660000)]

Other Threads:
  0x0209dc00 VMThread [stack: 0x245c0000,0x24610000] [id=2840]
  0x250b5c00 WatcherThread [stack: 0x254c0000,0x25510000] [id=4624]

VM state:not at safepoint (normal execution)

VM Mutex/Monitor currently owned by a thread: None

Heap:
 def new generation   total 39424K, used 7501K [0x04400000, 0x06ec0000, 0x0eea0000)
  eden space 35072K,  15% used [0x04400000, 0x04971ac0, 0x06640000)
  from space 4352K,  44% used [0x06a80000, 0x06c61c10, 0x06ec0000)
  to   space 4352K,   0% used [0x06640000, 0x06640000, 0x06a80000)
 tenured generation   total 87424K, used 29691K [0x0eea0000, 0x14400000, 0x24400000)
   the space 87424K,  33% used [0x0eea0000, 0x10b9ec30, 0x10b9ee00, 0x14400000)
 Metaspace       used 18552K, capacity 19045K, committed 19072K, reserved 19840K

Card table byte_map: [0x24400000,0x24510000] byte_map_base: 0x243de000

Polling page: 0x00740000

CodeCache: size=32768Kb used=1653Kb max_used=4186Kb free=31115Kb
 bounds [0x022f0000, 0x02708000, 0x042f0000]
 total_blobs=1072 nmethods=794 adapters=207
 compilation: enabled

Compilation events (10 events):
Event: 4485.443 Thread 0x250bc400 7701             java.util.HashMap::get (23 bytes)
Event: 4485.443 Thread 0x250bc400 nmethod 7701 0x02479588 code [0x024796a0, 0x024797a8]
Event: 4485.712 Thread 0x250bc400 7702   !         javax.swing.TimerQueue::addTimer (82 bytes)
Event: 4485.712 Thread 0x250bc400 nmethod 7702 0x024bcf08 code [0x024bd040, 0x024bd1a0]
Event: 4488.520 Thread 0x250bc400 7703             java.util.HashMap$HashIterator::nextNode (100 bytes)
Event: 4488.520 Thread 0x250bc400 nmethod 7703 0x02557388 code [0x025574b0, 0x025576a8]
Event: 4498.531 Thread 0x250bc400 7704             sun.java2d.SunGraphics2D::getSurfaceData (5 bytes)
Event: 4498.531 Thread 0x250bc400 nmethod 7704 0x025571c8 code [0x025572c0, 0x02557340]
Event: 4503.321 Thread 0x250bc400 7705  s          processing.app.Platform::resolveDeviceByVendorIdProductId (360 bytes)
Event: 4503.323 Thread 0x250bc400 nmethod 7705 0x02644e88 code [0x02645210, 0x02645f14]

GC Heap History (10 events):
Event: 2889.063 GC heap before
{Heap before GC invocations=13 (full 1):
 def new generation   total 39424K, used 36936K [0x04400000, 0x06ec0000, 0x0eea0000)
  eden space 35072K, 100% used [0x04400000, 0x06640000, 0x06640000)
  from space 4352K,  42% used [0x06640000, 0x06812008, 0x06a80000)
  to   space 4352K,   0% used [0x06a80000, 0x06a80000, 0x06ec0000)
 tenured generation   total 87424K, used 28884K [0x0eea0000, 0x14400000, 0x24400000)
   the space 87424K,  33% used [0x0eea0000, 0x10ad52f8, 0x10ad5400, 0x14400000)
 Metaspace       used 18551K, capacity 19045K, committed 19072K, reserved 19840K
Event: 2889.069 GC heap after
Heap after GC invocations=14 (full 1):
 def new generation   total 39424K, used 1965K [0x04400000, 0x06ec0000, 0x0eea0000)
  eden space 35072K,   0% used [0x04400000, 0x04400000, 0x06640000)
  from space 4352K,  45% used [0x06a80000, 0x06c6b788, 0x06ec0000)
  to   space 4352K,   0% used [0x06640000, 0x06640000, 0x06a80000)
 tenured generation   total 87424K, used 28884K [0x0eea0000, 0x14400000, 0x24400000)
   the space 87424K,  33% used [0x0eea0000, 0x10ad52f8, 0x10ad5400, 0x14400000)
 Metaspace       used 18551K, capacity 19045K, committed 19072K, reserved 19840K
}
Event: 3192.998 GC heap before
{Heap before GC invocations=14 (full 1):
 def new generation   total 39424K, used 37037K [0x04400000, 0x06ec0000, 0x0eea0000)
  eden space 35072K, 100% used [0x04400000, 0x06640000, 0x06640000)
  from space 4352K,  45% used [0x06a80000, 0x06c6b788, 0x06ec0000)
  to   space 4352K,   0% used [0x06640000, 0x06640000, 0x06a80000)
 tenured generation   total 87424K, used 28884K [0x0eea0000, 0x14400000, 0x24400000)
   the space 87424K,  33% used [0x0eea0000, 0x10ad52f8, 0x10ad5400, 0x14400000)
 Metaspace       used 18551K, capacity 19045K, committed 19072K, reserved 19840K
Event: 3193.004 GC heap after
Heap after GC invocations=15 (full 1):
 def new generation   total 39424K, used 2249K [0x04400000, 0x06ec0000, 0x0eea0000)
  eden space 35072K,   0% used [0x04400000, 0x04400000, 0x06640000)
  from space 4352K,  51% used [0x06640000, 0x068725a8, 0x06a80000)
  to   space 4352K,   0% used [0x06a80000, 0x06a80000, 0x06ec0000)
 tenured generation   total 87424K, used 28884K [0x0eea0000, 0x14400000, 0x24400000)
   the space 87424K,  33% used [0x0eea0000, 0x10ad52f8, 0x10ad5400, 0x14400000)
 Metaspace       used 18551K, capacity 19045K, committed 19072K, reserved 19840K
}
Event: 3507.934 GC heap before
{Heap before GC invocations=15 (full 1):
 def new generation   total 39424K, used 37321K [0x04400000, 0x06ec0000, 0x0eea0000)
  eden space 35072K, 100% used [0x04400000, 0x06640000, 0x06640000)
  from space 4352K,  51% used [0x06640000, 0x068725a8, 0x06a80000)
  to   space 4352K,   0% used [0x06a80000, 0x06a80000, 0x06ec0000)
 tenured generation   total 87424K, used 28884K [0x0eea0000, 0x14400000, 0x24400000)
   the space 87424K,  33% used [0x0eea0000, 0x10ad52f8, 0x10ad5400, 0x14400000)
 Metaspace       used 18552K, capacity 19045K, committed 19072K, reserved 19840K
Event: 3507.941 GC heap after
Heap after GC invocations=16 (full 1):
 def new generation   total 39424K, used 2383K [0x04400000, 0x06ec0000, 0x0eea0000)
  eden space 35072K,   0% used [0x04400000, 0x04400000, 0x06640000)
  from space 4352K,  54% used [0x06a80000, 0x06cd3eb8, 0x06ec0000)
  to   space 4352K,   0% used [0x06640000, 0x06640000, 0x06a80000)
 tenured generation   total 87424K, used 29048K [0x0eea0000, 0x14400000, 0x24400000)
   the space 87424K,  33% used [0x0eea0000, 0x10afe3e8, 0x10afe400, 0x14400000)
 Metaspace       used 18552K, capacity 19045K, committed 19072K, reserved 19840K
}
Event: 3949.063 GC heap before
{Heap before GC invocations=16 (full 1):
 def new generation   total 39424K, used 37455K [0x04400000, 0x06ec0000, 0x0eea0000)
  eden space 35072K, 100% used [0x04400000, 0x06640000, 0x06640000)
  from space 4352K,  54% used [0x06a80000, 0x06cd3eb8, 0x06ec0000)
  to   space 4352K,   0% used [0x06640000, 0x06640000, 0x06a80000)
 tenured generation   total 87424K, used 29048K [0x0eea0000, 0x14400000, 0x24400000)
   the space 87424K,  33% used [0x0eea0000, 0x10afe3e8, 0x10afe400, 0x14400000)
 Metaspace       used 18552K, capacity 19045K, committed 19072K, reserved 19840K
Event: 3949.070 GC heap after
Heap after GC invocations=17 (full 1):
 def new generation   total 39424K, used 2415K [0x04400000, 0x06ec0000, 0x0eea0000)
  eden space 35072K,   0% used [0x04400000, 0x04400000, 0x06640000)
  from space 4352K,  55% used [0x06640000, 0x0689bca0, 0x06a80000)
  to   space 4352K,   0% used [0x06a80000, 0x06a80000, 0x06ec0000)
 tenured generation   total 87424K, used 29267K [0x0eea0000, 0x14400000, 0x24400000)
   the space 87424K,  33% used [0x0eea0000, 0x10b34e40, 0x10b35000, 0x14400000)
 Metaspace       used 18552K, capacity 19045K, committed 19072K, reserved 19840K
}
Event: 4435.142 GC heap before
{Heap before GC invocations=17 (full 1):
 def new generation   total 39424K, used 37487K [0x04400000, 0x06ec0000, 0x0eea0000)
  eden space 35072K, 100% used [0x04400000, 0x06640000, 0x06640000)
  from space 4352K,  55% used [0x06640000, 0x0689bca0, 0x06a80000)
  to   space 4352K,   0% used [0x06a80000, 0x06a80000, 0x06ec0000)
 tenured generation   total 87424K, used 29267K [0x0eea0000, 0x14400000, 0x24400000)
   the space 87424K,  33% used [0x0eea0000, 0x10b34e40, 0x10b35000, 0x14400000)
 Metaspace       used 18552K, capacity 19045K, committed 19072K, reserved 19840K
Event: 4435.149 GC heap after
Heap after GC invocations=18 (full 1):
 def new generation   total 39424K, used 1927K [0x04400000, 0x06ec0000, 0x0eea0000)
  eden space 35072K,   0% used [0x04400000, 0x04400000, 0x06640000)
  from space 4352K,  44% used [0x06a80000, 0x06c61c10, 0x06ec0000)
  to   space 4352K,   0% used [0x06640000, 0x06640000, 0x06a80000)
 tenured generation   total 87424K, used 29691K [0x0eea0000, 0x14400000, 0x24400000)
   the space 87424K,  33% used [0x0eea0000, 0x10b9ec30, 0x10b9ee00, 0x14400000)
 Metaspace       used 18552K, capacity 19045K, committed 19072K, reserved 19840K
}

Deoptimization events (0 events):
No events

Internal exceptions (10 events):
Event: 16.216 Thread 0x268c5400 Exception <a 'sun/nio/fs/WindowsException'> (0x062b28e0) thrown at [C:\workspace\8-2-build-windows-i586-cygwin\jdk8u92\6642\hotspot\src\share\vm\prims\jni.cpp, line 709]
Event: 16.217 Thread 0x268c5400 Exception <a 'sun/nio/fs/WindowsException'> (0x062c8008) thrown at [C:\workspace\8-2-build-windows-i586-cygwin\jdk8u92\6642\hotspot\src\share\vm\prims\jni.cpp, line 709]
Event: 16.217 Thread 0x268c5400 Exception <a 'sun/nio/fs/WindowsException'> (0x062c87c8) thrown at [C:\workspace\8-2-build-windows-i586-cygwin\jdk8u92\6642\hotspot\src\share\vm\prims\jni.cpp, line 709]
Event: 16.218 Thread 0x268c5400 Exception <a 'sun/nio/fs/WindowsException'> (0x062d5648) thrown at [C:\workspace\8-2-build-windows-i586-cygwin\jdk8u92\6642\hotspot\src\share\vm\prims\jni.cpp, line 709]
Event: 16.218 Thread 0x268c5400 Exception <a 'sun/nio/fs/WindowsException'> (0x062d5e80) thrown at [C:\workspace\8-2-build-windows-i586-cygwin\jdk8u92\6642\hotspot\src\share\vm\prims\jni.cpp, line 709]
Event: 16.219 Thread 0x268c5400 Exception <a 'sun/nio/fs/WindowsException'> (0x062e0fd8) thrown at [C:\workspace\8-2-build-windows-i586-cygwin\jdk8u92\6642\hotspot\src\share\vm\prims\jni.cpp, line 709]
Event: 16.219 Thread 0x268c5400 Exception <a 'sun/nio/fs/WindowsException'> (0x062e1720) thrown at [C:\workspace\8-2-build-windows-i586-cygwin\jdk8u92\6642\hotspot\src\share\vm\prims\jni.cpp, line 709]
Event: 16.220 Thread 0x268c5400 Exception <a 'sun/nio/fs/WindowsException'> (0x062f2bc0) thrown at [C:\workspace\8-2-build-windows-i586-cygwin\jdk8u92\6642\hotspot\src\share\vm\prims\jni.cpp, line 709]
Event: 16.220 Thread 0x268c5400 Exception <a 'sun/nio/fs/WindowsException'> (0x062f7330) thrown at [C:\workspace\8-2-build-windows-i586-cygwin\jdk8u92\6642\hotspot\src\share\vm\prims\jni.cpp, line 709]
Event: 63.489 Thread 0x26cfd800 Exception <a 'java/net/UnknownHostException': downloads.arduino.cc> (0x04cee060) thrown at [C:\workspace\8-2-build-windows-i586-cygwin\jdk8u92\6642\hotspot\src\share\vm\prims\jni.cpp, line 735]

Events (10 events):
Event: 4498.531 Thread 0x250bc400 flushing nmethod 0x02512808
Event: 4503.323 Thread 0x250bc400 flushing nmethod 0x02630dc8
Event: 4503.323 Thread 0x250bc400 flushing nmethod 0x02630f88
Event: 4503.323 Thread 0x250bc400 flushing nmethod 0x026314c8
Event: 4503.323 Thread 0x250bc400 flushing nmethod 0x0266f988
Event: 4503.323 Thread 0x250bc400 flushing nmethod 0x0266fb88
Event: 4503.323 Thread 0x250bc400 flushing nmethod 0x0266fd88
Event: 4503.323 Thread 0x250bc400 flushing nmethod 0x026a5a88
Event: 4503.323 Thread 0x250bc400 flushing nmethod 0x026a5c48
Event: 4503.323 Thread 0x250bc400 flushing nmethod 0x026a6f48


Dynamic libraries:
0x002a0000 - 0x002d3000 	C:\Program Files (x86)\Arduino\java\bin\javaw.exe
0x76ff0000 - 0x7716b000 	C:\WINDOWS\SYSTEM32\ntdll.dll
0x73da0000 - 0x73e80000 	C:\WINDOWS\SYSTEM32\KERNEL32.DLL
0x74b10000 - 0x74c8e000 	C:\WINDOWS\SYSTEM32\KERNELBASE.dll
0x741b0000 - 0x7422b000 	C:\WINDOWS\SYSTEM32\ADVAPI32.dll
0x76670000 - 0x7672e000 	C:\WINDOWS\SYSTEM32\msvcrt.dll
0x73e80000 - 0x73ec4000 	C:\WINDOWS\SYSTEM32\sechost.dll
0x743c0000 - 0x7446d000 	C:\WINDOWS\SYSTEM32\RPCRT4.dll
0x73d20000 - 0x73d3e000 	C:\WINDOWS\SYSTEM32\SspiCli.dll
0x73d10000 - 0x73d1a000 	C:\WINDOWS\SYSTEM32\CRYPTBASE.dll
0x768a0000 - 0x768f8000 	C:\WINDOWS\SYSTEM32\bcryptPrimitives.dll
0x74260000 - 0x743a7000 	C:\WINDOWS\SYSTEM32\USER32.dll
0x764c0000 - 0x7660f000 	C:\WINDOWS\SYSTEM32\GDI32.dll
0x71560000 - 0x7176f000 	C:\WINDOWS\WinSxS\x86_microsoft.windows.common-controls_6595b64144ccf1df_6.0.10586.0_none_d3c2e4e965da4528\COMCTL32.dll
0x73ff0000 - 0x741ad000 	C:\WINDOWS\SYSTEM32\combase.dll
0x74230000 - 0x7425b000 	C:\WINDOWS\SYSTEM32\IMM32.DLL
0x6cbb0000 - 0x6cc6f000 	C:\Program Files (x86)\Arduino\java\bin\msvcr100.dll
0x6c7e0000 - 0x6cbab000 	C:\Program Files (x86)\Arduino\java\bin\client\jvm.dll
0x743b0000 - 0x743b6000 	C:\WINDOWS\SYSTEM32\PSAPI.DLL
0x71cd0000 - 0x71cf4000 	C:\WINDOWS\SYSTEM32\WINMM.dll
0x73b70000 - 0x73b78000 	C:\WINDOWS\SYSTEM32\WSOCK32.dll
0x73910000 - 0x73918000 	C:\WINDOWS\SYSTEM32\VERSION.dll
0x73d40000 - 0x73d9f000 	C:\WINDOWS\SYSTEM32\WS2_32.dll
0x71ab0000 - 0x71ad3000 	C:\WINDOWS\SYSTEM32\WINMMBASE.dll
0x762e0000 - 0x76317000 	C:\WINDOWS\SYSTEM32\cfgmgr32.dll
0x6c7a0000 - 0x6c7d1000 	C:\Program Files (x86)\Arduino\java\bin\splashscreen.dll
0x71d20000 - 0x71d95000 	C:\WINDOWS\system32\uxtheme.dll
0x749f0000 - 0x74b0f000 	C:\WINDOWS\SYSTEM32\MSCTF.dll
0x6ffa0000 - 0x6ffac000 	C:\Program Files (x86)\Arduino\java\bin\verify.dll
0x6c770000 - 0x6c791000 	C:\Program Files (x86)\Arduino\java\bin\java.dll
0x6e010000 - 0x6e023000 	C:\Program Files (x86)\Arduino\java\bin\zip.dll
0x73f30000 - 0x73f3c000 	C:\WINDOWS\SYSTEM32\kernel.appcore.dll
0x74ca0000 - 0x7609e000 	C:\WINDOWS\SYSTEM32\SHELL32.dll
0x744f0000 - 0x749ea000 	C:\WINDOWS\SYSTEM32\windows.storage.dll
0x76610000 - 0x76655000 	C:\WINDOWS\SYSTEM32\shlwapi.dll
0x73f60000 - 0x73fed000 	C:\WINDOWS\SYSTEM32\shcore.dll
0x763d0000 - 0x76414000 	C:\WINDOWS\SYSTEM32\powrprof.dll
0x74c90000 - 0x74c9f000 	C:\WINDOWS\SYSTEM32\profapi.dll
0x6c530000 - 0x6c675000 	C:\Program Files (x86)\Arduino\java\bin\awt.dll
0x76330000 - 0x763c2000 	C:\WINDOWS\SYSTEM32\OLEAUT32.dll
0x72560000 - 0x725f2000 	C:\WINDOWS\system32\apphelp.dll
0x71c70000 - 0x71c8d000 	C:\WINDOWS\system32\dwmapi.dll
0x76e70000 - 0x76f5b000 	C:\WINDOWS\SYSTEM32\ole32.dll
0x6df70000 - 0x6df86000 	C:\Program Files (x86)\Arduino\java\bin\net.dll
0x72460000 - 0x724af000 	C:\WINDOWS\system32\mswsock.dll
0x736b0000 - 0x736df000 	C:\WINDOWS\SYSTEM32\IPHLPAPI.DLL
0x76320000 - 0x76327000 	C:\WINDOWS\SYSTEM32\NSI.dll
0x61740000 - 0x6176c000 	C:\Program Files (x86)\Arduino\lib\listSerialsj.dll
0x76a60000 - 0x76e6b000 	C:\WINDOWS\SYSTEM32\SETUPAPI.dll
0x70170000 - 0x70183000 	C:\WINDOWS\SYSTEM32\dhcpcsvc6.DLL
0x70150000 - 0x70164000 	C:\WINDOWS\SYSTEM32\dhcpcsvc.DLL
0x730b0000 - 0x730c3000 	C:\WINDOWS\SYSTEM32\CRYPTSP.dll
0x73060000 - 0x7308f000 	C:\WINDOWS\system32\rsaenh.dll
0x73090000 - 0x730ab000 	C:\WINDOWS\SYSTEM32\bcrypt.dll
0x72750000 - 0x72769000 	C:\WINDOWS\SYSTEM32\USERENV.dll
0x6f000000 - 0x6f00f000 	C:\Program Files (x86)\Arduino\java\bin\nio.dll
0x263f0000 - 0x2642d000 	C:\Users\Icaro\AppData\Local\Temp\jna-70463204\jna945218309584470259.dll
0x734e0000 - 0x73564000 	C:\WINDOWS\SYSTEM32\DNSAPI.dll
0x6ac90000 - 0x6acb1000 	C:\Program Files (x86)\Bonjour\mdnsNSP.dll
0x6ac80000 - 0x6ac88000 	C:\Windows\System32\rasadhlp.dll
0x6c4e0000 - 0x6c527000 	C:\WINDOWS\System32\fwpuclnt.dll
0x6c4a0000 - 0x6c4d9000 	C:\Program Files (x86)\Arduino\java\bin\fontmanager.dll
0x6c460000 - 0x6c492000 	C:\Program Files (x86)\Arduino\java\bin\t2k.dll
0x734b0000 - 0x734d2000 	C:\WINDOWS\SYSTEM32\DEVOBJ.dll
0x76230000 - 0x76272000 	C:\WINDOWS\SYSTEM32\WINTRUST.dll
0x76660000 - 0x7666e000 	C:\WINDOWS\SYSTEM32\MSASN1.dll
0x760a0000 - 0x76218000 	C:\WINDOWS\SYSTEM32\CRYPT32.dll
0x6c3c0000 - 0x6c429000 	C:\Program Files (x86)\Arduino\msvcp100.dll
0x6c300000 - 0x6c3be000 	C:\Program Files (x86)\Arduino\msvcr100.dll
0x27910000 - 0x27942000 	C:\Program Files (x86)\Arduino\lib\AStylej.dll
0x6c260000 - 0x6c284000 	C:\Program Files (x86)\Arduino\java\bin\dcpr.dll
0x76f60000 - 0x76fe4000 	C:\WINDOWS\SYSTEM32\clbcatq.dll
0x67150000 - 0x672c3000 	C:\WINDOWS\SYSTEM32\WindowsCodecs.dll
0x67de0000 - 0x67e21000 	C:\WINDOWS\system32\dataexchange.dll
0x67870000 - 0x67917000 	C:\WINDOWS\system32\dcomp.dll
0x67920000 - 0x67b3a000 	C:\WINDOWS\system32\d3d11.dll
0x677e0000 - 0x67863000 	C:\WINDOWS\system32\dxgi.dll
0x6f3f0000 - 0x6f4bd000 	C:\WINDOWS\system32\twinapi.appcore.dll
0x64000000 - 0x6401b000 	C:\Users\Icaro\.jssc\windows\jSSC-2.8_x86.dll
0x6ebb0000 - 0x6ecef000 	C:\WINDOWS\SYSTEM32\dbghelp.dll

VM Arguments:
jvm_args: -Dsun.java2d.d3d=false -Djna.nosys=true -DAPP_DIR=C:\Program Files (x86)\Arduino -Xms128M -Xmx512M 
java_command: processing.app.Base C:\Users\Icaro\Documents\ieee-very-small\firmware\2016\radio_pipe\radio_pipe.ino
java_class_path (initial): C:\Program Files (x86)\Arduino\lib\apple.jar;C:\Program Files (x86)\Arduino\lib\arduino-core.jar;C:\Program Files (x86)\Arduino\lib\batik-1.8.jar;C:\Program Files (x86)\Arduino\lib\batik-anim-1.8.jar;C:\Program Files (x86)\Arduino\lib\batik-awt-util-1.8.jar;C:\Program Files (x86)\Arduino\lib\batik-bridge-1.8.jar;C:\Program Files (x86)\Arduino\lib\batik-codec-1.8.jar;C:\Program Files (x86)\Arduino\lib\batik-css-1.8.jar;C:\Program Files (x86)\Arduino\lib\batik-dom-1.8.jar;C:\Program Files (x86)\Arduino\lib\batik-ext-1.8.jar;C:\Program Files (x86)\Arduino\lib\batik-gvt-1.8.jar;C:\Program Files (x86)\Arduino\lib\batik-parser-1.8.jar;C:\Program Files (x86)\Arduino\lib\batik-rasterizer-1.8.jar;C:\Program Files (x86)\Arduino\lib\batik-script-1.8.jar;C:\Program Files (x86)\Arduino\lib\batik-squiggle-1.8.jar;C:\Program Files (x86)\Arduino\lib\batik-svg-dom-1.8.jar;C:\Program Files (x86)\Arduino\lib\batik-svgpp-1.8.jar;C:\Program Files (x86)\Arduino\lib\batik-transcoder-1.8.jar;C:\Program Files (x86)\Arduino\lib\batik-util-1.8.jar;C:\Program Files (x86)\Arduino\lib\batik-xml-1.8.jar;C:\Program Files (x86)\Arduino\lib\bcpg-jdk15on-152.jar;C:\Program Files (x86)\Arduino\lib\bcprov-jdk15on-152.jar;C:\Program Files (x86)\Arduino\lib\commons-codec-1.7.jar;C:\Program Files (x86)\Arduino\lib\commons-compress-1.8.jar;C:\Program Files (x86)\Arduino\lib\commons-exec-1.1.jar;C:\Program Files (x86)\Arduino\lib\commons-httpclient-3.1.jar;C:\Program Files (x86)\Arduino\lib\commons-lang3-3.3.2.jar;C:\Program Files (x86)\Arduino\lib\commons-logging-1.0.4.jar;C:\Program Files (x86)\Arduino\lib\commons-net-3.3.jar;C:\Program Files (x86)\Arduino\lib\jackson-annotations-2.6.3.jar;C:\Program Files (x86)\Arduino\lib\jackson-core-2.6.3.jar;C:\Program Files (x86)\Arduino\lib\jackson-databind-2.6.3.jar;C:\Program Files (x86)\Arduino\lib\jackson-module-mrbean-2.6.3.jar;C:\Program Files (x86)\Arduino\lib\java-semver-0.8.0.jar;C:\Program Files (x86)\Arduino\lib\jmdns-3.4.1.j
Launcher Type: SUN_STANDARD

Environment Variables:
JAVA_HOME=C:\Program Files (x86)\Java\jdk1.8.0_101
PATH=C:\Program Files (x86)\NVIDIA Corporation\PhysX\Common;C:\ProgramData\Oracle\Java\javapath;C:\Program Files\Haskell\bin;C:\Program Files\Haskell Platform\7.10.2-a\lib\extralibs\bin;C:\Program Files\Haskell Platform\7.10.2-a\bin;C:\Program Files (x86)\Rockwell Software\RSCommon;C:\Program Files (x86)\Intel\iCLS Client\;C:\Program Files\Intel\iCLS Client\;C:\WINDOWS\system32;C:\WINDOWS;C:\WINDOWS\System32\Wbem;C:\WINDOWS\System32\WindowsPowerShell\v1.0\;C:\Program Files\Intel\Intel(R) Management Engine Components\DAL;C:\Program Files (x86)\Intel\Intel(R) Management Engine Components\DAL;C:\Program Files\Intel\Intel(R) Management Engine Components\IPT;C:\Program Files (x86)\Intel\Intel(R) Management Engine Components\IPT;C:\Program Files\Samsung\SamsungLink\AllShare Framework DMS\bin\;C:\Program Files\Haskell Platform\7.10.2-a\mingw\bin;C:\Program Files (x86)\GtkSharp\2.12\bin;C:\Program Files\nodejs\;C:\Program Files\MATLAB\R2011a\runtime\win64;C:\Program Files\MATLAB\R2011a\bin;C:\Program Files (x86)\Java\jdk1.8.0_101\bin;C:\Program Files (x86)\Skype\Phone\;C:\Users\Icaro\AppData\Local\Programs\Python\Python35-32\Scripts\;C:\Users\Icaro\AppData\Local\Programs\Python\Python35-32\;C:\Users\Icaro\AppData\Roaming\cabal\bin;C:\Users\Icaro\AppData\Roaming\npm;C:\Users\Icaro\AppData\Local\.meteor\;C:\Program Files (x86)\Arduino\java\bin
USERNAME=Icaro
OS=Windows_NT
PROCESSOR_IDENTIFIER=Intel64 Family 6 Model 61 Stepping 4, GenuineIntel



---------------  S Y S T E M  ---------------

OS: Windows 10.0 , 64 bit Build 10586 (10.0.10586.0)

CPU:total 4 (2 cores per cpu, 2 threads per core) family 6 model 61 stepping 4, cmov, cx8, fxsr, mmx, sse, sse2, sse3, ssse3, sse4.1, sse4.2, popcnt, avx, avx2, aes, clmul, erms, 3dnowpref, lzcnt, ht, tsc, tscinvbit, bmi1, bmi2, adx

Memory: 4k page, physical 8301656k(5758832k free), swap 10529880k(7811308k free)

vm_info: Java HotSpot(TM) Client VM (25.92-b14) for windows-x86 JRE (1.8.0_92-b14), built on Mar 31 2016 21:09:21 by "java_re" with MS VC++ 10.0 (VS2010)

time: Sat Oct 08 16:15:20 2016
elapsed time: 4509 seconds (0d 1h 15m 9s)

