#
# A fatal error has been detected by the Java Runtime Environment:
#
#  EXCEPTION_ACCESS_VIOLATION (0xc0000005) at pc=0x617493cd, pid=8972, tid=0x0000240c
#
# JRE version: Java(TM) SE Runtime Environment (8.0_92-b14) (build 1.8.0_92-b14)
# Java VM: Java HotSpot(TM) Client VM (25.92-b14 mixed mode windows-x86 )
# Problematic frame:
# C  [listSerialsj.dll+0x93cd]
#
# Failed to write core dump. Minidumps are not enabled by default on client versions of Windows
#
# If you would like to submit a bug report, please visit:
#   http://bugreport.java.com/bugreport/crash.jsp
# The crash happened outside the Java Virtual Machine in native code.
# See problematic frame for where to report the bug.
#

---------------  T H R E A D  ---------------

Current thread (0x2575a800):  JavaThread "cc.arduino.packages.discoverers.serial.SerialBoardsLister" [_thread_in_native, id=9228, stack(0x26110000,0x26160000)]

siginfo: ExceptionCode=0xc0000005, writing address 0x00000000

Registers:
EAX=0x00000000, EBX=0x00000884, ECX=0x00000000, EDX=0x00000001
ESP=0x2615ea30, EBP=0x2615ee88, ESI=0x00000001, EDI=0x007c0528
EIP=0x617493cd, EFLAGS=0x00010246

Top of Stack: (sp=0x2615ea30)
0x2615ea30:   006d1160 0000002e 00000002 00000000
0x2615ea40:   00000003 00000000 00000000 00000000
0x2615ea50:   2615ea70 00741790 0000006c 76eda4c0
0x2615ea60:   006de800 005b7485 007c0440 0000006d
0x2615ea70:   775abff0 00000007 0000002e 00000002
0x2615ea80:   00000001 0000006c 0000003b 0000008e
0x2615ea90:   008eea7c 00000000 354d4f43 005ad100
0x2615eaa0:   00425355 fffffffe 775abfe5 617419bf 

Instructions: (pc=0x617493cd)
0x617493ad:   8b 45 08 8b 90 94 00 00 00 85 d2 74 16 8b 40 2c
0x617493bd:   c7 44 24 04 2e 00 00 00 89 04 24 e8 73 14 00 00
0x617493cd:   c6 00 00 8d 85 04 fc ff ff 89 44 24 18 8d 85 0a
0x617493dd:   fc ff ff 89 44 24 10 a1 e4 01 75 61 c7 85 04 fc 


Register to memory mapping:

EAX=0x00000000 is an unknown value
EBX=0x00000884 is an unknown value
ECX=0x00000000 is an unknown value
EDX=0x00000001 is an unknown value
ESP=0x2615ea30 is pointing into the stack for thread: 0x2575a800
EBP=0x2615ee88 is pointing into the stack for thread: 0x2575a800
ESI=0x00000001 is an unknown value
EDI=0x007c0528 is an unknown value


Stack: [0x26110000,0x26160000],  sp=0x2615ea30,  free space=314k
Native frames: (J=compiled Java code, j=interpreted, Vv=VM code, C=native code)
C  [listSerialsj.dll+0x93cd]
C  [listSerialsj.dll+0x2211]

Java frames: (J=compiled Java code, j=interpreted, Vv=VM code)
j  processing.app.Platform.listSerialsNative()[Ljava/lang/String;+0
j  processing.app.Platform.listSerials()Ljava/util/List;+5
j  cc.arduino.packages.discoverers.serial.SerialBoardsLister.retriggerDiscovery(Z)V+22
j  cc.arduino.packages.discoverers.serial.SerialBoardsLister.run()V+9
j  java.util.TimerThread.mainLoop()V+221
j  java.util.TimerThread.run()V+1
v  ~StubRoutines::call_stub

---------------  P R O C E S S  ---------------

Java Threads: ( => current thread )
  0x26ef3400 JavaThread "EventThread COM3" [_thread_in_native, id=11108, stack(0x00b00000,0x00b50000)]
  0x26ef5400 JavaThread "DestroyJavaVM" [_thread_blocked, id=9704, stack(0x00d90000,0x00de0000)]
  0x26ef2800 JavaThread "Timer-0" [_thread_blocked, id=9308, stack(0x02300000,0x02350000)]
  0x25990800 JavaThread "AWT-EventQueue-0" [_thread_blocked, id=10712, stack(0x28090000,0x280e0000)]
  0x2598fc00 JavaThread "AWT-Shutdown" [_thread_blocked, id=10136, stack(0x27960000,0x279b0000)]
  0x25992800 JavaThread "TimerQueue" daemon [_thread_blocked, id=8708, stack(0x26600000,0x26650000)]
  0x25991400 JavaThread "Batik CleanerThread" daemon [_thread_blocked, id=8628, stack(0x27c70000,0x27cc0000)]
  0x25993400 JavaThread "JmDNS(ulisses.local.).Timer" daemon [_thread_blocked, id=8444, stack(0x27620000,0x27670000)]
  0x25991c00 JavaThread "JmDNS(ulisses.local.).State.Timer" [_thread_blocked, id=1140, stack(0x27590000,0x275e0000)]
  0x25990000 JavaThread "JmDNS(ulisses.local.).Timer" daemon [_thread_blocked, id=8712, stack(0x27500000,0x27550000)]
  0x25991000 JavaThread "SocketListener(ulisses.local.)" daemon [_thread_in_native, id=10464, stack(0x25ba0000,0x25bf0000)]
  0x25992c00 JavaThread "JmDNS(ulisses.local.).Timer" daemon [_thread_blocked, id=8548, stack(0x26a70000,0x26ac0000)]
  0x259bc000 JavaThread "JmDNS(ulisses.local.).State.Timer" [_thread_blocked, id=8624, stack(0x269e0000,0x26a30000)]
  0x25965400 JavaThread "JmDNS(ulisses.local.).Timer" daemon [_thread_blocked, id=7288, stack(0x26950000,0x269a0000)]
  0x25964c00 JavaThread "SocketListener(ulisses.local.)" daemon [_thread_in_native, id=6044, stack(0x268c0000,0x26910000)]
  0x2575b400 JavaThread "cc.arduino.packages.discoverers.network.BoardReachabilityFilter" [_thread_blocked, id=856, stack(0x26230000,0x26280000)]
  0x2578f400 JavaThread "cc.arduino.packages.discoverers.network.NetworkChecker" [_thread_blocked, id=8228, stack(0x261a0000,0x261f0000)]
=>0x2575a800 JavaThread "cc.arduino.packages.discoverers.serial.SerialBoardsLister" [_thread_in_native, id=9228, stack(0x26110000,0x26160000)]
  0x25709000 JavaThread "AWT-Windows" daemon [_thread_in_native, id=10104, stack(0x25c30000,0x25c80000)]
  0x25708400 JavaThread "Java2D Disposer" daemon [_thread_blocked, id=9016, stack(0x25b10000,0x25b60000)]
  0x25102c00 JavaThread "Service Thread" daemon [_thread_blocked, id=8568, stack(0x254f0000,0x25540000)]
  0x2510b800 JavaThread "C1 CompilerThread0" daemon [_thread_blocked, id=8564, stack(0x25460000,0x254b0000)]
  0x2510a400 JavaThread "Attach Listener" daemon [_thread_blocked, id=9512, stack(0x253d0000,0x25420000)]
  0x25108400 JavaThread "Signal Dispatcher" daemon [_thread_blocked, id=10716, stack(0x24ce0000,0x24d30000)]
  0x250ea800 JavaThread "Finalizer" daemon [_thread_blocked, id=10584, stack(0x24c50000,0x24ca0000)]
  0x250d4800 JavaThread "Reference Handler" daemon [_thread_blocked, id=5696, stack(0x24c00000,0x24c50000)]

Other Threads:
  0x00c9dc00 VMThread [stack: 0x24bb0000,0x24c00000] [id=8944]
  0x25106800 WatcherThread [stack: 0x25580000,0x255d0000] [id=10288]

VM state:not at safepoint (normal execution)

VM Mutex/Monitor currently owned by a thread: None

Heap:
 def new generation   total 39424K, used 27371K [0x04600000, 0x070c0000, 0x0f0a0000)
  eden space 35072K,  67% used [0x04600000, 0x05cf3db0, 0x06840000)
  from space 4352K,  88% used [0x06c80000, 0x07046e58, 0x070c0000)
  to   space 4352K,   0% used [0x06840000, 0x06840000, 0x06c80000)
 tenured generation   total 87424K, used 24379K [0x0f0a0000, 0x14600000, 0x24600000)
   the space 87424K,  27% used [0x0f0a0000, 0x1086ef28, 0x1086f000, 0x14600000)
 Metaspace       used 18536K, capacity 19045K, committed 19072K, reserved 19840K

Card table byte_map: [0x044b0000,0x045c0000] byte_map_base: 0x0448d000

Polling page: 0x00600000

CodeCache: size=32768Kb used=4062Kb max_used=4062Kb free=28705Kb
 bounds [0x024b0000, 0x028b0000, 0x044b0000]
 total_blobs=2691 nmethods=2413 adapters=207
 compilation: enabled

Compilation events (10 events):
Event: 221.652 Thread 0x2510b800 2450             javax.swing.JComponent::processKeyBindings (236 bytes)
Event: 221.656 Thread 0x2510b800 nmethod 2450 0x028a5e08 code [0x028a6020, 0x028a6c2c]
Event: 221.803 Thread 0x2510b800 2451             javax.swing.JComponent::processKeyBinding (78 bytes)
Event: 221.803 Thread 0x2510b800 nmethod 2451 0x028a7588 code [0x028a76b0, 0x028a7860]
Event: 232.765 Thread 0x2510b800 2452             java.util.IdentityHashMap$IdentityHashMapIterator::<init> (6 bytes)
Event: 232.766 Thread 0x2510b800 nmethod 2452 0x028a7988 code [0x028a7a80, 0x028a7b0c]
Event: 232.767 Thread 0x2510b800 2453             java.util.IdentityHashMap$IdentityHashMapIterator::<init> (63 bytes)
Event: 232.767 Thread 0x2510b800 nmethod 2453 0x028a7b88 code [0x028a7c80, 0x028a7d60]
Event: 249.138 Thread 0x2510b800 2454 %           java.awt.EventDispatchThread::pumpEventsForFilter @ 10 (47 bytes)
Event: 249.140 Thread 0x2510b800 nmethod 2454% 0x028a7e48 code [0x028a7f80, 0x028a8170]

GC Heap History (10 events):
Event: 1.693 GC heap before
{Heap before GC invocations=1 (full 0):
 def new generation   total 39296K, used 39296K [0x04600000, 0x070a0000, 0x0f0a0000)
  eden space 34944K, 100% used [0x04600000, 0x06820000, 0x06820000)
  from space 4352K, 100% used [0x06c60000, 0x070a0000, 0x070a0000)
  to   space 4352K,   0% used [0x06820000, 0x06820000, 0x06c60000)
 tenured generation   total 87424K, used 2789K [0x0f0a0000, 0x14600000, 0x24600000)
   the space 87424K,   3% used [0x0f0a0000, 0x0f3596e8, 0x0f359800, 0x14600000)
 Metaspace       used 11471K, capacity 11867K, committed 11904K, reserved 12672K
Event: 1.712 GC heap after
Heap after GC invocations=2 (full 0):
 def new generation   total 39296K, used 4352K [0x04600000, 0x070a0000, 0x0f0a0000)
  eden space 34944K,   0% used [0x04600000, 0x04600000, 0x06820000)
  from space 4352K, 100% used [0x06820000, 0x06c60000, 0x06c60000)
  to   space 4352K,   0% used [0x06c60000, 0x06c60000, 0x070a0000)
 tenured generation   total 87424K, used 8372K [0x0f0a0000, 0x14600000, 0x24600000)
   the space 87424K,   9% used [0x0f0a0000, 0x0f8cd0a8, 0x0f8cd200, 0x14600000)
 Metaspace       used 11471K, capacity 11867K, committed 11904K, reserved 12672K
}
Event: 2.006 GC heap before
{Heap before GC invocations=2 (full 0):
 def new generation   total 39296K, used 19865K [0x04600000, 0x070a0000, 0x0f0a0000)
  eden space 34944K,  44% used [0x04600000, 0x055266a8, 0x06820000)
  from space 4352K, 100% used [0x06820000, 0x06c60000, 0x06c60000)
  to   space 4352K,   0% used [0x06c60000, 0x06c60000, 0x070a0000)
 tenured generation   total 87424K, used 8372K [0x0f0a0000, 0x14600000, 0x24600000)
   the space 87424K,   9% used [0x0f0a0000, 0x0f8cd0a8, 0x0f8cd200, 0x14600000)
 Metaspace       used 11858K, capacity 12251K, committed 12288K, reserved 12672K
Event: 2.030 GC heap after
Heap after GC invocations=3 (full 1):
 def new generation   total 39424K, used 0K [0x04600000, 0x070c0000, 0x0f0a0000)
  eden space 35072K,   0% used [0x04600000, 0x04600000, 0x06840000)
  from space 4352K,   0% used [0x06840000, 0x06840000, 0x06c80000)
  to   space 4352K,   0% used [0x06c80000, 0x06c80000, 0x070c0000)
 tenured generation   total 87424K, used 13197K [0x0f0a0000, 0x14600000, 0x24600000)
   the space 87424K,  15% used [0x0f0a0000, 0x0fd836f8, 0x0fd83800, 0x14600000)
 Metaspace       used 11858K, capacity 12251K, committed 12288K, reserved 12672K
}
Event: 3.093 GC heap before
{Heap before GC invocations=3 (full 1):
 def new generation   total 39424K, used 35072K [0x04600000, 0x070c0000, 0x0f0a0000)
  eden space 35072K, 100% used [0x04600000, 0x06840000, 0x06840000)
  from space 4352K,   0% used [0x06840000, 0x06840000, 0x06c80000)
  to   space 4352K,   0% used [0x06c80000, 0x06c80000, 0x070c0000)
 tenured generation   total 87424K, used 13197K [0x0f0a0000, 0x14600000, 0x24600000)
   the space 87424K,  15% used [0x0f0a0000, 0x0fd836f8, 0x0fd83800, 0x14600000)
 Metaspace       used 15724K, capacity 16161K, committed 16256K, reserved 16768K
Event: 3.103 GC heap after
Heap after GC invocations=4 (full 1):
 def new generation   total 39424K, used 4352K [0x04600000, 0x070c0000, 0x0f0a0000)
  eden space 35072K,   0% used [0x04600000, 0x04600000, 0x06840000)
  from space 4352K, 100% used [0x06c80000, 0x070c0000, 0x070c0000)
  to   space 4352K,   0% used [0x06840000, 0x06840000, 0x06c80000)
 tenured generation   total 87424K, used 14671K [0x0f0a0000, 0x14600000, 0x24600000)
   the space 87424K,  16% used [0x0f0a0000, 0x0fef3f80, 0x0fef4000, 0x14600000)
 Metaspace       used 15724K, capacity 16161K, committed 16256K, reserved 16768K
}
Event: 28.648 GC heap before
{Heap before GC invocations=4 (full 1):
 def new generation   total 39424K, used 39424K [0x04600000, 0x070c0000, 0x0f0a0000)
  eden space 35072K, 100% used [0x04600000, 0x06840000, 0x06840000)
  from space 4352K, 100% used [0x06c80000, 0x070c0000, 0x070c0000)
  to   space 4352K,   0% used [0x06840000, 0x06840000, 0x06c80000)
 tenured generation   total 87424K, used 14671K [0x0f0a0000, 0x14600000, 0x24600000)
   the space 87424K,  16% used [0x0f0a0000, 0x0fef3f80, 0x0fef4000, 0x14600000)
 Metaspace       used 17631K, capacity 18117K, committed 18176K, reserved 18816K
Event: 28.671 GC heap after
Heap after GC invocations=5 (full 1):
 def new generation   total 39424K, used 4352K [0x04600000, 0x070c0000, 0x0f0a0000)
  eden space 35072K,   0% used [0x04600000, 0x04600000, 0x06840000)
  from space 4352K, 100% used [0x06840000, 0x06c80000, 0x06c80000)
  to   space 4352K,   0% used [0x06c80000, 0x06c80000, 0x070c0000)
 tenured generation   total 87424K, used 20051K [0x0f0a0000, 0x14600000, 0x24600000)
   the space 87424K,  22% used [0x0f0a0000, 0x10434f30, 0x10435000, 0x14600000)
 Metaspace       used 17631K, capacity 18117K, committed 18176K, reserved 18816K
}
Event: 63.445 GC heap before
{Heap before GC invocations=5 (full 1):
 def new generation   total 39424K, used 39424K [0x04600000, 0x070c0000, 0x0f0a0000)
  eden space 35072K, 100% used [0x04600000, 0x06840000, 0x06840000)
  from space 4352K, 100% used [0x06840000, 0x06c80000, 0x06c80000)
  to   space 4352K,   0% used [0x06c80000, 0x06c80000, 0x070c0000)
 tenured generation   total 87424K, used 20051K [0x0f0a0000, 0x14600000, 0x24600000)
   the space 87424K,  22% used [0x0f0a0000, 0x10434f30, 0x10435000, 0x14600000)
 Metaspace       used 18318K, capacity 18784K, committed 18816K, reserved 18816K
Event: 63.455 GC heap after
Heap after GC invocations=6 (full 1):
 def new generation   total 39424K, used 3867K [0x04600000, 0x070c0000, 0x0f0a0000)
  eden space 35072K,   0% used [0x04600000, 0x04600000, 0x06840000)
  from space 4352K,  88% used [0x06c80000, 0x07046e58, 0x070c0000)
  to   space 4352K,   0% used [0x06840000, 0x06840000, 0x06c80000)
 tenured generation   total 87424K, used 24379K [0x0f0a0000, 0x14600000, 0x24600000)
   the space 87424K,  27% used [0x0f0a0000, 0x1086ef28, 0x1086f000, 0x14600000)
 Metaspace       used 18318K, capacity 18784K, committed 18816K, reserved 18816K
}

Deoptimization events (0 events):
No events

Internal exceptions (10 events):
Event: 35.646 Thread 0x25990800 Exception <a 'sun/nio/fs/WindowsException'> (0x05ec0cc0) thrown at [C:\workspace\8-2-build-windows-i586-cygwin\jdk8u92\6642\hotspot\src\share\vm\prims\jni.cpp, line 709]
Event: 35.647 Thread 0x25990800 Exception <a 'sun/nio/fs/WindowsException'> (0x05ed6340) thrown at [C:\workspace\8-2-build-windows-i586-cygwin\jdk8u92\6642\hotspot\src\share\vm\prims\jni.cpp, line 709]
Event: 35.647 Thread 0x25990800 Exception <a 'sun/nio/fs/WindowsException'> (0x05ed6b00) thrown at [C:\workspace\8-2-build-windows-i586-cygwin\jdk8u92\6642\hotspot\src\share\vm\prims\jni.cpp, line 709]
Event: 35.648 Thread 0x25990800 Exception <a 'sun/nio/fs/WindowsException'> (0x05ee3980) thrown at [C:\workspace\8-2-build-windows-i586-cygwin\jdk8u92\6642\hotspot\src\share\vm\prims\jni.cpp, line 709]
Event: 35.648 Thread 0x25990800 Exception <a 'sun/nio/fs/WindowsException'> (0x05ee40c8) thrown at [C:\workspace\8-2-build-windows-i586-cygwin\jdk8u92\6642\hotspot\src\share\vm\prims\jni.cpp, line 709]
Event: 35.649 Thread 0x25990800 Exception <a 'sun/nio/fs/WindowsException'> (0x05eef220) thrown at [C:\workspace\8-2-build-windows-i586-cygwin\jdk8u92\6642\hotspot\src\share\vm\prims\jni.cpp, line 709]
Event: 35.649 Thread 0x25990800 Exception <a 'sun/nio/fs/WindowsException'> (0x05eef968) thrown at [C:\workspace\8-2-build-windows-i586-cygwin\jdk8u92\6642\hotspot\src\share\vm\prims\jni.cpp, line 709]
Event: 35.650 Thread 0x25990800 Exception <a 'sun/nio/fs/WindowsException'> (0x05f04e00) thrown at [C:\workspace\8-2-build-windows-i586-cygwin\jdk8u92\6642\hotspot\src\share\vm\prims\jni.cpp, line 709]
Event: 35.650 Thread 0x25990800 Exception <a 'sun/nio/fs/WindowsException'> (0x05f05548) thrown at [C:\workspace\8-2-build-windows-i586-cygwin\jdk8u92\6642\hotspot\src\share\vm\prims\jni.cpp, line 709]
Event: 63.389 Thread 0x26ef2800 Exception <a 'java/net/UnknownHostException': downloads.arduino.cc> (0x0642c3a0) thrown at [C:\workspace\8-2-build-windows-i586-cygwin\jdk8u92\6642\hotspot\src\share\vm\prims\jni.cpp, line 735]

Events (10 events):
Event: 182.207 Executing VM operation: RevokeBias done
Event: 182.207 Thread 0x26ef4800 Thread exited: 0x26ef4800
Event: 182.208 Executing VM operation: RevokeBias
Event: 182.208 Executing VM operation: RevokeBias done
Event: 182.208 Thread 0x26ef5000 Thread exited: 0x26ef5000
Event: 187.142 Executing VM operation: RevokeBias
Event: 187.142 Executing VM operation: RevokeBias done
Event: 187.142 Thread 0x26ef3000 Thread exited: 0x26ef3000
Event: 235.924 Executing VM operation: BulkRevokeBias
Event: 235.924 Executing VM operation: BulkRevokeBias done


Dynamic libraries:
0x00e80000 - 0x00eb3000 	C:\Program Files (x86)\Arduino\java\bin\javaw.exe
0x777d0000 - 0x7794b000 	C:\WINDOWS\SYSTEM32\ntdll.dll
0x76910000 - 0x769f0000 	C:\WINDOWS\SYSTEM32\KERNEL32.DLL
0x74520000 - 0x7469e000 	C:\WINDOWS\SYSTEM32\KERNELBASE.dll
0x75dc0000 - 0x75e3b000 	C:\WINDOWS\SYSTEM32\ADVAPI32.dll
0x77550000 - 0x7760e000 	C:\WINDOWS\SYSTEM32\msvcrt.dll
0x76be0000 - 0x76c24000 	C:\WINDOWS\SYSTEM32\sechost.dll
0x76710000 - 0x767bd000 	C:\WINDOWS\SYSTEM32\RPCRT4.dll
0x74500000 - 0x7451e000 	C:\WINDOWS\SYSTEM32\SspiCli.dll
0x744f0000 - 0x744fa000 	C:\WINDOWS\SYSTEM32\CRYPTBASE.dll
0x767c0000 - 0x76818000 	C:\WINDOWS\SYSTEM32\bcryptPrimitives.dll
0x76c70000 - 0x76db7000 	C:\WINDOWS\SYSTEM32\USER32.dll
0x76a90000 - 0x76bdf000 	C:\WINDOWS\SYSTEM32\GDI32.dll
0x72340000 - 0x7254f000 	C:\WINDOWS\WinSxS\x86_microsoft.windows.common-controls_6595b64144ccf1df_6.0.10586.0_none_d3c2e4e965da4528\COMCTL32.dll
0x77610000 - 0x777cd000 	C:\WINDOWS\SYSTEM32\combase.dll
0x75d60000 - 0x75d8b000 	C:\WINDOWS\SYSTEM32\IMM32.DLL
0x6c570000 - 0x6c62f000 	C:\Program Files (x86)\Arduino\java\bin\msvcr100.dll
0x6bce0000 - 0x6c0ab000 	C:\Program Files (x86)\Arduino\java\bin\client\jvm.dll
0x748c0000 - 0x748c6000 	C:\WINDOWS\SYSTEM32\PSAPI.DLL
0x72310000 - 0x72334000 	C:\WINDOWS\SYSTEM32\WINMM.dll
0x73d60000 - 0x73d68000 	C:\WINDOWS\SYSTEM32\VERSION.dll
0x74080000 - 0x74088000 	C:\WINDOWS\SYSTEM32\WSOCK32.dll
0x76550000 - 0x765af000 	C:\WINDOWS\SYSTEM32\WS2_32.dll
0x00630000 - 0x00653000 	C:\WINDOWS\SYSTEM32\WINMMBASE.dll
0x76c30000 - 0x76c67000 	C:\WINDOWS\SYSTEM32\cfgmgr32.dll
0x6c530000 - 0x6c561000 	C:\Program Files (x86)\Arduino\java\bin\splashscreen.dll
0x72550000 - 0x725c5000 	C:\WINDOWS\system32\uxtheme.dll
0x6cb50000 - 0x6cb5c000 	C:\Program Files (x86)\Arduino\java\bin\verify.dll
0x77330000 - 0x7744f000 	C:\WINDOWS\SYSTEM32\MSCTF.dll
0x6c500000 - 0x6c521000 	C:\Program Files (x86)\Arduino\java\bin\java.dll
0x6cb30000 - 0x6cb43000 	C:\Program Files (x86)\Arduino\java\bin\zip.dll
0x77540000 - 0x7754c000 	C:\WINDOWS\SYSTEM32\kernel.appcore.dll
0x748f0000 - 0x75cee000 	C:\WINDOWS\SYSTEM32\SHELL32.dll
0x75e40000 - 0x7633a000 	C:\WINDOWS\SYSTEM32\windows.storage.dll
0x76500000 - 0x76545000 	C:\WINDOWS\SYSTEM32\shlwapi.dll
0x76880000 - 0x7690d000 	C:\WINDOWS\SYSTEM32\shcore.dll
0x766c0000 - 0x76704000 	C:\WINDOWS\SYSTEM32\powrprof.dll
0x766b0000 - 0x766bf000 	C:\WINDOWS\SYSTEM32\profapi.dll
0x6bb90000 - 0x6bcd5000 	C:\Program Files (x86)\Arduino\java\bin\awt.dll
0x74820000 - 0x748b2000 	C:\WINDOWS\SYSTEM32\OLEAUT32.dll
0x72dc0000 - 0x72e52000 	C:\WINDOWS\system32\apphelp.dll
0x72070000 - 0x7208d000 	C:\WINDOWS\system32\dwmapi.dll
0x77450000 - 0x7753b000 	C:\WINDOWS\SYSTEM32\ole32.dll
0x6c4e0000 - 0x6c4f6000 	C:\Program Files (x86)\Arduino\java\bin\net.dll
0x72e60000 - 0x72eaf000 	C:\WINDOWS\system32\mswsock.dll
0x73d30000 - 0x73d5f000 	C:\WINDOWS\SYSTEM32\IPHLPAPI.DLL
0x75cf0000 - 0x75cf7000 	C:\WINDOWS\SYSTEM32\NSI.dll
0x61740000 - 0x6176c000 	C:\Program Files (x86)\Arduino\lib\listSerialsj.dll
0x76eb0000 - 0x772bb000 	C:\WINDOWS\SYSTEM32\SETUPAPI.dll
0x70dc0000 - 0x70dd3000 	C:\WINDOWS\SYSTEM32\dhcpcsvc6.DLL
0x70da0000 - 0x70db4000 	C:\WINDOWS\SYSTEM32\dhcpcsvc.DLL
0x73890000 - 0x738a3000 	C:\WINDOWS\SYSTEM32\CRYPTSP.dll
0x73840000 - 0x7386f000 	C:\WINDOWS\system32\rsaenh.dll
0x73870000 - 0x7388b000 	C:\WINDOWS\SYSTEM32\bcrypt.dll
0x72f30000 - 0x72f49000 	C:\WINDOWS\SYSTEM32\USERENV.dll
0x6c4d0000 - 0x6c4df000 	C:\Program Files (x86)\Arduino\java\bin\nio.dll
0x26480000 - 0x264bd000 	C:\Users\Icaro\AppData\Local\Temp\jna-70463204\jna2391167866803764082.dll
0x73c00000 - 0x73c84000 	C:\WINDOWS\SYSTEM32\DNSAPI.dll
0x69b30000 - 0x69b51000 	C:\Program Files (x86)\Bonjour\mdnsNSP.dll
0x69b20000 - 0x69b28000 	C:\Windows\System32\rasadhlp.dll
0x6ac70000 - 0x6acb7000 	C:\WINDOWS\System32\fwpuclnt.dll
0x6c490000 - 0x6c4c9000 	C:\Program Files (x86)\Arduino\java\bin\fontmanager.dll
0x6c450000 - 0x6c482000 	C:\Program Files (x86)\Arduino\java\bin\t2k.dll
0x744c0000 - 0x744e2000 	C:\WINDOWS\SYSTEM32\DEVOBJ.dll
0x76340000 - 0x76382000 	C:\WINDOWS\SYSTEM32\WINTRUST.dll
0x772c0000 - 0x772ce000 	C:\WINDOWS\SYSTEM32\MSASN1.dll
0x746a0000 - 0x74818000 	C:\WINDOWS\SYSTEM32\CRYPT32.dll
0x6c1a0000 - 0x6c209000 	C:\Program Files (x86)\Arduino\msvcp100.dll
0x6bad0000 - 0x6bb8e000 	C:\Program Files (x86)\Arduino\msvcr100.dll
0x279f0000 - 0x27a22000 	C:\Program Files (x86)\Arduino\lib\AStylej.dll
0x6c370000 - 0x6c394000 	C:\Program Files (x86)\Arduino\java\bin\dcpr.dll
0x76e20000 - 0x76ea4000 	C:\WINDOWS\SYSTEM32\clbcatq.dll
0x6deb0000 - 0x6e023000 	C:\WINDOWS\SYSTEM32\WindowsCodecs.dll
0x67d70000 - 0x67db1000 	C:\WINDOWS\system32\dataexchange.dll
0x673a0000 - 0x67447000 	C:\WINDOWS\system32\dcomp.dll
0x676d0000 - 0x678ea000 	C:\WINDOWS\system32\d3d11.dll
0x67310000 - 0x67393000 	C:\WINDOWS\system32\dxgi.dll
0x6fbd0000 - 0x6fc9d000 	C:\WINDOWS\system32\twinapi.appcore.dll
0x64000000 - 0x6401b000 	C:\Users\Icaro\.jssc\windows\jSSC-2.8_x86.dll
0x70140000 - 0x7027f000 	C:\WINDOWS\SYSTEM32\dbghelp.dll

VM Arguments:
jvm_args: -Dsun.java2d.d3d=false -Djna.nosys=true -DAPP_DIR=C:\Program Files (x86)\Arduino -Xms128M -Xmx512M 
java_command: processing.app.Base C:\Users\Icaro\Documents\ieee-very-small\firmware\2016\radio_pipe\radio_pipe.ino
java_class_path (initial): C:\Program Files (x86)\Arduino\lib\apple.jar;C:\Program Files (x86)\Arduino\lib\arduino-core.jar;C:\Program Files (x86)\Arduino\lib\batik-1.8.jar;C:\Program Files (x86)\Arduino\lib\batik-anim-1.8.jar;C:\Program Files (x86)\Arduino\lib\batik-awt-util-1.8.jar;C:\Program Files (x86)\Arduino\lib\batik-bridge-1.8.jar;C:\Program Files (x86)\Arduino\lib\batik-codec-1.8.jar;C:\Program Files (x86)\Arduino\lib\batik-css-1.8.jar;C:\Program Files (x86)\Arduino\lib\batik-dom-1.8.jar;C:\Program Files (x86)\Arduino\lib\batik-ext-1.8.jar;C:\Program Files (x86)\Arduino\lib\batik-gvt-1.8.jar;C:\Program Files (x86)\Arduino\lib\batik-parser-1.8.jar;C:\Program Files (x86)\Arduino\lib\batik-rasterizer-1.8.jar;C:\Program Files (x86)\Arduino\lib\batik-script-1.8.jar;C:\Program Files (x86)\Arduino\lib\batik-squiggle-1.8.jar;C:\Program Files (x86)\Arduino\lib\batik-svg-dom-1.8.jar;C:\Program Files (x86)\Arduino\lib\batik-svgpp-1.8.jar;C:\Program Files (x86)\Arduino\lib\batik-transcoder-1.8.jar;C:\Program Files (x86)\Arduino\lib\batik-util-1.8.jar;C:\Program Files (x86)\Arduino\lib\batik-xml-1.8.jar;C:\Program Files (x86)\Arduino\lib\bcpg-jdk15on-152.jar;C:\Program Files (x86)\Arduino\lib\bcprov-jdk15on-152.jar;C:\Program Files (x86)\Arduino\lib\commons-codec-1.7.jar;C:\Program Files (x86)\Arduino\lib\commons-compress-1.8.jar;C:\Program Files (x86)\Arduino\lib\commons-exec-1.1.jar;C:\Program Files (x86)\Arduino\lib\commons-httpclient-3.1.jar;C:\Program Files (x86)\Arduino\lib\commons-lang3-3.3.2.jar;C:\Program Files (x86)\Arduino\lib\commons-logging-1.0.4.jar;C:\Program Files (x86)\Arduino\lib\commons-net-3.3.jar;C:\Program Files (x86)\Arduino\lib\jackson-annotations-2.6.3.jar;C:\Program Files (x86)\Arduino\lib\jackson-core-2.6.3.jar;C:\Program Files (x86)\Arduino\lib\jackson-databind-2.6.3.jar;C:\Program Files (x86)\Arduino\lib\jackson-module-mrbean-2.6.3.jar;C:\Program Files (x86)\Arduino\lib\java-semver-0.8.0.jar;C:\Program Files (x86)\Arduino\lib\jmdns-3.4.1.j
Launcher Type: SUN_STANDARD

Environment Variables:
JAVA_HOME=C:\Program Files (x86)\Java\jdk1.8.0_101
PATH=C:\Program Files (x86)\NVIDIA Corporation\PhysX\Common;C:\ProgramData\Oracle\Java\javapath;C:\Program Files\Haskell\bin;C:\Program Files\Haskell Platform\7.10.2-a\lib\extralibs\bin;C:\Program Files\Haskell Platform\7.10.2-a\bin;C:\Program Files (x86)\Rockwell Software\RSCommon;C:\Program Files (x86)\Intel\iCLS Client\;C:\Program Files\Intel\iCLS Client\;C:\WINDOWS\system32;C:\WINDOWS;C:\WINDOWS\System32\Wbem;C:\WINDOWS\System32\WindowsPowerShell\v1.0\;C:\Program Files\Intel\Intel(R) Management Engine Components\DAL;C:\Program Files (x86)\Intel\Intel(R) Management Engine Components\DAL;C:\Program Files\Intel\Intel(R) Management Engine Components\IPT;C:\Program Files (x86)\Intel\Intel(R) Management Engine Components\IPT;C:\Program Files\Samsung\SamsungLink\AllShare Framework DMS\bin\;C:\Program Files\Haskell Platform\7.10.2-a\mingw\bin;C:\Program Files (x86)\GtkSharp\2.12\bin;C:\Program Files\nodejs\;C:\Program Files\MATLAB\R2011a\runtime\win64;C:\Program Files\MATLAB\R2011a\bin;C:\Program Files (x86)\Java\jdk1.8.0_101\bin;C:\Program Files (x86)\Skype\Phone\;C:\Users\Icaro\AppData\Local\Programs\Python\Python35-32\Scripts\;C:\Users\Icaro\AppData\Local\Programs\Python\Python35-32\;C:\Users\Icaro\AppData\Roaming\cabal\bin;C:\Users\Icaro\AppData\Roaming\npm;C:\Users\Icaro\AppData\Local\.meteor\;C:\Program Files (x86)\Arduino\java\bin
USERNAME=Icaro
OS=Windows_NT
PROCESSOR_IDENTIFIER=Intel64 Family 6 Model 61 Stepping 4, GenuineIntel



---------------  S Y S T E M  ---------------

OS: Windows 10.0 , 64 bit Build 10586 (10.0.10586.0)

CPU:total 4 (2 cores per cpu, 2 threads per core) family 6 model 61 stepping 4, cmov, cx8, fxsr, mmx, sse, sse2, sse3, ssse3, sse4.1, sse4.2, popcnt, avx, avx2, aes, clmul, erms, 3dnowpref, lzcnt, ht, tsc, tscinvbit, bmi1, bmi2, adx

Memory: 4k page, physical 8301656k(5645692k free), swap 10529880k(7783336k free)

vm_info: Java HotSpot(TM) Client VM (25.92-b14) for windows-x86 JRE (1.8.0_92-b14), built on Mar 31 2016 21:09:21 by "java_re" with MS VC++ 10.0 (VS2010)

time: Sat Oct 08 11:21:43 2016
elapsed time: 251 seconds (0d 0h 4m 11s)

