#
# A fatal error has been detected by the Java Runtime Environment:
#
#  EXCEPTION_ACCESS_VIOLATION (0xc0000005) at pc=0x617493cd, pid=5920, tid=0x00002650
#
# JRE version: Java(TM) SE Runtime Environment (8.0_92-b14) (build 1.8.0_92-b14)
# Java VM: Java HotSpot(TM) Client VM (25.92-b14 mixed mode windows-x86 )
# Problematic frame:
# C  [listSerialsj.dll+0x93cd]
#
# Failed to write core dump. Minidumps are not enabled by default on client versions of Windows
#
# If you would like to submit a bug report, please visit:
#   http://bugreport.java.com/bugreport/crash.jsp
# The crash happened outside the Java Virtual Machine in native code.
# See problematic frame for where to report the bug.
#

---------------  T H R E A D  ---------------

Current thread (0x25727800):  JavaThread "cc.arduino.packages.discoverers.serial.SerialBoardsLister" [_thread_in_native, id=9808, stack(0x260f0000,0x26140000)]

siginfo: ExceptionCode=0xc0000005, writing address 0x00000000

Registers:
EAX=0x00000000, EBX=0x000008b8, ECX=0x00000000, EDX=0x00000001
ESP=0x2613edd0, EBP=0x2613f228, ESI=0x00000001, EDI=0x007dd658
EIP=0x617493cd, EFLAGS=0x00010246

Top of Stack: (sp=0x2613edd0)
0x2613edd0:   006e11b0 0000002e 00000002 00000000
0x2613ede0:   00000003 00000000 00000000 00000000
0x2613edf0:   2613f4c8 256e30b0 0000006c 76eda4c0
0x2613ee00:   282c42d0 0013f03c 007dde80 0000004c
0x2613ee10:   2613f420 024eb528 0000002e 00000002
0x2613ee20:   00000001 0000006c 0000003b 0000008e
0x2613ee30:   008e0001 00000000 354d4f43 00000000
0x2613ee40:   00425355 00000000 2613f510 2613f514 

Instructions: (pc=0x617493cd)
0x617493ad:   8b 45 08 8b 90 94 00 00 00 85 d2 74 16 8b 40 2c
0x617493bd:   c7 44 24 04 2e 00 00 00 89 04 24 e8 73 14 00 00
0x617493cd:   c6 00 00 8d 85 04 fc ff ff 89 44 24 18 8d 85 0a
0x617493dd:   fc ff ff 89 44 24 10 a1 e4 01 75 61 c7 85 04 fc 


Register to memory mapping:

EAX=0x00000000 is an unknown value
EBX=0x000008b8 is an unknown value
ECX=0x00000000 is an unknown value
EDX=0x00000001 is an unknown value
ESP=0x2613edd0 is pointing into the stack for thread: 0x25727800
EBP=0x2613f228 is pointing into the stack for thread: 0x25727800
ESI=0x00000001 is an unknown value
EDI=0x007dd658 is an unknown value


Stack: [0x260f0000,0x26140000],  sp=0x2613edd0,  free space=315k
Native frames: (J=compiled Java code, j=interpreted, Vv=VM code, C=native code)
C  [listSerialsj.dll+0x93cd]
C  [listSerialsj.dll+0x2211]

Java frames: (J=compiled Java code, j=interpreted, Vv=VM code)
J 2561  processing.app.Platform.listSerialsNative()[Ljava/lang/String; (0 bytes) @ 0x025e98cf [0x025e9890+0x3f]
j  processing.app.Platform.listSerials()Ljava/util/List;+5
j  cc.arduino.packages.discoverers.serial.SerialBoardsLister.retriggerDiscovery(Z)V+22
j  cc.arduino.packages.discoverers.serial.SerialBoardsLister.run()V+9
J 2547% C1 java.util.TimerThread.mainLoop()V (232 bytes) @ 0x02541514 [0x025410e0+0x434]
j  java.util.TimerThread.run()V+1
v  ~StubRoutines::call_stub

---------------  P R O C E S S  ---------------

Java Threads: ( => current thread )
  0x26f55000 JavaThread "EventThread COM3" [_thread_in_native, id=10136, stack(0x005c0000,0x00610000)]
  0x26f53800 JavaThread "DestroyJavaVM" [_thread_blocked, id=8524, stack(0x00c40000,0x00c90000)]
  0x26a94800 JavaThread "AWT-EventQueue-0" [_thread_blocked, id=4308, stack(0x28030000,0x28080000)]
  0x26a96000 JavaThread "AWT-Shutdown" [_thread_blocked, id=8876, stack(0x27930000,0x27980000)]
  0x26a96c00 JavaThread "TimerQueue" daemon [_thread_blocked, id=7620, stack(0x278a0000,0x278f0000)]
  0x26a94000 JavaThread "Batik CleanerThread" daemon [_thread_blocked, id=6036, stack(0x27c10000,0x27c60000)]
  0x26a95c00 JavaThread "JmDNS(ulisses.local.).Timer" daemon [_thread_blocked, id=9700, stack(0x27710000,0x27760000)]
  0x26a95400 JavaThread "JmDNS(ulisses.local.).State.Timer" [_thread_blocked, id=10356, stack(0x27680000,0x276d0000)]
  0x26a97800 JavaThread "JmDNS(ulisses.local.).Timer" daemon [_thread_blocked, id=11128, stack(0x275f0000,0x27640000)]
  0x26a95000 JavaThread "SocketListener(ulisses.local.)" daemon [_thread_in_native, id=3076, stack(0x25b80000,0x25bd0000)]
  0x26a97400 JavaThread "JmDNS(ulisses.local.).Timer" daemon [_thread_blocked, id=2312, stack(0x27360000,0x273b0000)]
  0x2597e000 JavaThread "JmDNS(ulisses.local.).State.Timer" [_thread_blocked, id=6580, stack(0x272d0000,0x27320000)]
  0x2597dc00 JavaThread "JmDNS(ulisses.local.).Timer" daemon [_thread_blocked, id=6916, stack(0x27240000,0x27290000)]
  0x259aec00 JavaThread "SocketListener(ulisses.local.)" daemon [_thread_in_native, id=1288, stack(0x266a0000,0x266f0000)]
  0x25729000 JavaThread "cc.arduino.packages.discoverers.network.BoardReachabilityFilter" [_thread_blocked, id=9488, stack(0x26210000,0x26260000)]
  0x2572ec00 JavaThread "cc.arduino.packages.discoverers.network.NetworkChecker" [_thread_blocked, id=8036, stack(0x26180000,0x261d0000)]
=>0x25727800 JavaThread "cc.arduino.packages.discoverers.serial.SerialBoardsLister" [_thread_in_native, id=9808, stack(0x260f0000,0x26140000)]
  0x256e2400 JavaThread "AWT-Windows" daemon [_thread_in_native, id=7328, stack(0x25c10000,0x25c60000)]
  0x256de400 JavaThread "Java2D Disposer" daemon [_thread_blocked, id=11092, stack(0x25af0000,0x25b40000)]
  0x25010400 JavaThread "Service Thread" daemon [_thread_blocked, id=7480, stack(0x254d0000,0x25520000)]
  0x2501b800 JavaThread "C1 CompilerThread0" daemon [_thread_blocked, id=8784, stack(0x25440000,0x25490000)]
  0x2501a400 JavaThread "Attach Listener" daemon [_thread_blocked, id=10156, stack(0x253b0000,0x25400000)]
  0x25018400 JavaThread "Signal Dispatcher" daemon [_thread_blocked, id=9720, stack(0x25320000,0x25370000)]
  0x24ffa800 JavaThread "Finalizer" daemon [_thread_blocked, id=8528, stack(0x24b80000,0x24bd0000)]
  0x24fe4800 JavaThread "Reference Handler" daemon [_thread_blocked, id=9568, stack(0x24af0000,0x24b40000)]

Other Threads:
  0x00e6dc00 VMThread [stack: 0x24a60000,0x24ab0000] [id=11244]
  0x25014800 WatcherThread [stack: 0x25560000,0x255b0000] [id=7832]

VM state:not at safepoint (normal execution)

VM Mutex/Monitor currently owned by a thread: None

Heap:
 def new generation   total 39424K, used 16884K [0x04400000, 0x06ec0000, 0x0eea0000)
  eden space 35072K,  45% used [0x04400000, 0x05376c70, 0x06640000)
  from space 4352K,  24% used [0x06a80000, 0x06b86448, 0x06ec0000)
  to   space 4352K,   0% used [0x06640000, 0x06640000, 0x06a80000)
 tenured generation   total 87424K, used 32726K [0x0eea0000, 0x14400000, 0x24400000)
   the space 87424K,  37% used [0x0eea0000, 0x10e958c8, 0x10e95a00, 0x14400000)
 Metaspace       used 18721K, capacity 19233K, committed 19328K, reserved 19840K

Card table byte_map: [0x24400000,0x24510000] byte_map_base: 0x243de000

Polling page: 0x00610000

CodeCache: size=32768Kb used=2253Kb max_used=4205Kb free=30514Kb
 bounds [0x023f0000, 0x02810000, 0x043f0000]
 total_blobs=1455 nmethods=1177 adapters=207
 compilation: enabled

Compilation events (10 events):
Event: 3449.508 Thread 0x2501b800 3581             javax.swing.text.AbstractDocument::handleInsertString (189 bytes)
Event: 3449.510 Thread 0x2501b800 nmethod 3581 0x02583248 code [0x02583480, 0x02583ba8]
Event: 3450.594 Thread 0x2501b800 3583             java.awt.Toolkit$SelectiveAWTEventListener::eventDispatched (745 bytes)
Event: 3450.596 Thread 0x2501b800 nmethod 3583 0x026499c8 code [0x02649b00, 0x0264a33c]
Event: 3451.677 Thread 0x2501b800 3584 %           jssc.SerialPort$EventThread::run @ 17 (84 bytes)
Event: 3451.677 Thread 0x2501b800 nmethod 3584% 0x024e1808 code [0x024e1940, 0x024e1bf8]
Event: 3451.788 Thread 0x2501b800 3585             java.util.concurrent.locks.AbstractQueuedSynchronizer::getState (5 bytes)
Event: 3451.788 Thread 0x2501b800 nmethod 3585 0x02649808 code [0x02649900, 0x02649980]
Event: 3452.367 Thread 0x2501b800 3586             java.util.HashMap::putVal (300 bytes)
Event: 3452.368 Thread 0x2501b800 nmethod 3586 0x02582648 code [0x025827f0, 0x02582c88]

GC Heap History (10 events):
Event: 1886.101 GC heap before
{Heap before GC invocations=9 (full 1):
 def new generation   total 39424K, used 35072K [0x04400000, 0x06ec0000, 0x0eea0000)
  eden space 35072K, 100% used [0x04400000, 0x06640000, 0x06640000)
  from space 4352K,   0% used [0x06640000, 0x06640368, 0x06a80000)
  to   space 4352K,   0% used [0x06a80000, 0x06a80000, 0x06ec0000)
 tenured generation   total 87424K, used 32726K [0x0eea0000, 0x14400000, 0x24400000)
   the space 87424K,  37% used [0x0eea0000, 0x10e958c8, 0x10e95a00, 0x14400000)
 Metaspace       used 18720K, capacity 19201K, committed 19328K, reserved 19840K
Event: 1886.105 GC heap after
Heap after GC invocations=10 (full 1):
 def new generation   total 39424K, used 1K [0x04400000, 0x06ec0000, 0x0eea0000)
  eden space 35072K,   0% used [0x04400000, 0x04400000, 0x06640000)
  from space 4352K,   0% used [0x06a80000, 0x06a80408, 0x06ec0000)
  to   space 4352K,   0% used [0x06640000, 0x06640000, 0x06a80000)
 tenured generation   total 87424K, used 32726K [0x0eea0000, 0x14400000, 0x24400000)
   the space 87424K,  37% used [0x0eea0000, 0x10e958c8, 0x10e95a00, 0x14400000)
 Metaspace       used 18720K, capacity 19201K, committed 19328K, reserved 19840K
}
Event: 2516.029 GC heap before
{Heap before GC invocations=10 (full 1):
 def new generation   total 39424K, used 35073K [0x04400000, 0x06ec0000, 0x0eea0000)
  eden space 35072K, 100% used [0x04400000, 0x06640000, 0x06640000)
  from space 4352K,   0% used [0x06a80000, 0x06a80408, 0x06ec0000)
  to   space 4352K,   0% used [0x06640000, 0x06640000, 0x06a80000)
 tenured generation   total 87424K, used 32726K [0x0eea0000, 0x14400000, 0x24400000)
   the space 87424K,  37% used [0x0eea0000, 0x10e958c8, 0x10e95a00, 0x14400000)
 Metaspace       used 18720K, capacity 19201K, committed 19328K, reserved 19840K
Event: 2516.035 GC heap after
Heap after GC invocations=11 (full 1):
 def new generation   total 39424K, used 1K [0x04400000, 0x06ec0000, 0x0eea0000)
  eden space 35072K,   0% used [0x04400000, 0x04400000, 0x06640000)
  from space 4352K,   0% used [0x06640000, 0x066405e8, 0x06a80000)
  to   space 4352K,   0% used [0x06a80000, 0x06a80000, 0x06ec0000)
 tenured generation   total 87424K, used 32726K [0x0eea0000, 0x14400000, 0x24400000)
   the space 87424K,  37% used [0x0eea0000, 0x10e958c8, 0x10e95a00, 0x14400000)
 Metaspace       used 18720K, capacity 19201K, committed 19328K, reserved 19840K
}
Event: 3070.029 GC heap before
{Heap before GC invocations=11 (full 1):
 def new generation   total 39424K, used 35073K [0x04400000, 0x06ec0000, 0x0eea0000)
  eden space 35072K, 100% used [0x04400000, 0x06640000, 0x06640000)
  from space 4352K,   0% used [0x06640000, 0x066405e8, 0x06a80000)
  to   space 4352K,   0% used [0x06a80000, 0x06a80000, 0x06ec0000)
 tenured generation   total 87424K, used 32726K [0x0eea0000, 0x14400000, 0x24400000)
   the space 87424K,  37% used [0x0eea0000, 0x10e958c8, 0x10e95a00, 0x14400000)
 Metaspace       used 18720K, capacity 19201K, committed 19328K, reserved 19840K
Event: 3070.031 GC heap after
Heap after GC invocations=12 (full 1):
 def new generation   total 39424K, used 250K [0x04400000, 0x06ec0000, 0x0eea0000)
  eden space 35072K,   0% used [0x04400000, 0x04400000, 0x06640000)
  from space 4352K,   5% used [0x06a80000, 0x06abe858, 0x06ec0000)
  to   space 4352K,   0% used [0x06640000, 0x06640000, 0x06a80000)
 tenured generation   total 87424K, used 32726K [0x0eea0000, 0x14400000, 0x24400000)
   the space 87424K,  37% used [0x0eea0000, 0x10e958c8, 0x10e95a00, 0x14400000)
 Metaspace       used 18720K, capacity 19201K, committed 19328K, reserved 19840K
}
Event: 3365.420 GC heap before
{Heap before GC invocations=12 (full 1):
 def new generation   total 39424K, used 35322K [0x04400000, 0x06ec0000, 0x0eea0000)
  eden space 35072K, 100% used [0x04400000, 0x06640000, 0x06640000)
  from space 4352K,   5% used [0x06a80000, 0x06abe858, 0x06ec0000)
  to   space 4352K,   0% used [0x06640000, 0x06640000, 0x06a80000)
 tenured generation   total 87424K, used 32726K [0x0eea0000, 0x14400000, 0x24400000)
   the space 87424K,  37% used [0x0eea0000, 0x10e958c8, 0x10e95a00, 0x14400000)
 Metaspace       used 18721K, capacity 19233K, committed 19328K, reserved 19840K
Event: 3365.427 GC heap after
Heap after GC invocations=13 (full 1):
 def new generation   total 39424K, used 358K [0x04400000, 0x06ec0000, 0x0eea0000)
  eden space 35072K,   0% used [0x04400000, 0x04400000, 0x06640000)
  from space 4352K,   8% used [0x06640000, 0x06699a60, 0x06a80000)
  to   space 4352K,   0% used [0x06a80000, 0x06a80000, 0x06ec0000)
 tenured generation   total 87424K, used 32726K [0x0eea0000, 0x14400000, 0x24400000)
   the space 87424K,  37% used [0x0eea0000, 0x10e958c8, 0x10e95a00, 0x14400000)
 Metaspace       used 18721K, capacity 19233K, committed 19328K, reserved 19840K
}
Event: 3425.081 GC heap before
{Heap before GC invocations=13 (full 1):
 def new generation   total 39424K, used 35430K [0x04400000, 0x06ec0000, 0x0eea0000)
  eden space 35072K, 100% used [0x04400000, 0x06640000, 0x06640000)
  from space 4352K,   8% used [0x06640000, 0x06699a60, 0x06a80000)
  to   space 4352K,   0% used [0x06a80000, 0x06a80000, 0x06ec0000)
 tenured generation   total 87424K, used 32726K [0x0eea0000, 0x14400000, 0x24400000)
   the space 87424K,  37% used [0x0eea0000, 0x10e958c8, 0x10e95a00, 0x14400000)
 Metaspace       used 18721K, capacity 19233K, committed 19328K, reserved 19840K
Event: 3425.095 GC heap after
Heap after GC invocations=14 (full 1):
 def new generation   total 39424K, used 1049K [0x04400000, 0x06ec0000, 0x0eea0000)
  eden space 35072K,   0% used [0x04400000, 0x04400000, 0x06640000)
  from space 4352K,  24% used [0x06a80000, 0x06b86448, 0x06ec0000)
  to   space 4352K,   0% used [0x06640000, 0x06640000, 0x06a80000)
 tenured generation   total 87424K, used 32726K [0x0eea0000, 0x14400000, 0x24400000)
   the space 87424K,  37% used [0x0eea0000, 0x10e958c8, 0x10e95a00, 0x14400000)
 Metaspace       used 18721K, capacity 19233K, committed 19328K, reserved 19840K
}

Deoptimization events (0 events):
No events

Internal exceptions (10 events):
Event: 83.907 Thread 0x26f54c00 Exception <a 'sun/nio/fs/WindowsException'> (0x05a1f730) thrown at [C:\workspace\8-2-build-windows-i586-cygwin\jdk8u92\6642\hotspot\src\share\vm\prims\jni.cpp, line 709]
Event: 83.907 Thread 0x26f54c00 Exception <a 'sun/nio/fs/WindowsException'> (0x05a1fc88) thrown at [C:\workspace\8-2-build-windows-i586-cygwin\jdk8u92\6642\hotspot\src\share\vm\prims\jni.cpp, line 709]
Event: 83.908 Thread 0x26f54c00 Exception <a 'sun/nio/fs/WindowsException'> (0x05a38e80) thrown at [C:\workspace\8-2-build-windows-i586-cygwin\jdk8u92\6642\hotspot\src\share\vm\prims\jni.cpp, line 709]
Event: 83.908 Thread 0x26f54c00 Exception <a 'sun/nio/fs/WindowsException'> (0x05a39460) thrown at [C:\workspace\8-2-build-windows-i586-cygwin\jdk8u92\6642\hotspot\src\share\vm\prims\jni.cpp, line 709]
Event: 83.909 Thread 0x26f54c00 Exception <a 'sun/nio/fs/WindowsException'> (0x05a45d40) thrown at [C:\workspace\8-2-build-windows-i586-cygwin\jdk8u92\6642\hotspot\src\share\vm\prims\jni.cpp, line 709]
Event: 83.909 Thread 0x26f54c00 Exception <a 'sun/nio/fs/WindowsException'> (0x05a462a8) thrown at [C:\workspace\8-2-build-windows-i586-cygwin\jdk8u92\6642\hotspot\src\share\vm\prims\jni.cpp, line 709]
Event: 83.910 Thread 0x26f54c00 Exception <a 'sun/nio/fs/WindowsException'> (0x05a50e78) thrown at [C:\workspace\8-2-build-windows-i586-cygwin\jdk8u92\6642\hotspot\src\share\vm\prims\jni.cpp, line 709]
Event: 83.910 Thread 0x26f54c00 Exception <a 'sun/nio/fs/WindowsException'> (0x05a513e0) thrown at [C:\workspace\8-2-build-windows-i586-cygwin\jdk8u92\6642\hotspot\src\share\vm\prims\jni.cpp, line 709]
Event: 83.911 Thread 0x26f54c00 Exception <a 'sun/nio/fs/WindowsException'> (0x05a662f0) thrown at [C:\workspace\8-2-build-windows-i586-cygwin\jdk8u92\6642\hotspot\src\share\vm\prims\jni.cpp, line 709]
Event: 83.911 Thread 0x26f54c00 Exception <a 'sun/nio/fs/WindowsException'> (0x05a66858) thrown at [C:\workspace\8-2-build-windows-i586-cygwin\jdk8u92\6642\hotspot\src\share\vm\prims\jni.cpp, line 709]

Events (10 events):
Event: 3449.238 Thread 0x2501b800 flushing nmethod 0x024e1948
Event: 3449.239 Thread 0x2501b800 flushing nmethod 0x025860c8
Event: 3449.508 Thread 0x2501b800 flushing nmethod 0x025e6c08
Event: 3449.508 Thread 0x2501b800 flushing nmethod 0x02668188
Event: 3451.677 Thread 0x2501b800 flushing nmethod 0x025e6948
Event: 3451.677 Thread 0x2501b800 flushing nmethod 0x02618f88
Event: 3451.677 Thread 0x2501b800 flushing nmethod 0x0264bbc8
Event: 3452.369 Thread 0x2501b800 flushing nmethod 0x024d5108
Event: 3452.369 Thread 0x2501b800 flushing nmethod 0x02553888
Event: 3452.369 Thread 0x2501b800 flushing nmethod 0x02584948


Dynamic libraries:
0x00e80000 - 0x00eb3000 	C:\Program Files (x86)\Arduino\java\bin\javaw.exe
0x777d0000 - 0x7794b000 	C:\WINDOWS\SYSTEM32\ntdll.dll
0x76910000 - 0x769f0000 	C:\WINDOWS\SYSTEM32\KERNEL32.DLL
0x74520000 - 0x7469e000 	C:\WINDOWS\SYSTEM32\KERNELBASE.dll
0x75dc0000 - 0x75e3b000 	C:\WINDOWS\SYSTEM32\ADVAPI32.dll
0x77550000 - 0x7760e000 	C:\WINDOWS\SYSTEM32\msvcrt.dll
0x76be0000 - 0x76c24000 	C:\WINDOWS\SYSTEM32\sechost.dll
0x76710000 - 0x767bd000 	C:\WINDOWS\SYSTEM32\RPCRT4.dll
0x74500000 - 0x7451e000 	C:\WINDOWS\SYSTEM32\SspiCli.dll
0x744f0000 - 0x744fa000 	C:\WINDOWS\SYSTEM32\CRYPTBASE.dll
0x767c0000 - 0x76818000 	C:\WINDOWS\SYSTEM32\bcryptPrimitives.dll
0x76c70000 - 0x76db7000 	C:\WINDOWS\SYSTEM32\USER32.dll
0x76a90000 - 0x76bdf000 	C:\WINDOWS\SYSTEM32\GDI32.dll
0x72340000 - 0x7254f000 	C:\WINDOWS\WinSxS\x86_microsoft.windows.common-controls_6595b64144ccf1df_6.0.10586.0_none_d3c2e4e965da4528\COMCTL32.dll
0x77610000 - 0x777cd000 	C:\WINDOWS\SYSTEM32\combase.dll
0x75d60000 - 0x75d8b000 	C:\WINDOWS\SYSTEM32\IMM32.DLL
0x6c570000 - 0x6c62f000 	C:\Program Files (x86)\Arduino\java\bin\msvcr100.dll
0x6bce0000 - 0x6c0ab000 	C:\Program Files (x86)\Arduino\java\bin\client\jvm.dll
0x748c0000 - 0x748c6000 	C:\WINDOWS\SYSTEM32\PSAPI.DLL
0x74080000 - 0x74088000 	C:\WINDOWS\SYSTEM32\WSOCK32.dll
0x72310000 - 0x72334000 	C:\WINDOWS\SYSTEM32\WINMM.dll
0x73d60000 - 0x73d68000 	C:\WINDOWS\SYSTEM32\VERSION.dll
0x76550000 - 0x765af000 	C:\WINDOWS\SYSTEM32\WS2_32.dll
0x00640000 - 0x00663000 	C:\WINDOWS\SYSTEM32\WINMMBASE.dll
0x76c30000 - 0x76c67000 	C:\WINDOWS\SYSTEM32\cfgmgr32.dll
0x6c530000 - 0x6c561000 	C:\Program Files (x86)\Arduino\java\bin\splashscreen.dll
0x72550000 - 0x725c5000 	C:\WINDOWS\system32\uxtheme.dll
0x6cb50000 - 0x6cb5c000 	C:\Program Files (x86)\Arduino\java\bin\verify.dll
0x77330000 - 0x7744f000 	C:\WINDOWS\SYSTEM32\MSCTF.dll
0x6c500000 - 0x6c521000 	C:\Program Files (x86)\Arduino\java\bin\java.dll
0x6cb30000 - 0x6cb43000 	C:\Program Files (x86)\Arduino\java\bin\zip.dll
0x77540000 - 0x7754c000 	C:\WINDOWS\SYSTEM32\kernel.appcore.dll
0x748f0000 - 0x75cee000 	C:\WINDOWS\SYSTEM32\SHELL32.dll
0x75e40000 - 0x7633a000 	C:\WINDOWS\SYSTEM32\windows.storage.dll
0x76500000 - 0x76545000 	C:\WINDOWS\SYSTEM32\shlwapi.dll
0x76880000 - 0x7690d000 	C:\WINDOWS\SYSTEM32\shcore.dll
0x766c0000 - 0x76704000 	C:\WINDOWS\SYSTEM32\powrprof.dll
0x766b0000 - 0x766bf000 	C:\WINDOWS\SYSTEM32\profapi.dll
0x6bb90000 - 0x6bcd5000 	C:\Program Files (x86)\Arduino\java\bin\awt.dll
0x74820000 - 0x748b2000 	C:\WINDOWS\SYSTEM32\OLEAUT32.dll
0x72dc0000 - 0x72e52000 	C:\WINDOWS\system32\apphelp.dll
0x72070000 - 0x7208d000 	C:\WINDOWS\system32\dwmapi.dll
0x77450000 - 0x7753b000 	C:\WINDOWS\SYSTEM32\ole32.dll
0x6c4e0000 - 0x6c4f6000 	C:\Program Files (x86)\Arduino\java\bin\net.dll
0x72e60000 - 0x72eaf000 	C:\WINDOWS\system32\mswsock.dll
0x73d30000 - 0x73d5f000 	C:\WINDOWS\SYSTEM32\IPHLPAPI.DLL
0x75cf0000 - 0x75cf7000 	C:\WINDOWS\SYSTEM32\NSI.dll
0x61740000 - 0x6176c000 	C:\Program Files (x86)\Arduino\lib\listSerialsj.dll
0x76eb0000 - 0x772bb000 	C:\WINDOWS\SYSTEM32\SETUPAPI.dll
0x70dc0000 - 0x70dd3000 	C:\WINDOWS\SYSTEM32\dhcpcsvc6.DLL
0x70da0000 - 0x70db4000 	C:\WINDOWS\SYSTEM32\dhcpcsvc.DLL
0x73890000 - 0x738a3000 	C:\WINDOWS\SYSTEM32\CRYPTSP.dll
0x73840000 - 0x7386f000 	C:\WINDOWS\system32\rsaenh.dll
0x73870000 - 0x7388b000 	C:\WINDOWS\SYSTEM32\bcrypt.dll
0x72f30000 - 0x72f49000 	C:\WINDOWS\SYSTEM32\USERENV.dll
0x6c4d0000 - 0x6c4df000 	C:\Program Files (x86)\Arduino\java\bin\nio.dll
0x26460000 - 0x2649d000 	C:\Users\Icaro\AppData\Local\Temp\jna-70463204\jna2945048187085407326.dll
0x73c00000 - 0x73c84000 	C:\WINDOWS\SYSTEM32\DNSAPI.dll
0x69b30000 - 0x69b51000 	C:\Program Files (x86)\Bonjour\mdnsNSP.dll
0x69b20000 - 0x69b28000 	C:\Windows\System32\rasadhlp.dll
0x6ac70000 - 0x6acb7000 	C:\WINDOWS\System32\fwpuclnt.dll
0x6c490000 - 0x6c4c9000 	C:\Program Files (x86)\Arduino\java\bin\fontmanager.dll
0x6c450000 - 0x6c482000 	C:\Program Files (x86)\Arduino\java\bin\t2k.dll
0x744c0000 - 0x744e2000 	C:\WINDOWS\SYSTEM32\DEVOBJ.dll
0x76340000 - 0x76382000 	C:\WINDOWS\SYSTEM32\WINTRUST.dll
0x772c0000 - 0x772ce000 	C:\WINDOWS\SYSTEM32\MSASN1.dll
0x746a0000 - 0x74818000 	C:\WINDOWS\SYSTEM32\CRYPT32.dll
0x6c1a0000 - 0x6c209000 	C:\Program Files (x86)\Arduino\msvcp100.dll
0x6bad0000 - 0x6bb8e000 	C:\Program Files (x86)\Arduino\msvcr100.dll
0x27980000 - 0x279b2000 	C:\Program Files (x86)\Arduino\lib\AStylej.dll
0x6c370000 - 0x6c394000 	C:\Program Files (x86)\Arduino\java\bin\dcpr.dll
0x76e20000 - 0x76ea4000 	C:\WINDOWS\SYSTEM32\clbcatq.dll
0x6deb0000 - 0x6e023000 	C:\WINDOWS\SYSTEM32\WindowsCodecs.dll
0x67d70000 - 0x67db1000 	C:\WINDOWS\system32\dataexchange.dll
0x676d0000 - 0x678ea000 	C:\WINDOWS\system32\d3d11.dll
0x673a0000 - 0x67447000 	C:\WINDOWS\system32\dcomp.dll
0x67310000 - 0x67393000 	C:\WINDOWS\system32\dxgi.dll
0x6fbd0000 - 0x6fc9d000 	C:\WINDOWS\system32\twinapi.appcore.dll
0x64000000 - 0x6401b000 	C:\Users\Icaro\.jssc\windows\jSSC-2.8_x86.dll
0x70140000 - 0x7027f000 	C:\WINDOWS\SYSTEM32\dbghelp.dll

VM Arguments:
jvm_args: -Dsun.java2d.d3d=false -Djna.nosys=true -DAPP_DIR=C:\Program Files (x86)\Arduino -Xms128M -Xmx512M 
java_command: processing.app.Base C:\Users\Icaro\Documents\ieee-very-small\firmware\2016\radio_pipe\radio_pipe.ino
java_class_path (initial): C:\Program Files (x86)\Arduino\lib\apple.jar;C:\Program Files (x86)\Arduino\lib\arduino-core.jar;C:\Program Files (x86)\Arduino\lib\batik-1.8.jar;C:\Program Files (x86)\Arduino\lib\batik-anim-1.8.jar;C:\Program Files (x86)\Arduino\lib\batik-awt-util-1.8.jar;C:\Program Files (x86)\Arduino\lib\batik-bridge-1.8.jar;C:\Program Files (x86)\Arduino\lib\batik-codec-1.8.jar;C:\Program Files (x86)\Arduino\lib\batik-css-1.8.jar;C:\Program Files (x86)\Arduino\lib\batik-dom-1.8.jar;C:\Program Files (x86)\Arduino\lib\batik-ext-1.8.jar;C:\Program Files (x86)\Arduino\lib\batik-gvt-1.8.jar;C:\Program Files (x86)\Arduino\lib\batik-parser-1.8.jar;C:\Program Files (x86)\Arduino\lib\batik-rasterizer-1.8.jar;C:\Program Files (x86)\Arduino\lib\batik-script-1.8.jar;C:\Program Files (x86)\Arduino\lib\batik-squiggle-1.8.jar;C:\Program Files (x86)\Arduino\lib\batik-svg-dom-1.8.jar;C:\Program Files (x86)\Arduino\lib\batik-svgpp-1.8.jar;C:\Program Files (x86)\Arduino\lib\batik-transcoder-1.8.jar;C:\Program Files (x86)\Arduino\lib\batik-util-1.8.jar;C:\Program Files (x86)\Arduino\lib\batik-xml-1.8.jar;C:\Program Files (x86)\Arduino\lib\bcpg-jdk15on-152.jar;C:\Program Files (x86)\Arduino\lib\bcprov-jdk15on-152.jar;C:\Program Files (x86)\Arduino\lib\commons-codec-1.7.jar;C:\Program Files (x86)\Arduino\lib\commons-compress-1.8.jar;C:\Program Files (x86)\Arduino\lib\commons-exec-1.1.jar;C:\Program Files (x86)\Arduino\lib\commons-httpclient-3.1.jar;C:\Program Files (x86)\Arduino\lib\commons-lang3-3.3.2.jar;C:\Program Files (x86)\Arduino\lib\commons-logging-1.0.4.jar;C:\Program Files (x86)\Arduino\lib\commons-net-3.3.jar;C:\Program Files (x86)\Arduino\lib\jackson-annotations-2.6.3.jar;C:\Program Files (x86)\Arduino\lib\jackson-core-2.6.3.jar;C:\Program Files (x86)\Arduino\lib\jackson-databind-2.6.3.jar;C:\Program Files (x86)\Arduino\lib\jackson-module-mrbean-2.6.3.jar;C:\Program Files (x86)\Arduino\lib\java-semver-0.8.0.jar;C:\Program Files (x86)\Arduino\lib\jmdns-3.4.1.j
Launcher Type: SUN_STANDARD

Environment Variables:
JAVA_HOME=C:\Program Files (x86)\Java\jdk1.8.0_101
PATH=C:\Program Files (x86)\NVIDIA Corporation\PhysX\Common;C:\ProgramData\Oracle\Java\javapath;C:\Program Files\Haskell\bin;C:\Program Files\Haskell Platform\7.10.2-a\lib\extralibs\bin;C:\Program Files\Haskell Platform\7.10.2-a\bin;C:\Program Files (x86)\Rockwell Software\RSCommon;C:\Program Files (x86)\Intel\iCLS Client\;C:\Program Files\Intel\iCLS Client\;C:\WINDOWS\system32;C:\WINDOWS;C:\WINDOWS\System32\Wbem;C:\WINDOWS\System32\WindowsPowerShell\v1.0\;C:\Program Files\Intel\Intel(R) Management Engine Components\DAL;C:\Program Files (x86)\Intel\Intel(R) Management Engine Components\DAL;C:\Program Files\Intel\Intel(R) Management Engine Components\IPT;C:\Program Files (x86)\Intel\Intel(R) Management Engine Components\IPT;C:\Program Files\Samsung\SamsungLink\AllShare Framework DMS\bin\;C:\Program Files\Haskell Platform\7.10.2-a\mingw\bin;C:\Program Files (x86)\GtkSharp\2.12\bin;C:\Program Files\nodejs\;C:\Program Files\MATLAB\R2011a\runtime\win64;C:\Program Files\MATLAB\R2011a\bin;C:\Program Files (x86)\Java\jdk1.8.0_101\bin;C:\Program Files (x86)\Skype\Phone\;C:\Users\Icaro\AppData\Local\Programs\Python\Python35-32\Scripts\;C:\Users\Icaro\AppData\Local\Programs\Python\Python35-32\;C:\Users\Icaro\AppData\Roaming\cabal\bin;C:\Users\Icaro\AppData\Roaming\npm;C:\Users\Icaro\AppData\Local\.meteor\;C:\Program Files (x86)\Arduino\java\bin
USERNAME=Icaro
OS=Windows_NT
PROCESSOR_IDENTIFIER=Intel64 Family 6 Model 61 Stepping 4, GenuineIntel



---------------  S Y S T E M  ---------------

OS: Windows 10.0 , 64 bit Build 10586 (10.0.10586.0)

CPU:total 4 (2 cores per cpu, 2 threads per core) family 6 model 61 stepping 4, cmov, cx8, fxsr, mmx, sse, sse2, sse3, ssse3, sse4.1, sse4.2, popcnt, avx, avx2, aes, clmul, erms, 3dnowpref, lzcnt, ht, tsc, tscinvbit, bmi1, bmi2, adx

Memory: 4k page, physical 8301656k(5673360k free), swap 10529880k(7787568k free)

vm_info: Java HotSpot(TM) Client VM (25.92-b14) for windows-x86 JRE (1.8.0_92-b14), built on Mar 31 2016 21:09:21 by "java_re" with MS VC++ 10.0 (VS2010)

time: Sat Oct 08 12:19:23 2016
elapsed time: 3453 seconds (0d 0h 57m 33s)

