#
# A fatal error has been detected by the Java Runtime Environment:
#
#  EXCEPTION_ACCESS_VIOLATION (0xc0000005) at pc=0x617493cd, pid=17952, tid=0x00001f34
#
# JRE version: Java(TM) SE Runtime Environment (8.0_92-b14) (build 1.8.0_92-b14)
# Java VM: Java HotSpot(TM) Client VM (25.92-b14 mixed mode windows-x86 )
# Problematic frame:
# C  [listSerialsj.dll+0x93cd]
#
# Failed to write core dump. Minidumps are not enabled by default on client versions of Windows
#
# If you would like to submit a bug report, please visit:
#   http://bugreport.java.com/bugreport/crash.jsp
# The crash happened outside the Java Virtual Machine in native code.
# See problematic frame for where to report the bug.
#

---------------  T H R E A D  ---------------

Current thread (0x25707c00):  JavaThread "cc.arduino.packages.discoverers.serial.SerialBoardsLister" [_thread_in_native, id=7988, stack(0x260d0000,0x26120000)]

siginfo: ExceptionCode=0xc0000005, writing address 0x00000000

Registers:
EAX=0x00000000, EBX=0x00000a84, ECX=0x00000000, EDX=0x00000001
ESP=0x2611f120, EBP=0x2611f578, ESI=0x00000001, EDI=0x00510b60
EIP=0x617493cd, EFLAGS=0x00010246

Top of Stack: (sp=0x2611f120)
0x2611f120:   00761120 0000002e 00000002 00000000
0x2611f130:   00000003 00000000 00000000 00000000
0x2611f140:   6174c100 256c2de8 0000006c 75f0a4c0
0x2611f150:   0076ee60 0011f38c 00508e58 0000005a
0x2611f160:   2611f770 028628f8 0000002f 00000002
0x2611f170:   00000001 0000006c 0000003d 0000008e
0x2611f180:   008e632c 00000000 364d4f43 0011f100
0x2611f190:   00425355 0251c735 2611f1a8 00000001 

Instructions: (pc=0x617493cd)
0x617493ad:   8b 45 08 8b 90 94 00 00 00 85 d2 74 16 8b 40 2c
0x617493bd:   c7 44 24 04 2e 00 00 00 89 04 24 e8 73 14 00 00
0x617493cd:   c6 00 00 8d 85 04 fc ff ff 89 44 24 18 8d 85 0a
0x617493dd:   fc ff ff 89 44 24 10 a1 e4 01 75 61 c7 85 04 fc 


Register to memory mapping:

EAX=0x00000000 is an unknown value
EBX=0x00000a84 is an unknown value
ECX=0x00000000 is an unknown value
EDX=0x00000001 is an unknown value
ESP=0x2611f120 is pointing into the stack for thread: 0x25707c00
EBP=0x2611f578 is pointing into the stack for thread: 0x25707c00
ESI=0x00000001 is an unknown value
EDI=0x00510b60 is an unknown value


Stack: [0x260d0000,0x26120000],  sp=0x2611f120,  free space=316k
Native frames: (J=compiled Java code, j=interpreted, Vv=VM code, C=native code)
C  [listSerialsj.dll+0x93cd]
C  [listSerialsj.dll+0x2211]

Java frames: (J=compiled Java code, j=interpreted, Vv=VM code)
J 1984  processing.app.Platform.listSerialsNative()[Ljava/lang/String; (0 bytes) @ 0x0285ab4f [0x0285ab10+0x3f]
J 1978 C1 cc.arduino.packages.discoverers.serial.SerialBoardsLister.retriggerDiscovery(Z)V (736 bytes) @ 0x02855aa4 [0x02855950+0x154]
J 1977 C1 cc.arduino.packages.discoverers.serial.SerialBoardsLister.run()V (13 bytes) @ 0x028552d4 [0x02855290+0x44]
J 1968% C1 java.util.TimerThread.mainLoop()V (232 bytes) @ 0x02852f14 [0x02852ae0+0x434]
j  java.util.TimerThread.run()V+1
v  ~StubRoutines::call_stub

---------------  P R O C E S S  ---------------

Java Threads: ( => current thread )
  0x26f79800 JavaThread "JmDNS(ulisses.local.).Timer" daemon [_thread_blocked, id=19268, stack(0x25e60000,0x25eb0000)]
  0x26f79000 JavaThread "JmDNS(ulisses.local.).State.Timer" [_thread_blocked, id=21808, stack(0x25dd0000,0x25e20000)]
  0x26f7f000 JavaThread "JmDNS(ulisses.local.).Timer" daemon [_thread_blocked, id=12128, stack(0x25d40000,0x25d90000)]
  0x26f7d000 JavaThread "SocketListener(ulisses.local.)" daemon [_thread_in_native, id=11428, stack(0x24b40000,0x24b90000)]
  0x26f80800 JavaThread "JmDNS(ulisses.local.).Timer" daemon [_thread_blocked, id=11608, stack(0x00d70000,0x00dc0000)]
  0x26f80400 JavaThread "JmDNS(ulisses.local.).State.Timer" [_thread_blocked, id=13704, stack(0x00ad0000,0x00b20000)]
  0x26f7bc00 JavaThread "JmDNS(ulisses.local.).Timer" daemon [_thread_blocked, id=21968, stack(0x006a0000,0x006f0000)]
  0x26f7fc00 JavaThread "SocketListener(ulisses.local.)" daemon [_thread_in_native, id=21632, stack(0x00610000,0x00660000)]
  0x26f7f800 JavaThread "JmDNS(ulisses.local.).Timer" daemon [_thread_blocked, id=20632, stack(0x28a80000,0x28ad0000)]
  0x26f7b000 JavaThread "JmDNS(ulisses.local.).State.Timer" [_thread_blocked, id=13148, stack(0x289f0000,0x28a40000)]
  0x26f7ac00 JavaThread "JmDNS(ulisses.local.).Timer" daemon [_thread_blocked, id=6248, stack(0x28960000,0x289b0000)]
  0x26f7a400 JavaThread "SocketListener(ulisses.local.)" daemon [_thread_in_native, id=18568, stack(0x288d0000,0x28920000)]
  0x26919400 JavaThread "DestroyJavaVM" [_thread_blocked, id=21344, stack(0x00b60000,0x00bb0000)]
  0x2691a000 JavaThread "AWT-EventQueue-0" [_thread_blocked, id=10800, stack(0x27e30000,0x27e80000)]
  0x26919800 JavaThread "AWT-Shutdown" [_thread_blocked, id=22188, stack(0x27700000,0x27750000)]
  0x26916c00 JavaThread "TimerQueue" daemon [_thread_blocked, id=21588, stack(0x25b60000,0x25bb0000)]
  0x2691a400 JavaThread "Batik CleanerThread" daemon [_thread_blocked, id=6308, stack(0x27a10000,0x27a60000)]
  0x26917800 JavaThread "JmDNS(ulisses.local.).Timer" daemon [_thread_blocked, id=14052, stack(0x27470000,0x274c0000)]
  0x2690c400 JavaThread "JmDNS(ulisses.local.).State.Timer" [_thread_blocked, id=21816, stack(0x273e0000,0x27430000)]
  0x2690bc00 JavaThread "JmDNS(ulisses.local.).Timer" daemon [_thread_blocked, id=21920, stack(0x27350000,0x273a0000)]
  0x268fe000 JavaThread "SocketListener(ulisses.local.)" daemon [_thread_in_native, id=3844, stack(0x272c0000,0x27310000)]
  0x2574ac00 JavaThread "cc.arduino.packages.discoverers.network.BoardReachabilityFilter" [_thread_blocked, id=20928, stack(0x261f0000,0x26240000)]
  0x2570e400 JavaThread "cc.arduino.packages.discoverers.network.NetworkChecker" [_thread_blocked, id=18888, stack(0x26160000,0x261b0000)]
=>0x25707c00 JavaThread "cc.arduino.packages.discoverers.serial.SerialBoardsLister" [_thread_in_native, id=7988, stack(0x260d0000,0x26120000)]
  0x256c2000 JavaThread "AWT-Windows" daemon [_thread_in_native, id=20720, stack(0x25bf0000,0x25c40000)]
  0x256c0c00 JavaThread "Java2D Disposer" daemon [_thread_blocked, id=20128, stack(0x25ad0000,0x25b20000)]
  0x250f0400 JavaThread "Service Thread" daemon [_thread_blocked, id=16528, stack(0x254b0000,0x25500000)]
  0x250fb800 JavaThread "C1 CompilerThread0" daemon [_thread_blocked, id=17064, stack(0x25420000,0x25470000)]
  0x250fa400 JavaThread "Attach Listener" daemon [_thread_blocked, id=21428, stack(0x25390000,0x253e0000)]
  0x250f8400 JavaThread "Signal Dispatcher" daemon [_thread_blocked, id=19648, stack(0x25300000,0x25350000)]
  0x250da800 JavaThread "Finalizer" daemon [_thread_blocked, id=21992, stack(0x24c30000,0x24c80000)]
  0x250c4800 JavaThread "Reference Handler" daemon [_thread_blocked, id=21840, stack(0x24ba0000,0x24bf0000)]

Other Threads:
  0x00d2dc00 VMThread [stack: 0x24a60000,0x24ab0000] [id=8084]
  0x250f4800 WatcherThread [stack: 0x25540000,0x25590000] [id=15424]

VM state:not at safepoint (normal execution)

VM Mutex/Monitor currently owned by a thread: None

Heap:
 def new generation   total 39424K, used 31700K [0x04600000, 0x070c0000, 0x0f0a0000)
  eden space 35072K,  85% used [0x04600000, 0x06332588, 0x06840000)
  from space 4352K,  41% used [0x06c80000, 0x06e42d58, 0x070c0000)
  to   space 4352K,   0% used [0x06840000, 0x06840000, 0x06c80000)
 tenured generation   total 87424K, used 25485K [0x0f0a0000, 0x14600000, 0x24600000)
   the space 87424K,  29% used [0x0f0a0000, 0x10983628, 0x10983800, 0x14600000)
 Metaspace       used 19427K, capacity 19927K, committed 19968K, reserved 20864K

Card table byte_map: [0x044e0000,0x045f0000] byte_map_base: 0x044bd000

Polling page: 0x00740000

CodeCache: size=32768Kb used=3600Kb max_used=3600Kb free=29167Kb
 bounds [0x024e0000, 0x02868000, 0x044e0000]
 total_blobs=2259 nmethods=1986 adapters=203
 compilation: enabled

Compilation events (10 events):
Event: 5637.479 Thread 0x250fb800 2012             java.lang.String::toUpperCase (8 bytes)
Event: 5637.479 Thread 0x250fb800 nmethod 2012 0x02861048 code [0x02861150, 0x028611ec]
Event: 5637.479 Thread 0x250fb800 2013             java.util.LinkedList::checkElementIndex (22 bytes)
Event: 5637.480 Thread 0x250fb800 nmethod 2013 0x02861248 code [0x02861390, 0x02861668]
Event: 5637.480 Thread 0x250fb800 2014             java.util.LinkedList::isElementIndex (18 bytes)
Event: 5637.480 Thread 0x250fb800 nmethod 2014 0x02861908 code [0x02861a00, 0x02861ab0]
Event: 5637.480 Thread 0x250fb800 2015             java.util.LinkedList::get (14 bytes)
Event: 5637.480 Thread 0x250fb800 nmethod 2015 0x02861b08 code [0x02861c20, 0x02861d74]
Event: 5750.503 Thread 0x250fb800 2016  s          processing.app.Platform::resolveDeviceByVendorIdProductId (360 bytes)
Event: 5750.505 Thread 0x250fb800 nmethod 2016 0x02861e88 code [0x02862210, 0x02862f14]

GC Heap History (10 events):
Event: 1.606 GC heap before
{Heap before GC invocations=1 (full 0):
 def new generation   total 39296K, used 39296K [0x04600000, 0x070a0000, 0x0f0a0000)
  eden space 34944K, 100% used [0x04600000, 0x06820000, 0x06820000)
  from space 4352K, 100% used [0x06c60000, 0x070a0000, 0x070a0000)
  to   space 4352K,   0% used [0x06820000, 0x06820000, 0x06c60000)
 tenured generation   total 87424K, used 2793K [0x0f0a0000, 0x14600000, 0x24600000)
   the space 87424K,   3% used [0x0f0a0000, 0x0f35a5c8, 0x0f35a600, 0x14600000)
 Metaspace       used 11463K, capacity 11859K, committed 11904K, reserved 12672K
Event: 1.625 GC heap after
Heap after GC invocations=2 (full 0):
 def new generation   total 39296K, used 4352K [0x04600000, 0x070a0000, 0x0f0a0000)
  eden space 34944K,   0% used [0x04600000, 0x04600000, 0x06820000)
  from space 4352K, 100% used [0x06820000, 0x06c60000, 0x06c60000)
  to   space 4352K,   0% used [0x06c60000, 0x06c60000, 0x070a0000)
 tenured generation   total 87424K, used 8374K [0x0f0a0000, 0x14600000, 0x24600000)
   the space 87424K,   9% used [0x0f0a0000, 0x0f8cd8e8, 0x0f8cda00, 0x14600000)
 Metaspace       used 11463K, capacity 11859K, committed 11904K, reserved 12672K
}
Event: 1.928 GC heap before
{Heap before GC invocations=2 (full 0):
 def new generation   total 39296K, used 18368K [0x04600000, 0x070a0000, 0x0f0a0000)
  eden space 34944K,  40% used [0x04600000, 0x053b0060, 0x06820000)
  from space 4352K, 100% used [0x06820000, 0x06c60000, 0x06c60000)
  to   space 4352K,   0% used [0x06c60000, 0x06c60000, 0x070a0000)
 tenured generation   total 87424K, used 8374K [0x0f0a0000, 0x14600000, 0x24600000)
   the space 87424K,   9% used [0x0f0a0000, 0x0f8cd8e8, 0x0f8cda00, 0x14600000)
 Metaspace       used 11879K, capacity 12251K, committed 12288K, reserved 12672K
Event: 1.953 GC heap after
Heap after GC invocations=3 (full 1):
 def new generation   total 39424K, used 0K [0x04600000, 0x070c0000, 0x0f0a0000)
  eden space 35072K,   0% used [0x04600000, 0x04600000, 0x06840000)
  from space 4352K,   0% used [0x06840000, 0x06840000, 0x06c80000)
  to   space 4352K,   0% used [0x06c80000, 0x06c80000, 0x070c0000)
 tenured generation   total 87424K, used 13192K [0x0f0a0000, 0x14600000, 0x24600000)
   the space 87424K,  15% used [0x0f0a0000, 0x0fd82330, 0x0fd82400, 0x14600000)
 Metaspace       used 11879K, capacity 12251K, committed 12288K, reserved 12672K
}
Event: 3.023 GC heap before
{Heap before GC invocations=3 (full 1):
 def new generation   total 39424K, used 35072K [0x04600000, 0x070c0000, 0x0f0a0000)
  eden space 35072K, 100% used [0x04600000, 0x06840000, 0x06840000)
  from space 4352K,   0% used [0x06840000, 0x06840000, 0x06c80000)
  to   space 4352K,   0% used [0x06c80000, 0x06c80000, 0x070c0000)
 tenured generation   total 87424K, used 13192K [0x0f0a0000, 0x14600000, 0x24600000)
   the space 87424K,  15% used [0x0f0a0000, 0x0fd82330, 0x0fd82400, 0x14600000)
 Metaspace       used 15707K, capacity 16154K, committed 16256K, reserved 16768K
Event: 3.034 GC heap after
Heap after GC invocations=4 (full 1):
 def new generation   total 39424K, used 4352K [0x04600000, 0x070c0000, 0x0f0a0000)
  eden space 35072K,   0% used [0x04600000, 0x04600000, 0x06840000)
  from space 4352K, 100% used [0x06c80000, 0x070c0000, 0x070c0000)
  to   space 4352K,   0% used [0x06840000, 0x06840000, 0x06c80000)
 tenured generation   total 87424K, used 14677K [0x0f0a0000, 0x14600000, 0x24600000)
   the space 87424K,  16% used [0x0f0a0000, 0x0fef54a8, 0x0fef5600, 0x14600000)
 Metaspace       used 15707K, capacity 16154K, committed 16256K, reserved 16768K
}
Event: 71.525 GC heap before
{Heap before GC invocations=4 (full 1):
 def new generation   total 39424K, used 39424K [0x04600000, 0x070c0000, 0x0f0a0000)
  eden space 35072K, 100% used [0x04600000, 0x06840000, 0x06840000)
  from space 4352K, 100% used [0x06c80000, 0x070c0000, 0x070c0000)
  to   space 4352K,   0% used [0x06840000, 0x06840000, 0x06c80000)
 tenured generation   total 87424K, used 14677K [0x0f0a0000, 0x14600000, 0x24600000)
   the space 87424K,  16% used [0x0f0a0000, 0x0fef54a8, 0x0fef5600, 0x14600000)
 Metaspace       used 18898K, capacity 19360K, committed 19456K, reserved 19840K
Event: 71.573 GC heap after
Heap after GC invocations=5 (full 1):
 def new generation   total 39424K, used 4352K [0x04600000, 0x070c0000, 0x0f0a0000)
  eden space 35072K,   0% used [0x04600000, 0x04600000, 0x06840000)
  from space 4352K, 100% used [0x06840000, 0x06c80000, 0x06c80000)
  to   space 4352K,   0% used [0x06c80000, 0x06c80000, 0x070c0000)
 tenured generation   total 87424K, used 21952K [0x0f0a0000, 0x14600000, 0x24600000)
   the space 87424K,  25% used [0x0f0a0000, 0x106100c0, 0x10610200, 0x14600000)
 Metaspace       used 18898K, capacity 19360K, committed 19456K, reserved 19840K
}
Event: 3615.935 GC heap before
{Heap before GC invocations=5 (full 1):
 def new generation   total 39424K, used 39424K [0x04600000, 0x070c0000, 0x0f0a0000)
  eden space 35072K, 100% used [0x04600000, 0x06840000, 0x06840000)
  from space 4352K, 100% used [0x06840000, 0x06c80000, 0x06c80000)
  to   space 4352K,   0% used [0x06c80000, 0x06c80000, 0x070c0000)
 tenured generation   total 87424K, used 21952K [0x0f0a0000, 0x14600000, 0x24600000)
   the space 87424K,  25% used [0x0f0a0000, 0x106100c0, 0x10610200, 0x14600000)
 Metaspace       used 19423K, capacity 19927K, committed 19968K, reserved 20864K
Event: 3615.953 GC heap after
Heap after GC invocations=6 (full 1):
 def new generation   total 39424K, used 1803K [0x04600000, 0x070c0000, 0x0f0a0000)
  eden space 35072K,   0% used [0x04600000, 0x04600000, 0x06840000)
  from space 4352K,  41% used [0x06c80000, 0x06e42d58, 0x070c0000)
  to   space 4352K,   0% used [0x06840000, 0x06840000, 0x06c80000)
 tenured generation   total 87424K, used 25485K [0x0f0a0000, 0x14600000, 0x24600000)
   the space 87424K,  29% used [0x0f0a0000, 0x10983628, 0x10983800, 0x14600000)
 Metaspace       used 19423K, capacity 19927K, committed 19968K, reserved 20864K
}

Deoptimization events (0 events):
No events

Internal exceptions (10 events):
Event: 71.728 Thread 0x26918000 Exception <a 'sun/nio/fs/WindowsException'> (0x0480c540) thrown at [C:\workspace\8-2-build-windows-i586-cygwin\jdk8u92\6642\hotspot\src\share\vm\prims\jni.cpp, line 709]
Event: 71.728 Thread 0x26918000 Exception <a 'sun/nio/fs/WindowsException'> (0x0480cc38) thrown at [C:\workspace\8-2-build-windows-i586-cygwin\jdk8u92\6642\hotspot\src\share\vm\prims\jni.cpp, line 709]
Event: 71.733 Thread 0x26918000 Exception <a 'sun/nio/fs/WindowsException'> (0x04818a80) thrown at [C:\workspace\8-2-build-windows-i586-cygwin\jdk8u92\6642\hotspot\src\share\vm\prims\jni.cpp, line 709]
Event: 71.733 Thread 0x26918000 Exception <a 'sun/nio/fs/WindowsException'> (0x04818fd8) thrown at [C:\workspace\8-2-build-windows-i586-cygwin\jdk8u92\6642\hotspot\src\share\vm\prims\jni.cpp, line 709]
Event: 71.738 Thread 0x26918000 Exception <a 'sun/nio/fs/WindowsException'> (0x0482dba8) thrown at [C:\workspace\8-2-build-windows-i586-cygwin\jdk8u92\6642\hotspot\src\share\vm\prims\jni.cpp, line 709]
Event: 71.738 Thread 0x26918000 Exception <a 'sun/nio/fs/WindowsException'> (0x0482e110) thrown at [C:\workspace\8-2-build-windows-i586-cygwin\jdk8u92\6642\hotspot\src\share\vm\prims\jni.cpp, line 709]
Event: 71.742 Thread 0x26918000 Exception <a 'sun/nio/fs/WindowsException'> (0x04838e80) thrown at [C:\workspace\8-2-build-windows-i586-cygwin\jdk8u92\6642\hotspot\src\share\vm\prims\jni.cpp, line 709]
Event: 71.742 Thread 0x26918000 Exception <a 'sun/nio/fs/WindowsException'> (0x048393e8) thrown at [C:\workspace\8-2-build-windows-i586-cygwin\jdk8u92\6642\hotspot\src\share\vm\prims\jni.cpp, line 709]
Event: 71.746 Thread 0x26918000 Exception <a 'sun/nio/fs/WindowsException'> (0x0484e490) thrown at [C:\workspace\8-2-build-windows-i586-cygwin\jdk8u92\6642\hotspot\src\share\vm\prims\jni.cpp, line 709]
Event: 71.746 Thread 0x26918000 Exception <a 'sun/nio/fs/WindowsException'> (0x0484e9f8) thrown at [C:\workspace\8-2-build-windows-i586-cygwin\jdk8u92\6642\hotspot\src\share\vm\prims\jni.cpp, line 709]

Events (10 events):
Event: 5239.729 Executing VM operation: RevokeBias
Event: 5239.729 Executing VM operation: RevokeBias done
Event: 5239.729 Executing VM operation: RevokeBias
Event: 5239.729 Executing VM operation: RevokeBias done
Event: 5239.967 Executing VM operation: RevokeBias
Event: 5239.967 Executing VM operation: RevokeBias done
Event: 5239.967 Executing VM operation: RevokeBias
Event: 5239.967 Executing VM operation: RevokeBias done
Event: 5239.967 Executing VM operation: RevokeBias
Event: 5239.967 Executing VM operation: RevokeBias done


Dynamic libraries:
0x010a0000 - 0x010d3000 	C:\Program Files (x86)\Arduino\java\bin\javaw.exe
0x77870000 - 0x779eb000 	C:\WINDOWS\SYSTEM32\ntdll.dll
0x74d20000 - 0x74e00000 	C:\WINDOWS\SYSTEM32\KERNEL32.DLL
0x75cc0000 - 0x75e3e000 	C:\WINDOWS\SYSTEM32\KERNELBASE.dll
0x756c0000 - 0x7573b000 	C:\WINDOWS\SYSTEM32\ADVAPI32.dll
0x745c0000 - 0x7467e000 	C:\WINDOWS\SYSTEM32\msvcrt.dll
0x747a0000 - 0x747e4000 	C:\WINDOWS\SYSTEM32\sechost.dll
0x757a0000 - 0x7584d000 	C:\WINDOWS\SYSTEM32\RPCRT4.dll
0x745a0000 - 0x745be000 	C:\WINDOWS\SYSTEM32\SspiCli.dll
0x74590000 - 0x7459a000 	C:\WINDOWS\SYSTEM32\CRYPTBASE.dll
0x75660000 - 0x756b8000 	C:\WINDOWS\SYSTEM32\bcryptPrimitives.dll
0x74a60000 - 0x74ba7000 	C:\WINDOWS\SYSTEM32\USER32.dll
0x74880000 - 0x749cf000 	C:\WINDOWS\SYSTEM32\GDI32.dll
0x72510000 - 0x7271f000 	C:\WINDOWS\WinSxS\x86_microsoft.windows.common-controls_6595b64144ccf1df_6.0.10586.0_none_d3c2e4e965da4528\COMCTL32.dll
0x759e0000 - 0x75b9d000 	C:\WINDOWS\SYSTEM32\combase.dll
0x759b0000 - 0x759db000 	C:\WINDOWS\SYSTEM32\IMM32.DLL
0x6bd00000 - 0x6bdbf000 	C:\Program Files (x86)\Arduino\java\bin\msvcr100.dll
0x65950000 - 0x65d1b000 	C:\Program Files (x86)\Arduino\java\bin\client\jvm.dll
0x75980000 - 0x75986000 	C:\WINDOWS\SYSTEM32\PSAPI.DLL
0x74180000 - 0x74188000 	C:\WINDOWS\SYSTEM32\WSOCK32.dll
0x74030000 - 0x74038000 	C:\WINDOWS\SYSTEM32\VERSION.dll
0x72350000 - 0x72374000 	C:\WINDOWS\SYSTEM32\WINMM.dll
0x74e90000 - 0x74eef000 	C:\WINDOWS\SYSTEM32\WS2_32.dll
0x00700000 - 0x00723000 	C:\WINDOWS\SYSTEM32\WINMMBASE.dll
0x747f0000 - 0x74827000 	C:\WINDOWS\SYSTEM32\cfgmgr32.dll
0x6bcc0000 - 0x6bcf1000 	C:\Program Files (x86)\Arduino\java\bin\splashscreen.dll
0x72410000 - 0x72485000 	C:\WINDOWS\system32\uxtheme.dll
0x6bcb0000 - 0x6bcbc000 	C:\Program Files (x86)\Arduino\java\bin\verify.dll
0x74680000 - 0x7479f000 	C:\WINDOWS\SYSTEM32\MSCTF.dll
0x6bc80000 - 0x6bca1000 	C:\Program Files (x86)\Arduino\java\bin\java.dll
0x6bc60000 - 0x6bc73000 	C:\Program Files (x86)\Arduino\java\bin\zip.dll
0x75ba0000 - 0x75bac000 	C:\WINDOWS\SYSTEM32\kernel.appcore.dll
0x762f0000 - 0x776ee000 	C:\WINDOWS\SYSTEM32\SHELL32.dll
0x75050000 - 0x7554a000 	C:\WINDOWS\SYSTEM32\windows.storage.dll
0x75bb0000 - 0x75bf5000 	C:\WINDOWS\SYSTEM32\shlwapi.dll
0x749d0000 - 0x74a5d000 	C:\WINDOWS\SYSTEM32\shcore.dll
0x74830000 - 0x74874000 	C:\WINDOWS\SYSTEM32\powrprof.dll
0x75970000 - 0x7597f000 	C:\WINDOWS\SYSTEM32\profapi.dll
0x6b880000 - 0x6b9c5000 	C:\Program Files (x86)\Arduino\java\bin\awt.dll
0x75e40000 - 0x75ed2000 	C:\WINDOWS\SYSTEM32\OLEAUT32.dll
0x72d70000 - 0x72e02000 	C:\WINDOWS\system32\apphelp.dll
0x72040000 - 0x7205d000 	C:\WINDOWS\system32\dwmapi.dll
0x75850000 - 0x7593b000 	C:\WINDOWS\SYSTEM32\ole32.dll
0x6bc40000 - 0x6bc56000 	C:\Program Files (x86)\Arduino\java\bin\net.dll
0x72cd0000 - 0x72d1f000 	C:\WINDOWS\system32\mswsock.dll
0x74000000 - 0x7402f000 	C:\WINDOWS\SYSTEM32\IPHLPAPI.DLL
0x75960000 - 0x75967000 	C:\WINDOWS\SYSTEM32\NSI.dll
0x61740000 - 0x6176c000 	C:\Program Files (x86)\Arduino\lib\listSerialsj.dll
0x75ee0000 - 0x762eb000 	C:\WINDOWS\SYSTEM32\SETUPAPI.dll
0x70fc0000 - 0x70fd3000 	C:\WINDOWS\SYSTEM32\dhcpcsvc6.DLL
0x70fa0000 - 0x70fb4000 	C:\WINDOWS\SYSTEM32\dhcpcsvc.DLL
0x73930000 - 0x73943000 	C:\WINDOWS\SYSTEM32\CRYPTSP.dll
0x738e0000 - 0x7390f000 	C:\WINDOWS\system32\rsaenh.dll
0x73910000 - 0x7392b000 	C:\WINDOWS\SYSTEM32\bcrypt.dll
0x72fd0000 - 0x72fe9000 	C:\WINDOWS\SYSTEM32\USERENV.dll
0x6bc30000 - 0x6bc3f000 	C:\Program Files (x86)\Arduino\java\bin\nio.dll
0x26460000 - 0x2649d000 	C:\Users\Icaro\AppData\Local\Temp\jna-70463204\jna5220964299085133093.dll
0x6bbf0000 - 0x6bc29000 	C:\Program Files (x86)\Arduino\java\bin\fontmanager.dll
0x6bbb0000 - 0x6bbe2000 	C:\Program Files (x86)\Arduino\java\bin\t2k.dll
0x73ca0000 - 0x73d24000 	C:\WINDOWS\SYSTEM32\DNSAPI.dll
0x65800000 - 0x65821000 	C:\Program Files (x86)\Bonjour\mdnsNSP.dll
0x657f0000 - 0x657f8000 	C:\Windows\System32\rasadhlp.dll
0x657a0000 - 0x657e7000 	C:\WINDOWS\System32\fwpuclnt.dll
0x6bb40000 - 0x6bba9000 	C:\Program Files (x86)\Arduino\msvcp100.dll
0x6b7c0000 - 0x6b87e000 	C:\Program Files (x86)\Arduino\msvcr100.dll
0x27750000 - 0x27782000 	C:\Program Files (x86)\Arduino\lib\AStylej.dll
0x6b790000 - 0x6b7b4000 	C:\Program Files (x86)\Arduino\java\bin\dcpr.dll
0x74e00000 - 0x74e84000 	C:\WINDOWS\SYSTEM32\clbcatq.dll
0x6df80000 - 0x6e0f3000 	C:\WINDOWS\SYSTEM32\WindowsCodecs.dll
0x6a600000 - 0x6a641000 	C:\WINDOWS\system32\dataexchange.dll
0x66b70000 - 0x66c17000 	C:\WINDOWS\system32\dcomp.dll
0x66c20000 - 0x66e3a000 	C:\WINDOWS\system32\d3d11.dll
0x66ae0000 - 0x66b63000 	C:\WINDOWS\system32\dxgi.dll
0x6fef0000 - 0x6ffbd000 	C:\WINDOWS\system32\twinapi.appcore.dll
0x6bb20000 - 0x6bb40000 	C:\Program Files (x86)\Arduino\java\bin\sunec.dll
0x6b780000 - 0x6b789000 	C:\Program Files (x86)\Arduino\java\bin\sunmscapi.dll
0x776f0000 - 0x77868000 	C:\WINDOWS\SYSTEM32\CRYPT32.dll
0x75c00000 - 0x75c0e000 	C:\WINDOWS\SYSTEM32\MSASN1.dll
0x6ad60000 - 0x6ad72000 	C:\WINDOWS\system32\napinsp.dll
0x66fb0000 - 0x66fc6000 	C:\WINDOWS\system32\pnrpnsp.dll
0x70560000 - 0x70574000 	C:\WINDOWS\system32\NLAapi.dll
0x6ad50000 - 0x6ad5b000 	C:\WINDOWS\System32\winrnr.dll
0x66f90000 - 0x66fa1000 	C:\WINDOWS\System32\wshbth.dll
0x74560000 - 0x74582000 	C:\WINDOWS\SYSTEM32\DEVOBJ.dll
0x75610000 - 0x75652000 	C:\WINDOWS\SYSTEM32\WINTRUST.dll
0x703b0000 - 0x704ef000 	C:\WINDOWS\SYSTEM32\dbghelp.dll

VM Arguments:
jvm_args: -Dsun.java2d.d3d=false -Djna.nosys=true -DAPP_DIR=C:\Program Files (x86)\Arduino -Xms128M -Xmx512M 
java_command: processing.app.Base C:\Users\Icaro\Documents\ieee-very-small\firmware\2016\radio_pipe\radio_pipe.ino
java_class_path (initial): C:\Program Files (x86)\Arduino\lib\apple.jar;C:\Program Files (x86)\Arduino\lib\arduino-core.jar;C:\Program Files (x86)\Arduino\lib\batik-1.8.jar;C:\Program Files (x86)\Arduino\lib\batik-anim-1.8.jar;C:\Program Files (x86)\Arduino\lib\batik-awt-util-1.8.jar;C:\Program Files (x86)\Arduino\lib\batik-bridge-1.8.jar;C:\Program Files (x86)\Arduino\lib\batik-codec-1.8.jar;C:\Program Files (x86)\Arduino\lib\batik-css-1.8.jar;C:\Program Files (x86)\Arduino\lib\batik-dom-1.8.jar;C:\Program Files (x86)\Arduino\lib\batik-ext-1.8.jar;C:\Program Files (x86)\Arduino\lib\batik-gvt-1.8.jar;C:\Program Files (x86)\Arduino\lib\batik-parser-1.8.jar;C:\Program Files (x86)\Arduino\lib\batik-rasterizer-1.8.jar;C:\Program Files (x86)\Arduino\lib\batik-script-1.8.jar;C:\Program Files (x86)\Arduino\lib\batik-squiggle-1.8.jar;C:\Program Files (x86)\Arduino\lib\batik-svg-dom-1.8.jar;C:\Program Files (x86)\Arduino\lib\batik-svgpp-1.8.jar;C:\Program Files (x86)\Arduino\lib\batik-transcoder-1.8.jar;C:\Program Files (x86)\Arduino\lib\batik-util-1.8.jar;C:\Program Files (x86)\Arduino\lib\batik-xml-1.8.jar;C:\Program Files (x86)\Arduino\lib\bcpg-jdk15on-152.jar;C:\Program Files (x86)\Arduino\lib\bcprov-jdk15on-152.jar;C:\Program Files (x86)\Arduino\lib\commons-codec-1.7.jar;C:\Program Files (x86)\Arduino\lib\commons-compress-1.8.jar;C:\Program Files (x86)\Arduino\lib\commons-exec-1.1.jar;C:\Program Files (x86)\Arduino\lib\commons-httpclient-3.1.jar;C:\Program Files (x86)\Arduino\lib\commons-lang3-3.3.2.jar;C:\Program Files (x86)\Arduino\lib\commons-logging-1.0.4.jar;C:\Program Files (x86)\Arduino\lib\commons-net-3.3.jar;C:\Program Files (x86)\Arduino\lib\jackson-annotations-2.6.3.jar;C:\Program Files (x86)\Arduino\lib\jackson-core-2.6.3.jar;C:\Program Files (x86)\Arduino\lib\jackson-databind-2.6.3.jar;C:\Program Files (x86)\Arduino\lib\jackson-module-mrbean-2.6.3.jar;C:\Program Files (x86)\Arduino\lib\java-semver-0.8.0.jar;C:\Program Files (x86)\Arduino\lib\jmdns-3.4.1.j
Launcher Type: SUN_STANDARD

Environment Variables:
JAVA_HOME=C:\Program Files (x86)\Java\jdk1.8.0_101
PATH=C:\Program Files (x86)\NVIDIA Corporation\PhysX\Common;C:\ProgramData\Oracle\Java\javapath;C:\Program Files\Haskell\bin;C:\Program Files\Haskell Platform\7.10.2-a\lib\extralibs\bin;C:\Program Files\Haskell Platform\7.10.2-a\bin;C:\Program Files (x86)\Rockwell Software\RSCommon;C:\Program Files (x86)\Intel\iCLS Client\;C:\Program Files\Intel\iCLS Client\;C:\WINDOWS\system32;C:\WINDOWS;C:\WINDOWS\System32\Wbem;C:\WINDOWS\System32\WindowsPowerShell\v1.0\;C:\Program Files\Intel\Intel(R) Management Engine Components\DAL;C:\Program Files (x86)\Intel\Intel(R) Management Engine Components\DAL;C:\Program Files\Intel\Intel(R) Management Engine Components\IPT;C:\Program Files (x86)\Intel\Intel(R) Management Engine Components\IPT;C:\Program Files\Samsung\SamsungLink\AllShare Framework DMS\bin\;C:\Program Files\Haskell Platform\7.10.2-a\mingw\bin;C:\Program Files (x86)\GtkSharp\2.12\bin;C:\Program Files\nodejs\;C:\Program Files\MATLAB\R2011a\runtime\win64;C:\Program Files\MATLAB\R2011a\bin;C:\Program Files (x86)\Java\jdk1.8.0_101\bin;C:\Program Files (x86)\Skype\Phone\;C:\Users\Icaro\AppData\Local\Programs\Python\Python35-32\Scripts\;C:\Users\Icaro\AppData\Local\Programs\Python\Python35-32\;C:\Users\Icaro\AppData\Roaming\cabal\bin;C:\Users\Icaro\AppData\Roaming\npm;C:\Users\Icaro\AppData\Local\.meteor\;C:\Program Files (x86)\Arduino\java\bin
USERNAME=Icaro
OS=Windows_NT
PROCESSOR_IDENTIFIER=Intel64 Family 6 Model 61 Stepping 4, GenuineIntel



---------------  S Y S T E M  ---------------

OS: Windows 10.0 , 64 bit Build 10586 (10.0.10586.0)

CPU:total 4 (2 cores per cpu, 2 threads per core) family 6 model 61 stepping 4, cmov, cx8, fxsr, mmx, sse, sse2, sse3, ssse3, sse4.1, sse4.2, popcnt, avx, avx2, aes, clmul, erms, 3dnowpref, lzcnt, ht, tsc, tscinvbit, bmi1, bmi2, adx

Memory: 4k page, physical 8301656k(3709836k free), swap 10529880k(3909916k free)

vm_info: Java HotSpot(TM) Client VM (25.92-b14) for windows-x86 JRE (1.8.0_92-b14), built on Mar 31 2016 21:09:21 by "java_re" with MS VC++ 10.0 (VS2010)

time: Thu Oct 06 19:03:10 2016
elapsed time: 5956 seconds (0d 1h 39m 16s)

