#
# A fatal error has been detected by the Java Runtime Environment:
#
#  EXCEPTION_ACCESS_VIOLATION (0xc0000005) at pc=0x617493cd, pid=10756, tid=0x00000fa8
#
# JRE version: Java(TM) SE Runtime Environment (8.0_92-b14) (build 1.8.0_92-b14)
# Java VM: Java HotSpot(TM) Client VM (25.92-b14 mixed mode windows-x86 )
# Problematic frame:
# C  [listSerialsj.dll+0x93cd]
#
# Failed to write core dump. Minidumps are not enabled by default on client versions of Windows
#
# If you would like to submit a bug report, please visit:
#   http://bugreport.java.com/bugreport/crash.jsp
# The crash happened outside the Java Virtual Machine in native code.
# See problematic frame for where to report the bug.
#

---------------  T H R E A D  ---------------

Current thread (0x25678000):  JavaThread "cc.arduino.packages.discoverers.serial.SerialBoardsLister" [_thread_in_native, id=4008, stack(0x26040000,0x26090000)]

siginfo: ExceptionCode=0xc0000005, writing address 0x00000000

Registers:
EAX=0x00000000, EBX=0x000009bc, ECX=0x00000000, EDX=0x00000001
ESP=0x2608ed90, EBP=0x2608f1e8, ESI=0x00000001, EDI=0x00d3fbe0
EIP=0x617493cd, EFLAGS=0x00010246

Top of Stack: (sp=0x2608ed90)
0x2608ed90:   00c6e2f8 0000002e 00000002 00000000
0x2608eda0:   00000003 00000000 00000000 00000000
0x2608edb0:   4da77cab fffffffe 0000006c 74f3a4c0
0x2608edc0:   00c611b8 0074dc59 00d3f840 0000005a
0x2608edd0:   00c61190 0000008e 0000002f 00000002
0x2608ede0:   00000001 0000006c 0000003c 0000008e
0x2608edf0:   008e1118 00000000 364d4f43 00000000
0x2608ee00:   00425355 25678000 0000002f 00000002 

Instructions: (pc=0x617493cd)
0x617493ad:   8b 45 08 8b 90 94 00 00 00 85 d2 74 16 8b 40 2c
0x617493bd:   c7 44 24 04 2e 00 00 00 89 04 24 e8 73 14 00 00
0x617493cd:   c6 00 00 8d 85 04 fc ff ff 89 44 24 18 8d 85 0a
0x617493dd:   fc ff ff 89 44 24 10 a1 e4 01 75 61 c7 85 04 fc 


Register to memory mapping:

EAX=0x00000000 is an unknown value
EBX=0x000009bc is an unknown value
ECX=0x00000000 is an unknown value
EDX=0x00000001 is an unknown value
ESP=0x2608ed90 is pointing into the stack for thread: 0x25678000
EBP=0x2608f1e8 is pointing into the stack for thread: 0x25678000
ESI=0x00000001 is an unknown value
EDI=0x00d3fbe0 is an unknown value


Stack: [0x26040000,0x26090000],  sp=0x2608ed90,  free space=315k
Native frames: (J=compiled Java code, j=interpreted, Vv=VM code, C=native code)
C  [listSerialsj.dll+0x93cd]
C  [listSerialsj.dll+0x2211]

Java frames: (J=compiled Java code, j=interpreted, Vv=VM code)
j  processing.app.Platform.listSerialsNative()[Ljava/lang/String;+0
j  processing.app.Platform.listSerials()Ljava/util/List;+5
j  cc.arduino.packages.discoverers.serial.SerialBoardsLister.retriggerDiscovery(Z)V+22
j  cc.arduino.packages.discoverers.serial.SerialBoardsLister.run()V+9
j  java.util.TimerThread.mainLoop()V+221
j  java.util.TimerThread.run()V+1
v  ~StubRoutines::call_stub

---------------  P R O C E S S  ---------------

Java Threads: ( => current thread )
  0x27297c00 JavaThread "JmDNS(ulisses.local.).Timer" daemon [_thread_blocked, id=9884, stack(0x27f10000,0x27f60000)]
  0x2729c000 JavaThread "JmDNS(ulisses.local.).State.Timer" [_thread_blocked, id=3584, stack(0x27e80000,0x27ed0000)]
  0x2729c800 JavaThread "JmDNS(ulisses.local.).Timer" daemon [_thread_blocked, id=3032, stack(0x27df0000,0x27e40000)]
  0x27297400 JavaThread "SocketListener(ulisses.local.)" daemon [_thread_in_native, id=2148, stack(0x27d60000,0x27db0000)]
  0x2729d400 JavaThread "JmDNS(ulisses.local.).Timer" daemon [_thread_blocked, id=2292, stack(0x28830000,0x28880000)]
  0x2729ac00 JavaThread "JmDNS(ulisses.local.).State.Timer" [_thread_blocked, id=14860, stack(0x287a0000,0x287f0000)]
  0x2729d800 JavaThread "JmDNS(ulisses.local.).Timer" daemon [_thread_blocked, id=14408, stack(0x26c30000,0x26c80000)]
  0x27298800 JavaThread "SocketListener(ulisses.local.)" daemon [_thread_in_native, id=9680, stack(0x00fe0000,0x01030000)]
  0x2729a000 JavaThread "DestroyJavaVM" [_thread_blocked, id=236, stack(0x009d0000,0x00a20000)]
  0x25792000 JavaThread "AWT-EventQueue-0" [_thread_blocked, id=15284, stack(0x27cd0000,0x27d20000)]
  0x25791c00 JavaThread "AWT-Shutdown" [_thread_blocked, id=18236, stack(0x26b90000,0x26be0000)]
  0x25794800 JavaThread "TimerQueue" daemon [_thread_blocked, id=16480, stack(0x25fa0000,0x25ff0000)]
  0x25793c00 JavaThread "Batik CleanerThread" daemon [_thread_blocked, id=5960, stack(0x25c70000,0x25cc0000)]
  0x25793000 JavaThread "JmDNS(ulisses.local.).Timer" daemon [_thread_blocked, id=7004, stack(0x26950000,0x269a0000)]
  0x25792800 JavaThread "JmDNS(ulisses.local.).State.Timer" [_thread_blocked, id=432, stack(0x268c0000,0x26910000)]
  0x25793400 JavaThread "JmDNS(ulisses.local.).Timer" daemon [_thread_blocked, id=9144, stack(0x26830000,0x26880000)]
  0x25794c00 JavaThread "SocketListener(ulisses.local.)" daemon [_thread_in_native, id=15804, stack(0x267a0000,0x267f0000)]
  0x25794000 JavaThread "JmDNS(ulisses.local.).Timer" daemon [_thread_blocked, id=12420, stack(0x265d0000,0x26620000)]
  0x2575e400 JavaThread "JmDNS(ulisses.local.).State.Timer" [_thread_blocked, id=5008, stack(0x26540000,0x26590000)]
  0x25767800 JavaThread "JmDNS(ulisses.local.).Timer" daemon [_thread_blocked, id=12428, stack(0x264b0000,0x26500000)]
  0x2575bc00 JavaThread "SocketListener(ulisses.local.)" daemon [_thread_in_native, id=13624, stack(0x263f0000,0x26440000)]
  0x256ba800 JavaThread "cc.arduino.packages.discoverers.network.BoardReachabilityFilter" [_thread_blocked, id=10948, stack(0x26160000,0x261b0000)]
  0x2567ec00 JavaThread "cc.arduino.packages.discoverers.network.NetworkChecker" [_thread_blocked, id=9156, stack(0x260d0000,0x26120000)]
=>0x25678000 JavaThread "cc.arduino.packages.discoverers.serial.SerialBoardsLister" [_thread_in_native, id=4008, stack(0x26040000,0x26090000)]
  0x25670c00 JavaThread "AWT-Windows" daemon [_thread_in_native, id=7028, stack(0x25b60000,0x25bb0000)]
  0x2566fc00 JavaThread "Java2D Disposer" daemon [_thread_blocked, id=5112, stack(0x25a40000,0x25a90000)]
  0x250a0800 JavaThread "Service Thread" daemon [_thread_blocked, id=9476, stack(0x25420000,0x25470000)]
  0x2508d000 JavaThread "C1 CompilerThread0" daemon [_thread_blocked, id=10724, stack(0x25390000,0x253e0000)]
  0x2508c400 JavaThread "Attach Listener" daemon [_thread_blocked, id=9348, stack(0x047a0000,0x047f0000)]
  0x25088400 JavaThread "Signal Dispatcher" daemon [_thread_blocked, id=7116, stack(0x045f0000,0x04640000)]
  0x2506a800 JavaThread "Finalizer" daemon [_thread_blocked, id=7584, stack(0x01100000,0x01150000)]
  0x25054800 JavaThread "Reference Handler" daemon [_thread_blocked, id=7588, stack(0x00b50000,0x00ba0000)]

Other Threads:
  0x00ecdc00 VMThread [stack: 0x00a60000,0x00ab0000] [id=224]
  0x25085400 WatcherThread [stack: 0x254b0000,0x25500000] [id=8664]

VM state:not at safepoint (normal execution)

VM Mutex/Monitor currently owned by a thread: None

Heap:
 def new generation   total 39424K, used 25366K [0x04800000, 0x072c0000, 0x0f2a0000)
  eden space 35072K,  64% used [0x04800000, 0x05e37b58, 0x06a40000)
  from space 4352K,  60% used [0x06a40000, 0x06ccdca8, 0x06e80000)
  to   space 4352K,   0% used [0x06e80000, 0x06e80000, 0x072c0000)
 tenured generation   total 87424K, used 31390K [0x0f2a0000, 0x14800000, 0x24800000)
   the space 87424K,  35% used [0x0f2a0000, 0x11147960, 0x11147a00, 0x14800000)
 Metaspace       used 19972K, capacity 20444K, committed 20480K, reserved 20864K

Card table byte_map: [0x04650000,0x04760000] byte_map_base: 0x0462c000

Polling page: 0x00b20000

CodeCache: size=32768Kb used=2350Kb max_used=3879Kb free=30417Kb
 bounds [0x025b0000, 0x02980000, 0x045b0000]
 total_blobs=1387 nmethods=1110 adapters=207
 compilation: enabled

Compilation events (10 events):
Event: 727.055 Thread 0x2508d000 2726             sun.util.locale.LocaleUtils::caseIgnoreMatch (73 bytes)
Event: 727.055 Thread 0x2508d000 nmethod 2726 0x02692a48 code [0x02692b80, 0x02692e28]
Event: 727.056 Thread 0x2508d000 2727             sun.java2d.SunGraphics2D::setColor (108 bytes)
Event: 727.056 Thread 0x2508d000 nmethod 2727 0x027c2bc8 code [0x027c2ce0, 0x027c2e68]
Event: 731.345 Thread 0x2508d000 2728             java.awt.EventQueue::uncacheEQItem (53 bytes)
Event: 731.345 Thread 0x2508d000 nmethod 2728 0x028de088 code [0x028de1a0, 0x028de2fc]
Event: 731.392 Thread 0x2508d000 2729             java.awt.EventQueue::cacheEQItem (60 bytes)
Event: 731.392 Thread 0x2508d000 nmethod 2729 0x02692508 code [0x02692620, 0x0269286c]
Event: 784.049 Thread 0x2508d000 2730 % !         java.util.TimerThread::mainLoop @ 0 (232 bytes)
Event: 784.050 Thread 0x2508d000 nmethod 2730% 0x02691148 code [0x026912e0, 0x02691ab8]

GC Heap History (10 events):
Event: 3.568 GC heap before
{Heap before GC invocations=2 (full 0):
 def new generation   total 39296K, used 23141K [0x04800000, 0x072a0000, 0x0f2a0000)
  eden space 34944K,  53% used [0x04800000, 0x05a597d0, 0x06a20000)
  from space 4352K, 100% used [0x06a20000, 0x06e60000, 0x06e60000)
  to   space 4352K,   0% used [0x06e60000, 0x06e60000, 0x072a0000)
 tenured generation   total 87424K, used 7894K [0x0f2a0000, 0x14800000, 0x24800000)
   the space 87424K,   9% used [0x0f2a0000, 0x0fa55808, 0x0fa55a00, 0x14800000)
 Metaspace       used 11858K, capacity 12243K, committed 12288K, reserved 12672K
Event: 3.595 GC heap after
Heap after GC invocations=3 (full 1):
 def new generation   total 39424K, used 0K [0x04800000, 0x072c0000, 0x0f2a0000)
  eden space 35072K,   0% used [0x04800000, 0x04800000, 0x06a40000)
  from space 4352K,   0% used [0x06a40000, 0x06a40000, 0x06e80000)
  to   space 4352K,   0% used [0x06e80000, 0x06e80000, 0x072c0000)
 tenured generation   total 87424K, used 13044K [0x0f2a0000, 0x14800000, 0x24800000)
   the space 87424K,  14% used [0x0f2a0000, 0x0ff5d308, 0x0ff5d400, 0x14800000)
 Metaspace       used 11858K, capacity 12243K, committed 12288K, reserved 12672K
}
Event: 5.941 GC heap before
{Heap before GC invocations=3 (full 1):
 def new generation   total 39424K, used 35072K [0x04800000, 0x072c0000, 0x0f2a0000)
  eden space 35072K, 100% used [0x04800000, 0x06a40000, 0x06a40000)
  from space 4352K,   0% used [0x06a40000, 0x06a40000, 0x06e80000)
  to   space 4352K,   0% used [0x06e80000, 0x06e80000, 0x072c0000)
 tenured generation   total 87424K, used 13044K [0x0f2a0000, 0x14800000, 0x24800000)
   the space 87424K,  14% used [0x0f2a0000, 0x0ff5d308, 0x0ff5d400, 0x14800000)
 Metaspace       used 15722K, capacity 16154K, committed 16256K, reserved 16768K
Event: 5.951 GC heap after
Heap after GC invocations=4 (full 1):
 def new generation   total 39424K, used 4352K [0x04800000, 0x072c0000, 0x0f2a0000)
  eden space 35072K,   0% used [0x04800000, 0x04800000, 0x06a40000)
  from space 4352K, 100% used [0x06e80000, 0x072c0000, 0x072c0000)
  to   space 4352K,   0% used [0x06a40000, 0x06a40000, 0x06e80000)
 tenured generation   total 87424K, used 14522K [0x0f2a0000, 0x14800000, 0x24800000)
   the space 87424K,  16% used [0x0f2a0000, 0x100ce898, 0x100cea00, 0x14800000)
 Metaspace       used 15722K, capacity 16154K, committed 16256K, reserved 16768K
}
Event: 67.829 GC heap before
{Heap before GC invocations=4 (full 1):
 def new generation   total 39424K, used 39424K [0x04800000, 0x072c0000, 0x0f2a0000)
  eden space 35072K, 100% used [0x04800000, 0x06a40000, 0x06a40000)
  from space 4352K, 100% used [0x06e80000, 0x072c0000, 0x072c0000)
  to   space 4352K,   0% used [0x06a40000, 0x06a40000, 0x06e80000)
 tenured generation   total 87424K, used 14522K [0x0f2a0000, 0x14800000, 0x24800000)
   the space 87424K,  16% used [0x0f2a0000, 0x100ce898, 0x100cea00, 0x14800000)
 Metaspace       used 18535K, capacity 19031K, committed 19072K, reserved 19840K
Event: 67.845 GC heap after
Heap after GC invocations=5 (full 1):
 def new generation   total 39424K, used 4352K [0x04800000, 0x072c0000, 0x0f2a0000)
  eden space 35072K,   0% used [0x04800000, 0x04800000, 0x06a40000)
  from space 4352K, 100% used [0x06a40000, 0x06e80000, 0x06e80000)
  to   space 4352K,   0% used [0x06e80000, 0x06e80000, 0x072c0000)
 tenured generation   total 87424K, used 20265K [0x0f2a0000, 0x14800000, 0x24800000)
   the space 87424K,  23% used [0x0f2a0000, 0x1066a790, 0x1066a800, 0x14800000)
 Metaspace       used 18535K, capacity 19031K, committed 19072K, reserved 19840K
}
Event: 83.099 GC heap before
{Heap before GC invocations=5 (full 1):
 def new generation   total 39424K, used 39424K [0x04800000, 0x072c0000, 0x0f2a0000)
  eden space 35072K, 100% used [0x04800000, 0x06a40000, 0x06a40000)
  from space 4352K, 100% used [0x06a40000, 0x06e80000, 0x06e80000)
  to   space 4352K,   0% used [0x06e80000, 0x06e80000, 0x072c0000)
 tenured generation   total 87424K, used 20265K [0x0f2a0000, 0x14800000, 0x24800000)
   the space 87424K,  23% used [0x0f2a0000, 0x1066a790, 0x1066a800, 0x14800000)
 Metaspace       used 19940K, capacity 20412K, committed 20480K, reserved 20864K
Event: 83.118 GC heap after
Heap after GC invocations=6 (full 1):
 def new generation   total 39424K, used 4352K [0x04800000, 0x072c0000, 0x0f2a0000)
  eden space 35072K,   0% used [0x04800000, 0x04800000, 0x06a40000)
  from space 4352K, 100% used [0x06e80000, 0x072c0000, 0x072c0000)
  to   space 4352K,   0% used [0x06a40000, 0x06a40000, 0x06e80000)
 tenured generation   total 87424K, used 27106K [0x0f2a0000, 0x14800000, 0x24800000)
   the space 87424K,  31% used [0x0f2a0000, 0x10d18b90, 0x10d18c00, 0x14800000)
 Metaspace       used 19940K, capacity 20412K, committed 20480K, reserved 20864K
}
Event: 634.426 GC heap before
{Heap before GC invocations=6 (full 1):
 def new generation   total 39424K, used 39424K [0x04800000, 0x072c0000, 0x0f2a0000)
  eden space 35072K, 100% used [0x04800000, 0x06a40000, 0x06a40000)
  from space 4352K, 100% used [0x06e80000, 0x072c0000, 0x072c0000)
  to   space 4352K,   0% used [0x06a40000, 0x06a40000, 0x06e80000)
 tenured generation   total 87424K, used 27106K [0x0f2a0000, 0x14800000, 0x24800000)
   the space 87424K,  31% used [0x0f2a0000, 0x10d18b90, 0x10d18c00, 0x14800000)
 Metaspace       used 19962K, capacity 20444K, committed 20480K, reserved 20864K
Event: 634.434 GC heap after
Heap after GC invocations=7 (full 1):
 def new generation   total 39424K, used 2615K [0x04800000, 0x072c0000, 0x0f2a0000)
  eden space 35072K,   0% used [0x04800000, 0x04800000, 0x06a40000)
  from space 4352K,  60% used [0x06a40000, 0x06ccdca8, 0x06e80000)
  to   space 4352K,   0% used [0x06e80000, 0x06e80000, 0x072c0000)
 tenured generation   total 87424K, used 31390K [0x0f2a0000, 0x14800000, 0x24800000)
   the space 87424K,  35% used [0x0f2a0000, 0x11147960, 0x11147a00, 0x14800000)
 Metaspace       used 19962K, capacity 20444K, committed 20480K, reserved 20864K
}

Deoptimization events (0 events):
No events

Internal exceptions (10 events):
Event: 643.733 Thread 0x27299400 Exception <a 'sun/nio/fs/WindowsException'> (0x05019f10) thrown at [C:\workspace\8-2-build-windows-i586-cygwin\jdk8u92\6642\hotspot\src\share\vm\prims\jni.cpp, line 709]
Event: 643.733 Thread 0x27299400 Exception <a 'sun/nio/fs/WindowsException'> (0x0501a608) thrown at [C:\workspace\8-2-build-windows-i586-cygwin\jdk8u92\6642\hotspot\src\share\vm\prims\jni.cpp, line 709]
Event: 643.735 Thread 0x27299400 Exception <a 'sun/nio/fs/WindowsException'> (0x05020ef0) thrown at [C:\workspace\8-2-build-windows-i586-cygwin\jdk8u92\6642\hotspot\src\share\vm\prims\jni.cpp, line 709]
Event: 643.735 Thread 0x27299400 Exception <a 'sun/nio/fs/WindowsException'> (0x05021448) thrown at [C:\workspace\8-2-build-windows-i586-cygwin\jdk8u92\6642\hotspot\src\share\vm\prims\jni.cpp, line 709]
Event: 643.737 Thread 0x27299400 Exception <a 'sun/nio/fs/WindowsException'> (0x05039fd8) thrown at [C:\workspace\8-2-build-windows-i586-cygwin\jdk8u92\6642\hotspot\src\share\vm\prims\jni.cpp, line 709]
Event: 643.737 Thread 0x27299400 Exception <a 'sun/nio/fs/WindowsException'> (0x0503a540) thrown at [C:\workspace\8-2-build-windows-i586-cygwin\jdk8u92\6642\hotspot\src\share\vm\prims\jni.cpp, line 709]
Event: 643.738 Thread 0x27299400 Exception <a 'sun/nio/fs/WindowsException'> (0x05045110) thrown at [C:\workspace\8-2-build-windows-i586-cygwin\jdk8u92\6642\hotspot\src\share\vm\prims\jni.cpp, line 709]
Event: 643.738 Thread 0x27299400 Exception <a 'sun/nio/fs/WindowsException'> (0x05045678) thrown at [C:\workspace\8-2-build-windows-i586-cygwin\jdk8u92\6642\hotspot\src\share\vm\prims\jni.cpp, line 709]
Event: 643.740 Thread 0x27299400 Exception <a 'sun/nio/fs/WindowsException'> (0x0505a638) thrown at [C:\workspace\8-2-build-windows-i586-cygwin\jdk8u92\6642\hotspot\src\share\vm\prims\jni.cpp, line 709]
Event: 643.740 Thread 0x27299400 Exception <a 'sun/nio/fs/WindowsException'> (0x0505aba0) thrown at [C:\workspace\8-2-build-windows-i586-cygwin\jdk8u92\6642\hotspot\src\share\vm\prims\jni.cpp, line 709]

Events (10 events):
Event: 722.554 Thread 0x2508d000 flushing nmethod 0x028de388
Event: 722.554 Thread 0x2508d000 flushing nmethod 0x028dfa48
Event: 722.554 Thread 0x2508d000 flushing nmethod 0x028dfd88
Event: 723.936 Thread 0x2508d000 flushing nmethod 0x027c19c8
Event: 723.936 Thread 0x2508d000 flushing nmethod 0x027c29c8
Event: 723.936 Thread 0x2508d000 flushing nmethod 0x02885548
Event: 727.054 Executing VM operation: BulkRevokeBias
Event: 727.054 Executing VM operation: BulkRevokeBias done
Event: 727.056 Thread 0x2508d000 flushing nmethod 0x028e0448
Event: 729.721 Thread 0x2729ec00 Thread exited: 0x2729ec00


Dynamic libraries:
0x01170000 - 0x011a3000 	C:\Program Files (x86)\Arduino\java\bin\javaw.exe
0x77880000 - 0x779fb000 	C:\WINDOWS\SYSTEM32\ntdll.dll
0x76c80000 - 0x76d60000 	C:\WINDOWS\SYSTEM32\KERNEL32.DLL
0x754b0000 - 0x7562e000 	C:\WINDOWS\SYSTEM32\KERNELBASE.dll
0x745d0000 - 0x7464b000 	C:\WINDOWS\SYSTEM32\ADVAPI32.dll
0x74e50000 - 0x74f0e000 	C:\WINDOWS\SYSTEM32\msvcrt.dll
0x76de0000 - 0x76e24000 	C:\WINDOWS\SYSTEM32\sechost.dll
0x74a20000 - 0x74acd000 	C:\WINDOWS\SYSTEM32\RPCRT4.dll
0x745b0000 - 0x745ce000 	C:\WINDOWS\SYSTEM32\SspiCli.dll
0x745a0000 - 0x745aa000 	C:\WINDOWS\SYSTEM32\CRYPTBASE.dll
0x77190000 - 0x771e8000 	C:\WINDOWS\SYSTEM32\bcryptPrimitives.dll
0x76ee0000 - 0x77027000 	C:\WINDOWS\SYSTEM32\USER32.dll
0x747a0000 - 0x748ef000 	C:\WINDOWS\SYSTEM32\GDI32.dll
0x724b0000 - 0x726bf000 	C:\WINDOWS\WinSxS\x86_microsoft.windows.common-controls_6595b64144ccf1df_6.0.10586.0_none_d3c2e4e965da4528\COMCTL32.dll
0x74ae0000 - 0x74c9d000 	C:\WINDOWS\SYSTEM32\combase.dll
0x749f0000 - 0x74a1b000 	C:\WINDOWS\SYSTEM32\IMM32.DLL
0x53cd0000 - 0x53d8f000 	C:\Program Files (x86)\Arduino\java\bin\msvcr100.dll
0x53900000 - 0x53ccb000 	C:\Program Files (x86)\Arduino\java\bin\client\jvm.dll
0x76c70000 - 0x76c76000 	C:\WINDOWS\SYSTEM32\PSAPI.DLL
0x74130000 - 0x74138000 	C:\WINDOWS\SYSTEM32\WSOCK32.dll
0x72210000 - 0x72234000 	C:\WINDOWS\SYSTEM32\WINMM.dll
0x74060000 - 0x74068000 	C:\WINDOWS\SYSTEM32\VERSION.dll
0x77130000 - 0x7718f000 	C:\WINDOWS\SYSTEM32\WS2_32.dll
0x721c0000 - 0x721e3000 	C:\WINDOWS\SYSTEM32\WINMMBASE.dll
0x74ca0000 - 0x74cd7000 	C:\WINDOWS\SYSTEM32\cfgmgr32.dll
0x538c0000 - 0x538f1000 	C:\Program Files (x86)\Arduino\java\bin\splashscreen.dll
0x72430000 - 0x724a5000 	C:\WINDOWS\system32\uxtheme.dll
0x56ff0000 - 0x56ffc000 	C:\Program Files (x86)\Arduino\java\bin\verify.dll
0x53890000 - 0x538b1000 	C:\Program Files (x86)\Arduino\java\bin\java.dll
0x76ac0000 - 0x76bdf000 	C:\WINDOWS\SYSTEM32\MSCTF.dll
0x53870000 - 0x53883000 	C:\Program Files (x86)\Arduino\java\bin\zip.dll
0x74790000 - 0x7479c000 	C:\WINDOWS\SYSTEM32\kernel.appcore.dll
0x75660000 - 0x76a5e000 	C:\WINDOWS\SYSTEM32\SHELL32.dll
0x771f0000 - 0x776ea000 	C:\WINDOWS\SYSTEM32\windows.storage.dll
0x76e90000 - 0x76ed5000 	C:\WINDOWS\SYSTEM32\shlwapi.dll
0x76be0000 - 0x76c6d000 	C:\WINDOWS\SYSTEM32\shcore.dll
0x77830000 - 0x77874000 	C:\WINDOWS\SYSTEM32\powrprof.dll
0x77120000 - 0x7712f000 	C:\WINDOWS\SYSTEM32\profapi.dll
0x53720000 - 0x53865000 	C:\Program Files (x86)\Arduino\java\bin\awt.dll
0x776f0000 - 0x77782000 	C:\WINDOWS\SYSTEM32\OLEAUT32.dll
0x72d80000 - 0x72e12000 	C:\WINDOWS\system32\apphelp.dll
0x72150000 - 0x7216d000 	C:\WINDOWS\system32\dwmapi.dll
0x77030000 - 0x7711b000 	C:\WINDOWS\SYSTEM32\ole32.dll
0x53700000 - 0x53716000 	C:\Program Files (x86)\Arduino\java\bin\net.dll
0x72ce0000 - 0x72d2f000 	C:\WINDOWS\system32\mswsock.dll
0x73cb0000 - 0x73cdf000 	C:\WINDOWS\SYSTEM32\IPHLPAPI.DLL
0x74ad0000 - 0x74ad7000 	C:\WINDOWS\SYSTEM32\NSI.dll
0x61740000 - 0x6176c000 	C:\Program Files (x86)\Arduino\lib\listSerialsj.dll
0x74f10000 - 0x7531b000 	C:\WINDOWS\SYSTEM32\SETUPAPI.dll
0x70ed0000 - 0x70ee3000 	C:\WINDOWS\SYSTEM32\dhcpcsvc6.DLL
0x70eb0000 - 0x70ec4000 	C:\WINDOWS\SYSTEM32\dhcpcsvc.DLL
0x73940000 - 0x73953000 	C:\WINDOWS\SYSTEM32\CRYPTSP.dll
0x738f0000 - 0x7391f000 	C:\WINDOWS\system32\rsaenh.dll
0x73920000 - 0x7393b000 	C:\WINDOWS\SYSTEM32\bcrypt.dll
0x73070000 - 0x73089000 	C:\WINDOWS\SYSTEM32\USERENV.dll
0x536f0000 - 0x536ff000 	C:\Program Files (x86)\Arduino\java\bin\nio.dll
0x73ce0000 - 0x73d64000 	C:\WINDOWS\SYSTEM32\DNSAPI.dll
0x703e0000 - 0x70401000 	C:\Program Files (x86)\Bonjour\mdnsNSP.dll
0x6ded0000 - 0x6ded8000 	C:\Windows\System32\rasadhlp.dll
0x6cb50000 - 0x6cb97000 	C:\WINDOWS\System32\fwpuclnt.dll
0x26620000 - 0x2665d000 	C:\Users\Icaro\AppData\Local\Temp\jna-70463204\jna3095883142384584298.dll
0x536b0000 - 0x536e9000 	C:\Program Files (x86)\Arduino\java\bin\fontmanager.dll
0x53670000 - 0x536a2000 	C:\Program Files (x86)\Arduino\java\bin\t2k.dll
0x74370000 - 0x74392000 	C:\WINDOWS\SYSTEM32\DEVOBJ.dll
0x746e0000 - 0x74722000 	C:\WINDOWS\SYSTEM32\WINTRUST.dll
0x75630000 - 0x7563e000 	C:\WINDOWS\SYSTEM32\MSASN1.dll
0x75330000 - 0x754a8000 	C:\WINDOWS\SYSTEM32\CRYPT32.dll
0x53600000 - 0x53669000 	C:\Program Files (x86)\Arduino\msvcp100.dll
0x53540000 - 0x535fe000 	C:\Program Files (x86)\Arduino\msvcr100.dll
0x25a90000 - 0x25ac2000 	C:\Program Files (x86)\Arduino\lib\AStylej.dll
0x53510000 - 0x53534000 	C:\Program Files (x86)\Arduino\java\bin\dcpr.dll
0x74650000 - 0x746d4000 	C:\WINDOWS\SYSTEM32\clbcatq.dll
0x6db30000 - 0x6dca3000 	C:\WINDOWS\SYSTEM32\WindowsCodecs.dll
0x69670000 - 0x696b1000 	C:\WINDOWS\system32\dataexchange.dll
0x69450000 - 0x6966a000 	C:\WINDOWS\system32\d3d11.dll
0x693a0000 - 0x69447000 	C:\WINDOWS\system32\dcomp.dll
0x69310000 - 0x69393000 	C:\WINDOWS\system32\dxgi.dll
0x6e470000 - 0x6e53d000 	C:\WINDOWS\system32\twinapi.appcore.dll
0x64000000 - 0x6401b000 	C:\Users\Icaro\.jssc\windows\jSSC-2.8_x86.dll
0x6ccb0000 - 0x6ccd0000 	C:\Program Files (x86)\Arduino\java\bin\sunec.dll
0x6cca0000 - 0x6cca9000 	C:\Program Files (x86)\Arduino\java\bin\sunmscapi.dll
0x67a90000 - 0x67aa2000 	C:\WINDOWS\system32\napinsp.dll
0x67a70000 - 0x67a86000 	C:\WINDOWS\system32\pnrpnsp.dll
0x6e7c0000 - 0x6e7d4000 	C:\WINDOWS\system32\NLAapi.dll
0x67a60000 - 0x67a6b000 	C:\WINDOWS\System32\winrnr.dll
0x67a40000 - 0x67a51000 	C:\WINDOWS\System32\wshbth.dll
0x70450000 - 0x7058f000 	C:\WINDOWS\SYSTEM32\dbghelp.dll

VM Arguments:
jvm_args: -Dsun.java2d.d3d=false -Djna.nosys=true -DAPP_DIR=C:\Program Files (x86)\Arduino -Xms128M -Xmx512M 
java_command: processing.app.Base C:\Users\Icaro\Documents\ieee-very-small\firmware\2016\radio_pipe\radio_pipe.ino
java_class_path (initial): C:\Program Files (x86)\Arduino\lib\apple.jar;C:\Program Files (x86)\Arduino\lib\arduino-core.jar;C:\Program Files (x86)\Arduino\lib\batik-1.8.jar;C:\Program Files (x86)\Arduino\lib\batik-anim-1.8.jar;C:\Program Files (x86)\Arduino\lib\batik-awt-util-1.8.jar;C:\Program Files (x86)\Arduino\lib\batik-bridge-1.8.jar;C:\Program Files (x86)\Arduino\lib\batik-codec-1.8.jar;C:\Program Files (x86)\Arduino\lib\batik-css-1.8.jar;C:\Program Files (x86)\Arduino\lib\batik-dom-1.8.jar;C:\Program Files (x86)\Arduino\lib\batik-ext-1.8.jar;C:\Program Files (x86)\Arduino\lib\batik-gvt-1.8.jar;C:\Program Files (x86)\Arduino\lib\batik-parser-1.8.jar;C:\Program Files (x86)\Arduino\lib\batik-rasterizer-1.8.jar;C:\Program Files (x86)\Arduino\lib\batik-script-1.8.jar;C:\Program Files (x86)\Arduino\lib\batik-squiggle-1.8.jar;C:\Program Files (x86)\Arduino\lib\batik-svg-dom-1.8.jar;C:\Program Files (x86)\Arduino\lib\batik-svgpp-1.8.jar;C:\Program Files (x86)\Arduino\lib\batik-transcoder-1.8.jar;C:\Program Files (x86)\Arduino\lib\batik-util-1.8.jar;C:\Program Files (x86)\Arduino\lib\batik-xml-1.8.jar;C:\Program Files (x86)\Arduino\lib\bcpg-jdk15on-152.jar;C:\Program Files (x86)\Arduino\lib\bcprov-jdk15on-152.jar;C:\Program Files (x86)\Arduino\lib\commons-codec-1.7.jar;C:\Program Files (x86)\Arduino\lib\commons-compress-1.8.jar;C:\Program Files (x86)\Arduino\lib\commons-exec-1.1.jar;C:\Program Files (x86)\Arduino\lib\commons-httpclient-3.1.jar;C:\Program Files (x86)\Arduino\lib\commons-lang3-3.3.2.jar;C:\Program Files (x86)\Arduino\lib\commons-logging-1.0.4.jar;C:\Program Files (x86)\Arduino\lib\commons-net-3.3.jar;C:\Program Files (x86)\Arduino\lib\jackson-annotations-2.6.3.jar;C:\Program Files (x86)\Arduino\lib\jackson-core-2.6.3.jar;C:\Program Files (x86)\Arduino\lib\jackson-databind-2.6.3.jar;C:\Program Files (x86)\Arduino\lib\jackson-module-mrbean-2.6.3.jar;C:\Program Files (x86)\Arduino\lib\java-semver-0.8.0.jar;C:\Program Files (x86)\Arduino\lib\jmdns-3.4.1.j
Launcher Type: SUN_STANDARD

Environment Variables:
JAVA_HOME=C:\Program Files (x86)\Java\jdk1.8.0_101
PATH=C:\Program Files (x86)\NVIDIA Corporation\PhysX\Common;C:\ProgramData\Oracle\Java\javapath;C:\Program Files\Haskell\bin;C:\Program Files\Haskell Platform\7.10.2-a\lib\extralibs\bin;C:\Program Files\Haskell Platform\7.10.2-a\bin;C:\Program Files (x86)\Rockwell Software\RSCommon;C:\Program Files (x86)\Intel\iCLS Client\;C:\Program Files\Intel\iCLS Client\;C:\WINDOWS\system32;C:\WINDOWS;C:\WINDOWS\System32\Wbem;C:\WINDOWS\System32\WindowsPowerShell\v1.0\;C:\Program Files\Intel\Intel(R) Management Engine Components\DAL;C:\Program Files (x86)\Intel\Intel(R) Management Engine Components\DAL;C:\Program Files\Intel\Intel(R) Management Engine Components\IPT;C:\Program Files (x86)\Intel\Intel(R) Management Engine Components\IPT;C:\Program Files\Samsung\SamsungLink\AllShare Framework DMS\bin\;C:\Program Files\Haskell Platform\7.10.2-a\mingw\bin;C:\Program Files (x86)\GtkSharp\2.12\bin;C:\Program Files\nodejs\;C:\Program Files\MATLAB\R2011a\runtime\win64;C:\Program Files\MATLAB\R2011a\bin;C:\Program Files (x86)\Java\jdk1.8.0_101\bin;C:\Program Files (x86)\Skype\Phone\;C:\Users\Icaro\AppData\Local\Programs\Python\Python35-32\Scripts\;C:\Users\Icaro\AppData\Local\Programs\Python\Python35-32\;C:\Users\Icaro\AppData\Roaming\cabal\bin;C:\Users\Icaro\AppData\Roaming\npm;C:\Users\Icaro\AppData\Local\.meteor\;C:\Program Files (x86)\Arduino\java\bin
USERNAME=Icaro
OS=Windows_NT
PROCESSOR_IDENTIFIER=Intel64 Family 6 Model 61 Stepping 4, GenuineIntel



---------------  S Y S T E M  ---------------

OS: Windows 10.0 , 64 bit Build 10586 (10.0.10586.0)

CPU:total 4 (2 cores per cpu, 2 threads per core) family 6 model 61 stepping 4, cmov, cx8, fxsr, mmx, sse, sse2, sse3, ssse3, sse4.1, sse4.2, popcnt, avx, avx2, aes, clmul, erms, 3dnowpref, lzcnt, ht, tsc, tscinvbit, bmi1, bmi2, adx

Memory: 4k page, physical 8301656k(5324792k free), swap 11054168k(7852188k free)

vm_info: Java HotSpot(TM) Client VM (25.92-b14) for windows-x86 JRE (1.8.0_92-b14), built on Mar 31 2016 21:09:21 by "java_re" with MS VC++ 10.0 (VS2010)

time: Wed Sep 28 23:42:29 2016
elapsed time: 789 seconds (0d 0h 13m 9s)

