#
# A fatal error has been detected by the Java Runtime Environment:
#
#  EXCEPTION_ACCESS_VIOLATION (0xc0000005) at pc=0x617493cd, pid=11200, tid=0x00001d5c
#
# JRE version: Java(TM) SE Runtime Environment (8.0_92-b14) (build 1.8.0_92-b14)
# Java VM: Java HotSpot(TM) Client VM (25.92-b14 mixed mode windows-x86 )
# Problematic frame:
# C  [listSerialsj.dll+0x93cd]
#
# Failed to write core dump. Minidumps are not enabled by default on client versions of Windows
#
# If you would like to submit a bug report, please visit:
#   http://bugreport.java.com/bugreport/crash.jsp
# The crash happened outside the Java Virtual Machine in native code.
# See problematic frame for where to report the bug.
#

---------------  T H R E A D  ---------------

Current thread (0x256d6800):  JavaThread "cc.arduino.packages.discoverers.serial.SerialBoardsLister" [_thread_in_native, id=7516, stack(0x260a0000,0x260f0000)]

siginfo: ExceptionCode=0xc0000005, writing address 0x00000000

Registers:
EAX=0x00000000, EBX=0x000009d8, ECX=0x00000000, EDX=0x00000001
ESP=0x260eec80, EBP=0x260ef0d8, ESI=0x00000001, EDI=0x01031700
EIP=0x617493cd, EFLAGS=0x00010246

Top of Stack: (sp=0x260eec80)
0x260eec80:   0115e670 0000002e 00000002 00000000
0x260eec90:   00000003 00000000 00000000 00000000
0x260eeca0:   000003ec 260eeedc 0000006c 75caa4c0
0x260eecb0:   011511e0 00f9f66c 010318d0 0000004d
0x260eecc0:   260ef390 260ef2c0 0000002f 00000002
0x260eecd0:   00000001 0000006c 0000003c 0000008e
0x260eece0:   008e77a9 00000000 354d4f43 00000000
0x260eecf0:   00425355 260eee2c 668530dc 00000000 

Instructions: (pc=0x617493cd)
0x617493ad:   8b 45 08 8b 90 94 00 00 00 85 d2 74 16 8b 40 2c
0x617493bd:   c7 44 24 04 2e 00 00 00 89 04 24 e8 73 14 00 00
0x617493cd:   c6 00 00 8d 85 04 fc ff ff 89 44 24 18 8d 85 0a
0x617493dd:   fc ff ff 89 44 24 10 a1 e4 01 75 61 c7 85 04 fc 


Register to memory mapping:

EAX=0x00000000 is an unknown value
EBX=0x000009d8 is an unknown value
ECX=0x00000000 is an unknown value
EDX=0x00000001 is an unknown value
ESP=0x260eec80 is pointing into the stack for thread: 0x256d6800
EBP=0x260ef0d8 is pointing into the stack for thread: 0x256d6800
ESI=0x00000001 is an unknown value
EDI=0x01031700 is an unknown value


Stack: [0x260a0000,0x260f0000],  sp=0x260eec80,  free space=315k
Native frames: (J=compiled Java code, j=interpreted, Vv=VM code, C=native code)
C  [listSerialsj.dll+0x93cd]
C  [listSerialsj.dll+0x2211]

Java frames: (J=compiled Java code, j=interpreted, Vv=VM code)
j  processing.app.Platform.listSerialsNative()[Ljava/lang/String;+0
j  processing.app.Platform.listSerials()Ljava/util/List;+5
j  cc.arduino.packages.discoverers.serial.SerialBoardsLister.retriggerDiscovery(Z)V+22
j  cc.arduino.packages.discoverers.serial.SerialBoardsLister.run()V+9
j  java.util.TimerThread.mainLoop()V+221
j  java.util.TimerThread.run()V+1
v  ~StubRoutines::call_stub

---------------  P R O C E S S  ---------------

Java Threads: ( => current thread )
  0x26d37800 JavaThread "JmDNS(ulisses.local.).Timer" daemon [_thread_blocked, id=6596, stack(0x28ab0000,0x28b00000)]
  0x26d38800 JavaThread "JmDNS(ulisses.local.).State.Timer" [_thread_blocked, id=7508, stack(0x28a20000,0x28a70000)]
  0x26d37000 JavaThread "JmDNS(ulisses.local.).Timer" daemon [_thread_blocked, id=10756, stack(0x28990000,0x289e0000)]
  0x26d34400 JavaThread "SocketListener(ulisses.local.)" daemon [_thread_in_native, id=8016, stack(0x28900000,0x28950000)]
  0x26d37c00 JavaThread "JmDNS(ulisses.local.).Timer" daemon [_thread_blocked, id=2012, stack(0x28870000,0x288c0000)]
  0x26d38400 JavaThread "JmDNS(ulisses.local.).State.Timer" [_thread_blocked, id=2868, stack(0x287e0000,0x28830000)]
  0x26d36800 JavaThread "JmDNS(ulisses.local.).Timer" daemon [_thread_blocked, id=8380, stack(0x26780000,0x267d0000)]
  0x26d3a400 JavaThread "SocketListener(ulisses.local.)" daemon [_thread_in_native, id=2876, stack(0x02730000,0x02780000)]
  0x26d36400 JavaThread "DestroyJavaVM" [_thread_blocked, id=2344, stack(0x00a10000,0x00a60000)]
  0x26d35c00 JavaThread "Timer-0" [_thread_blocked, id=3908, stack(0x00b30000,0x00b80000)]
  0x26946400 JavaThread "AWT-EventQueue-0" [_thread_blocked, id=2132, stack(0x28030000,0x28080000)]
  0x26946000 JavaThread "AWT-Shutdown" [_thread_blocked, id=2800, stack(0x27920000,0x27970000)]
  0x26943800 JavaThread "TimerQueue" daemon [_thread_blocked, id=2564, stack(0x27890000,0x278e0000)]
  0x26944000 JavaThread "Batik CleanerThread" daemon [_thread_blocked, id=8708, stack(0x279f0000,0x27a40000)]
  0x26944400 JavaThread "JmDNS(ulisses.local.).Timer" daemon [_thread_blocked, id=7876, stack(0x27700000,0x27750000)]
  0x26944c00 JavaThread "JmDNS(ulisses.local.).State.Timer" [_thread_blocked, id=4212, stack(0x27670000,0x276c0000)]
  0x26945400 JavaThread "JmDNS(ulisses.local.).Timer" daemon [_thread_blocked, id=9532, stack(0x275e0000,0x27630000)]
  0x26943400 JavaThread "SocketListener(ulisses.local.)" daemon [_thread_in_native, id=10216, stack(0x25b30000,0x25b80000)]
  0x26942c00 JavaThread "JmDNS(ulisses.local.).Timer" daemon [_thread_blocked, id=11060, stack(0x27350000,0x273a0000)]
  0x2595ec00 JavaThread "JmDNS(ulisses.local.).State.Timer" [_thread_blocked, id=9400, stack(0x272c0000,0x27310000)]
  0x2595e400 JavaThread "JmDNS(ulisses.local.).Timer" daemon [_thread_blocked, id=11108, stack(0x27230000,0x27280000)]
  0x2692c400 JavaThread "SocketListener(ulisses.local.)" daemon [_thread_in_native, id=8752, stack(0x265e0000,0x26630000)]
  0x2573cc00 JavaThread "cc.arduino.packages.discoverers.network.BoardReachabilityFilter" [_thread_blocked, id=11128, stack(0x261c0000,0x26210000)]
  0x256ddc00 JavaThread "cc.arduino.packages.discoverers.network.NetworkChecker" [_thread_blocked, id=5960, stack(0x26130000,0x26180000)]
=>0x256d6800 JavaThread "cc.arduino.packages.discoverers.serial.SerialBoardsLister" [_thread_in_native, id=7516, stack(0x260a0000,0x260f0000)]
  0x25691400 JavaThread "AWT-Windows" daemon [_thread_in_native, id=8268, stack(0x25bc0000,0x25c10000)]
  0x25681800 JavaThread "Java2D Disposer" daemon [_thread_blocked, id=3896, stack(0x25aa0000,0x25af0000)]
  0x25292000 JavaThread "Service Thread" daemon [_thread_blocked, id=5292, stack(0x00eb0000,0x00f00000)]
  0x2529c000 JavaThread "C1 CompilerThread0" daemon [_thread_blocked, id=9348, stack(0x00e20000,0x00e70000)]
  0x2529ac00 JavaThread "Attach Listener" daemon [_thread_blocked, id=4560, stack(0x00d90000,0x00de0000)]
  0x25298c00 JavaThread "Signal Dispatcher" daemon [_thread_blocked, id=7736, stack(0x00d00000,0x00d50000)]
  0x2527a800 JavaThread "Finalizer" daemon [_thread_blocked, id=7564, stack(0x00c70000,0x00cc0000)]
  0x25264800 JavaThread "Reference Handler" daemon [_thread_blocked, id=10956, stack(0x00be0000,0x00c30000)]

Other Threads:
  0x0265dc00 VMThread [stack: 0x00aa0000,0x00af0000] [id=7116]
  0x25296000 WatcherThread [stack: 0x04db0000,0x04e00000] [id=232]

VM state:not at safepoint (normal execution)

VM Mutex/Monitor currently owned by a thread: None

Heap:
 def new generation   total 39424K, used 21867K [0x04e00000, 0x078c0000, 0x0f8a0000)
  eden space 35072K,  49% used [0x04e00000, 0x05f1aef8, 0x07040000)
  from space 4352K, 100% used [0x07040000, 0x07480000, 0x07480000)
  to   space 4352K,   0% used [0x07480000, 0x07480000, 0x078c0000)
 tenured generation   total 87424K, used 18102K [0x0f8a0000, 0x14e00000, 0x24e00000)
   the space 87424K,  20% used [0x0f8a0000, 0x10a4da60, 0x10a4dc00, 0x14e00000)
 Metaspace       used 17683K, capacity 18183K, committed 18304K, reserved 18816K

Card table byte_map: [0x028e0000,0x029f0000] byte_map_base: 0x028b9000

Polling page: 0x00f40000

CodeCache: size=32768Kb used=3551Kb max_used=3551Kb free=29216Kb
 bounds [0x02db0000, 0x03130000, 0x04db0000]
 total_blobs=2365 nmethods=2090 adapters=205
 compilation: enabled

Compilation events (10 events):
Event: 24.843 Thread 0x2529c000 2116             javax.swing.text.View::getElement (5 bytes)
Event: 24.843 Thread 0x2529c000 nmethod 2116 0x03126b48 code [0x03126c40, 0x03126cc0]
Event: 25.342 Thread 0x2529c000 2117             javax.swing.Timer::getLock (5 bytes)
Event: 25.342 Thread 0x2529c000 nmethod 2117 0x03126d08 code [0x03126e00, 0x03126e80]
Event: 25.397 Thread 0x2529c000 2118   !         sun.awt.GlobalCursorManager::_updateCursor (165 bytes)
Event: 25.400 Thread 0x2529c000 nmethod 2118 0x03126ec8 code [0x03127090, 0x031276c8]
Event: 25.416 Thread 0x2529c000 2119             org.fife.ui.rsyntaxtextarea.TokenImpl::getListOffset (244 bytes)
Event: 25.417 Thread 0x2529c000 nmethod 2119 0x03127ec8 code [0x03128000, 0x03128338]
Event: 25.454 Thread 0x2529c000 2120             org.fife.ui.rsyntaxtextarea.TokenImpl::getOffset (5 bytes)
Event: 25.454 Thread 0x2529c000 nmethod 2120 0x031287c8 code [0x031288c0, 0x03128940]

GC Heap History (10 events):
Event: 1.101 GC heap before
{Heap before GC invocations=0 (full 0):
 def new generation   total 39296K, used 34944K [0x04e00000, 0x078a0000, 0x0f8a0000)
  eden space 34944K, 100% used [0x04e00000, 0x07020000, 0x07020000)
  from space 4352K,   0% used [0x07020000, 0x07020000, 0x07460000)
  to   space 4352K,   0% used [0x07460000, 0x07460000, 0x078a0000)
 tenured generation   total 87424K, used 0K [0x0f8a0000, 0x14e00000, 0x24e00000)
   the space 87424K,   0% used [0x0f8a0000, 0x0f8a0000, 0x0f8a0200, 0x14e00000)
 Metaspace       used 9902K, capacity 10088K, committed 10112K, reserved 10624K
Event: 1.112 GC heap after
Heap after GC invocations=1 (full 0):
 def new generation   total 39296K, used 4352K [0x04e00000, 0x078a0000, 0x0f8a0000)
  eden space 34944K,   0% used [0x04e00000, 0x04e00000, 0x07020000)
  from space 4352K, 100% used [0x07460000, 0x078a0000, 0x078a0000)
  to   space 4352K,   0% used [0x07020000, 0x07020000, 0x07460000)
 tenured generation   total 87424K, used 2788K [0x0f8a0000, 0x14e00000, 0x24e00000)
   the space 87424K,   3% used [0x0f8a0000, 0x0fb590e8, 0x0fb59200, 0x14e00000)
 Metaspace       used 9902K, capacity 10088K, committed 10112K, reserved 10624K
}
Event: 1.616 GC heap before
{Heap before GC invocations=1 (full 0):
 def new generation   total 39296K, used 39296K [0x04e00000, 0x078a0000, 0x0f8a0000)
  eden space 34944K, 100% used [0x04e00000, 0x07020000, 0x07020000)
  from space 4352K, 100% used [0x07460000, 0x078a0000, 0x078a0000)
  to   space 4352K,   0% used [0x07020000, 0x07020000, 0x07460000)
 tenured generation   total 87424K, used 2788K [0x0f8a0000, 0x14e00000, 0x24e00000)
   the space 87424K,   3% used [0x0f8a0000, 0x0fb590e8, 0x0fb59200, 0x14e00000)
 Metaspace       used 11464K, capacity 11859K, committed 11904K, reserved 12672K
Event: 1.635 GC heap after
Heap after GC invocations=2 (full 0):
 def new generation   total 39296K, used 4352K [0x04e00000, 0x078a0000, 0x0f8a0000)
  eden space 34944K,   0% used [0x04e00000, 0x04e00000, 0x07020000)
  from space 4352K, 100% used [0x07020000, 0x07460000, 0x07460000)
  to   space 4352K,   0% used [0x07460000, 0x07460000, 0x078a0000)
 tenured generation   total 87424K, used 8306K [0x0f8a0000, 0x14e00000, 0x24e00000)
   the space 87424K,   9% used [0x0f8a0000, 0x100bc9a0, 0x100bca00, 0x14e00000)
 Metaspace       used 11464K, capacity 11859K, committed 11904K, reserved 12672K
}
Event: 1.929 GC heap before
{Heap before GC invocations=2 (full 0):
 def new generation   total 39296K, used 19190K [0x04e00000, 0x078a0000, 0x0f8a0000)
  eden space 34944K,  42% used [0x04e00000, 0x05c7d810, 0x07020000)
  from space 4352K, 100% used [0x07020000, 0x07460000, 0x07460000)
  to   space 4352K,   0% used [0x07460000, 0x07460000, 0x078a0000)
 tenured generation   total 87424K, used 8306K [0x0f8a0000, 0x14e00000, 0x24e00000)
   the space 87424K,   9% used [0x0f8a0000, 0x100bc9a0, 0x100bca00, 0x14e00000)
 Metaspace       used 11879K, capacity 12251K, committed 12288K, reserved 12672K
Event: 1.953 GC heap after
Heap after GC invocations=3 (full 1):
 def new generation   total 39424K, used 0K [0x04e00000, 0x078c0000, 0x0f8a0000)
  eden space 35072K,   0% used [0x04e00000, 0x04e00000, 0x07040000)
  from space 4352K,   0% used [0x07040000, 0x07040000, 0x07480000)
  to   space 4352K,   0% used [0x07480000, 0x07480000, 0x078c0000)
 tenured generation   total 87424K, used 13073K [0x0f8a0000, 0x14e00000, 0x24e00000)
   the space 87424K,  14% used [0x0f8a0000, 0x105646a0, 0x10564800, 0x14e00000)
 Metaspace       used 11879K, capacity 12251K, committed 12288K, reserved 12672K
}
Event: 3.016 GC heap before
{Heap before GC invocations=3 (full 1):
 def new generation   total 39424K, used 35072K [0x04e00000, 0x078c0000, 0x0f8a0000)
  eden space 35072K, 100% used [0x04e00000, 0x07040000, 0x07040000)
  from space 4352K,   0% used [0x07040000, 0x07040000, 0x07480000)
  to   space 4352K,   0% used [0x07480000, 0x07480000, 0x078c0000)
 tenured generation   total 87424K, used 13073K [0x0f8a0000, 0x14e00000, 0x24e00000)
   the space 87424K,  14% used [0x0f8a0000, 0x105646a0, 0x10564800, 0x14e00000)
 Metaspace       used 15719K, capacity 16154K, committed 16256K, reserved 16768K
Event: 3.026 GC heap after
Heap after GC invocations=4 (full 1):
 def new generation   total 39424K, used 4352K [0x04e00000, 0x078c0000, 0x0f8a0000)
  eden space 35072K,   0% used [0x04e00000, 0x04e00000, 0x07040000)
  from space 4352K, 100% used [0x07480000, 0x078c0000, 0x078c0000)
  to   space 4352K,   0% used [0x07040000, 0x07040000, 0x07480000)
 tenured generation   total 87424K, used 14568K [0x0f8a0000, 0x14e00000, 0x24e00000)
   the space 87424K,  16% used [0x0f8a0000, 0x106da0b0, 0x106da200, 0x14e00000)
 Metaspace       used 15719K, capacity 16154K, committed 16256K, reserved 16768K
}
Event: 22.771 GC heap before
{Heap before GC invocations=4 (full 1):
 def new generation   total 39424K, used 39424K [0x04e00000, 0x078c0000, 0x0f8a0000)
  eden space 35072K, 100% used [0x04e00000, 0x07040000, 0x07040000)
  from space 4352K, 100% used [0x07480000, 0x078c0000, 0x078c0000)
  to   space 4352K,   0% used [0x07040000, 0x07040000, 0x07480000)
 tenured generation   total 87424K, used 14568K [0x0f8a0000, 0x14e00000, 0x24e00000)
   the space 87424K,  16% used [0x0f8a0000, 0x106da0b0, 0x106da200, 0x14e00000)
 Metaspace       used 17666K, capacity 18149K, committed 18176K, reserved 18816K
Event: 22.803 GC heap after
Heap after GC invocations=5 (full 1):
 def new generation   total 39424K, used 4352K [0x04e00000, 0x078c0000, 0x0f8a0000)
  eden space 35072K,   0% used [0x04e00000, 0x04e00000, 0x07040000)
  from space 4352K, 100% used [0x07040000, 0x07480000, 0x07480000)
  to   space 4352K,   0% used [0x07480000, 0x07480000, 0x078c0000)
 tenured generation   total 87424K, used 18102K [0x0f8a0000, 0x14e00000, 0x24e00000)
   the space 87424K,  20% used [0x0f8a0000, 0x10a4da60, 0x10a4dc00, 0x14e00000)
 Metaspace       used 17666K, capacity 18149K, committed 18176K, reserved 18816K
}

Deoptimization events (0 events):
No events

Internal exceptions (10 events):
Event: 24.442 Thread 0x26946400 Exception <a 'sun/nio/fs/WindowsException'> (0x059244f8) thrown at [C:\workspace\8-2-build-windows-i586-cygwin\jdk8u92\6642\hotspot\src\share\vm\prims\jni.cpp, line 709]
Event: 24.442 Thread 0x26946400 Exception <a 'sun/nio/fs/WindowsException'> (0x05924dd0) thrown at [C:\workspace\8-2-build-windows-i586-cygwin\jdk8u92\6642\hotspot\src\share\vm\prims\jni.cpp, line 709]
Event: 24.443 Thread 0x26946400 Exception <a 'sun/nio/fs/WindowsException'> (0x05930568) thrown at [C:\workspace\8-2-build-windows-i586-cygwin\jdk8u92\6642\hotspot\src\share\vm\prims\jni.cpp, line 709]
Event: 24.443 Thread 0x26946400 Exception <a 'sun/nio/fs/WindowsException'> (0x05930ca0) thrown at [C:\workspace\8-2-build-windows-i586-cygwin\jdk8u92\6642\hotspot\src\share\vm\prims\jni.cpp, line 709]
Event: 24.444 Thread 0x26946400 Exception <a 'sun/nio/fs/WindowsException'> (0x05945ba8) thrown at [C:\workspace\8-2-build-windows-i586-cygwin\jdk8u92\6642\hotspot\src\share\vm\prims\jni.cpp, line 709]
Event: 24.444 Thread 0x26946400 Exception <a 'sun/nio/fs/WindowsException'> (0x059462f0) thrown at [C:\workspace\8-2-build-windows-i586-cygwin\jdk8u92\6642\hotspot\src\share\vm\prims\jni.cpp, line 709]
Event: 24.445 Thread 0x26946400 Exception <a 'sun/nio/fs/WindowsException'> (0x05951448) thrown at [C:\workspace\8-2-build-windows-i586-cygwin\jdk8u92\6642\hotspot\src\share\vm\prims\jni.cpp, line 709]
Event: 24.445 Thread 0x26946400 Exception <a 'sun/nio/fs/WindowsException'> (0x05951b90) thrown at [C:\workspace\8-2-build-windows-i586-cygwin\jdk8u92\6642\hotspot\src\share\vm\prims\jni.cpp, line 709]
Event: 24.446 Thread 0x26946400 Exception <a 'sun/nio/fs/WindowsException'> (0x05967028) thrown at [C:\workspace\8-2-build-windows-i586-cygwin\jdk8u92\6642\hotspot\src\share\vm\prims\jni.cpp, line 709]
Event: 24.446 Thread 0x26946400 Exception <a 'sun/nio/fs/WindowsException'> (0x05967770) thrown at [C:\workspace\8-2-build-windows-i586-cygwin\jdk8u92\6642\hotspot\src\share\vm\prims\jni.cpp, line 709]

Events (10 events):
Event: 24.300 loading class cc/arduino/ConsoleOutputStream
Event: 24.300 loading class cc/arduino/ConsoleOutputStream done
Event: 24.382 loading class javax/swing/text/AbstractDocument$UndoRedoDocumentEvent
Event: 24.382 loading class javax/swing/text/AbstractDocument$UndoRedoDocumentEvent done
Event: 24.834 loading class javax/swing/text/DefaultStyledDocument$ElementSpec
Event: 24.835 loading class javax/swing/text/DefaultStyledDocument$ElementSpec done
Event: 24.835 loading class javax/swing/text/DefaultStyledDocument$ElementBuffer$ElemChanges
Event: 24.835 loading class javax/swing/text/DefaultStyledDocument$ElementBuffer$ElemChanges done
Event: 24.835 loading class java/awt/Event
Event: 24.836 loading class java/awt/Event done


Dynamic libraries:
0x00990000 - 0x009c3000 	C:\Program Files (x86)\Arduino\java\bin\javaw.exe
0x77100000 - 0x7727b000 	C:\WINDOWS\SYSTEM32\ntdll.dll
0x74080000 - 0x74160000 	C:\WINDOWS\SYSTEM32\KERNEL32.DLL
0x73e50000 - 0x73fce000 	C:\WINDOWS\SYSTEM32\KERNELBASE.dll
0x76920000 - 0x7699b000 	C:\WINDOWS\SYSTEM32\ADVAPI32.dll
0x76420000 - 0x764de000 	C:\WINDOWS\SYSTEM32\msvcrt.dll
0x741f0000 - 0x74234000 	C:\WINDOWS\SYSTEM32\sechost.dll
0x73fd0000 - 0x7407d000 	C:\WINDOWS\SYSTEM32\RPCRT4.dll
0x73e30000 - 0x73e4e000 	C:\WINDOWS\SYSTEM32\SspiCli.dll
0x73e20000 - 0x73e2a000 	C:\WINDOWS\SYSTEM32\CRYPTBASE.dll
0x76540000 - 0x76598000 	C:\WINDOWS\SYSTEM32\bcryptPrimitives.dll
0x765a0000 - 0x766e7000 	C:\WINDOWS\SYSTEM32\USER32.dll
0x75af0000 - 0x75c3f000 	C:\WINDOWS\SYSTEM32\GDI32.dll
0x720b0000 - 0x722bf000 	C:\WINDOWS\WinSxS\x86_microsoft.windows.common-controls_6595b64144ccf1df_6.0.10586.0_none_d3c2e4e965da4528\COMCTL32.dll
0x76a40000 - 0x76bfd000 	C:\WINDOWS\SYSTEM32\combase.dll
0x763f0000 - 0x7641b000 	C:\WINDOWS\SYSTEM32\IMM32.DLL
0x67c80000 - 0x67d3f000 	C:\Program Files (x86)\Arduino\java\bin\msvcr100.dll
0x66580000 - 0x6694b000 	C:\Program Files (x86)\Arduino\java\bin\client\jvm.dll
0x766f0000 - 0x766f6000 	C:\WINDOWS\SYSTEM32\PSAPI.DLL
0x73a70000 - 0x73a78000 	C:\WINDOWS\SYSTEM32\WSOCK32.dll
0x75860000 - 0x758bf000 	C:\WINDOWS\SYSTEM32\WS2_32.dll
0x71dc0000 - 0x71de4000 	C:\WINDOWS\SYSTEM32\WINMM.dll
0x73a20000 - 0x73a28000 	C:\WINDOWS\SYSTEM32\VERSION.dll
0x00f60000 - 0x00f83000 	C:\WINDOWS\SYSTEM32\WINMMBASE.dll
0x763b0000 - 0x763e7000 	C:\WINDOWS\SYSTEM32\cfgmgr32.dll
0x67c40000 - 0x67c71000 	C:\Program Files (x86)\Arduino\java\bin\splashscreen.dll
0x71a10000 - 0x71a85000 	C:\WINDOWS\system32\uxtheme.dll
0x69900000 - 0x6990c000 	C:\Program Files (x86)\Arduino\java\bin\verify.dll
0x76700000 - 0x7681f000 	C:\WINDOWS\SYSTEM32\MSCTF.dll
0x67c10000 - 0x67c31000 	C:\Program Files (x86)\Arduino\java\bin\java.dll
0x76530000 - 0x7653c000 	C:\WINDOWS\SYSTEM32\kernel.appcore.dll
0x67bf0000 - 0x67c03000 	C:\Program Files (x86)\Arduino\java\bin\zip.dll
0x74410000 - 0x7580e000 	C:\WINDOWS\SYSTEM32\SHELL32.dll
0x76c00000 - 0x770fa000 	C:\WINDOWS\SYSTEM32\windows.storage.dll
0x764e0000 - 0x76525000 	C:\WINDOWS\SYSTEM32\shlwapi.dll
0x760b0000 - 0x7613d000 	C:\WINDOWS\SYSTEM32\shcore.dll
0x75810000 - 0x75854000 	C:\WINDOWS\SYSTEM32\powrprof.dll
0x762a0000 - 0x762af000 	C:\WINDOWS\SYSTEM32\profapi.dll
0x67740000 - 0x67885000 	C:\Program Files (x86)\Arduino\java\bin\awt.dll
0x769a0000 - 0x76a32000 	C:\WINDOWS\SYSTEM32\OLEAUT32.dll
0x72600000 - 0x72692000 	C:\WINDOWS\system32\apphelp.dll
0x719a0000 - 0x719bd000 	C:\WINDOWS\system32\dwmapi.dll
0x76830000 - 0x7691b000 	C:\WINDOWS\SYSTEM32\ole32.dll
0x67720000 - 0x67736000 	C:\Program Files (x86)\Arduino\java\bin\net.dll
0x722e0000 - 0x7232f000 	C:\WINDOWS\system32\mswsock.dll
0x737c0000 - 0x737ef000 	C:\WINDOWS\SYSTEM32\IPHLPAPI.DLL
0x75c70000 - 0x75c77000 	C:\WINDOWS\SYSTEM32\NSI.dll
0x61740000 - 0x6176c000 	C:\Program Files (x86)\Arduino\lib\listSerialsj.dll
0x75c80000 - 0x7608b000 	C:\WINDOWS\SYSTEM32\SETUPAPI.dll
0x70470000 - 0x70483000 	C:\WINDOWS\SYSTEM32\dhcpcsvc6.DLL
0x70450000 - 0x70464000 	C:\WINDOWS\SYSTEM32\dhcpcsvc.DLL
0x731c0000 - 0x731d3000 	C:\WINDOWS\SYSTEM32\CRYPTSP.dll
0x73170000 - 0x7319f000 	C:\WINDOWS\system32\rsaenh.dll
0x731a0000 - 0x731bb000 	C:\WINDOWS\SYSTEM32\bcrypt.dll
0x728f0000 - 0x72909000 	C:\WINDOWS\SYSTEM32\USERENV.dll
0x68970000 - 0x6897f000 	C:\Program Files (x86)\Arduino\java\bin\nio.dll
0x26440000 - 0x2647d000 	C:\Users\Icaro\AppData\Local\Temp\jna-70463204\jna3928099226466150244.dll
0x735f0000 - 0x73674000 	C:\WINDOWS\SYSTEM32\DNSAPI.dll
0x64cb0000 - 0x64cd1000 	C:\Program Files (x86)\Bonjour\mdnsNSP.dll
0x64ca0000 - 0x64ca8000 	C:\Windows\System32\rasadhlp.dll
0x64c50000 - 0x64c97000 	C:\WINDOWS\System32\fwpuclnt.dll
0x676e0000 - 0x67719000 	C:\Program Files (x86)\Arduino\java\bin\fontmanager.dll
0x676a0000 - 0x676d2000 	C:\Program Files (x86)\Arduino\java\bin\t2k.dll
0x735c0000 - 0x735e2000 	C:\WINDOWS\SYSTEM32\DEVOBJ.dll
0x75a40000 - 0x75a82000 	C:\WINDOWS\SYSTEM32\WINTRUST.dll
0x76820000 - 0x7682e000 	C:\WINDOWS\SYSTEM32\MSASN1.dll
0x758c0000 - 0x75a38000 	C:\WINDOWS\SYSTEM32\CRYPT32.dll
0x673b0000 - 0x67419000 	C:\Program Files (x86)\Arduino\msvcp100.dll
0x67040000 - 0x670fe000 	C:\Program Files (x86)\Arduino\msvcr100.dll
0x27970000 - 0x279a2000 	C:\Program Files (x86)\Arduino\lib\AStylej.dll
0x67010000 - 0x67034000 	C:\Program Files (x86)\Arduino\java\bin\dcpr.dll
0x74160000 - 0x741e4000 	C:\WINDOWS\SYSTEM32\clbcatq.dll
0x6b8a0000 - 0x6ba13000 	C:\WINDOWS\SYSTEM32\WindowsCodecs.dll
0x69a10000 - 0x69a51000 	C:\WINDOWS\system32\dataexchange.dll
0x65150000 - 0x651f7000 	C:\WINDOWS\system32\dcomp.dll
0x65200000 - 0x6541a000 	C:\WINDOWS\system32\d3d11.dll
0x69980000 - 0x69a03000 	C:\WINDOWS\system32\dxgi.dll
0x6f770000 - 0x6f83d000 	C:\WINDOWS\system32\twinapi.appcore.dll
0x6edd0000 - 0x6ef0f000 	C:\WINDOWS\SYSTEM32\dbghelp.dll

VM Arguments:
jvm_args: -Dsun.java2d.d3d=false -Djna.nosys=true -DAPP_DIR=C:\Program Files (x86)\Arduino -Xms128M -Xmx512M 
java_command: processing.app.Base C:\Users\Icaro\Documents\ieee-very-small\firmware\2016\radio_pipe\radio_pipe.ino
java_class_path (initial): C:\Program Files (x86)\Arduino\lib\apple.jar;C:\Program Files (x86)\Arduino\lib\arduino-core.jar;C:\Program Files (x86)\Arduino\lib\batik-1.8.jar;C:\Program Files (x86)\Arduino\lib\batik-anim-1.8.jar;C:\Program Files (x86)\Arduino\lib\batik-awt-util-1.8.jar;C:\Program Files (x86)\Arduino\lib\batik-bridge-1.8.jar;C:\Program Files (x86)\Arduino\lib\batik-codec-1.8.jar;C:\Program Files (x86)\Arduino\lib\batik-css-1.8.jar;C:\Program Files (x86)\Arduino\lib\batik-dom-1.8.jar;C:\Program Files (x86)\Arduino\lib\batik-ext-1.8.jar;C:\Program Files (x86)\Arduino\lib\batik-gvt-1.8.jar;C:\Program Files (x86)\Arduino\lib\batik-parser-1.8.jar;C:\Program Files (x86)\Arduino\lib\batik-rasterizer-1.8.jar;C:\Program Files (x86)\Arduino\lib\batik-script-1.8.jar;C:\Program Files (x86)\Arduino\lib\batik-squiggle-1.8.jar;C:\Program Files (x86)\Arduino\lib\batik-svg-dom-1.8.jar;C:\Program Files (x86)\Arduino\lib\batik-svgpp-1.8.jar;C:\Program Files (x86)\Arduino\lib\batik-transcoder-1.8.jar;C:\Program Files (x86)\Arduino\lib\batik-util-1.8.jar;C:\Program Files (x86)\Arduino\lib\batik-xml-1.8.jar;C:\Program Files (x86)\Arduino\lib\bcpg-jdk15on-152.jar;C:\Program Files (x86)\Arduino\lib\bcprov-jdk15on-152.jar;C:\Program Files (x86)\Arduino\lib\commons-codec-1.7.jar;C:\Program Files (x86)\Arduino\lib\commons-compress-1.8.jar;C:\Program Files (x86)\Arduino\lib\commons-exec-1.1.jar;C:\Program Files (x86)\Arduino\lib\commons-httpclient-3.1.jar;C:\Program Files (x86)\Arduino\lib\commons-lang3-3.3.2.jar;C:\Program Files (x86)\Arduino\lib\commons-logging-1.0.4.jar;C:\Program Files (x86)\Arduino\lib\commons-net-3.3.jar;C:\Program Files (x86)\Arduino\lib\jackson-annotations-2.6.3.jar;C:\Program Files (x86)\Arduino\lib\jackson-core-2.6.3.jar;C:\Program Files (x86)\Arduino\lib\jackson-databind-2.6.3.jar;C:\Program Files (x86)\Arduino\lib\jackson-module-mrbean-2.6.3.jar;C:\Program Files (x86)\Arduino\lib\java-semver-0.8.0.jar;C:\Program Files (x86)\Arduino\lib\jmdns-3.4.1.j
Launcher Type: SUN_STANDARD

Environment Variables:
JAVA_HOME=C:\Program Files (x86)\Java\jdk1.8.0_101
PATH=C:\Program Files (x86)\NVIDIA Corporation\PhysX\Common;C:\ProgramData\Oracle\Java\javapath;C:\Program Files\Haskell\bin;C:\Program Files\Haskell Platform\7.10.2-a\lib\extralibs\bin;C:\Program Files\Haskell Platform\7.10.2-a\bin;C:\Program Files (x86)\Rockwell Software\RSCommon;C:\Program Files (x86)\Intel\iCLS Client\;C:\Program Files\Intel\iCLS Client\;C:\WINDOWS\system32;C:\WINDOWS;C:\WINDOWS\System32\Wbem;C:\WINDOWS\System32\WindowsPowerShell\v1.0\;C:\Program Files\Intel\Intel(R) Management Engine Components\DAL;C:\Program Files (x86)\Intel\Intel(R) Management Engine Components\DAL;C:\Program Files\Intel\Intel(R) Management Engine Components\IPT;C:\Program Files (x86)\Intel\Intel(R) Management Engine Components\IPT;C:\Program Files\Samsung\SamsungLink\AllShare Framework DMS\bin\;C:\Program Files\Haskell Platform\7.10.2-a\mingw\bin;C:\Program Files (x86)\GtkSharp\2.12\bin;C:\Program Files\nodejs\;C:\Program Files\MATLAB\R2011a\runtime\win64;C:\Program Files\MATLAB\R2011a\bin;C:\Program Files (x86)\Java\jdk1.8.0_101\bin;C:\Program Files (x86)\Skype\Phone\;C:\Users\Icaro\AppData\Local\Programs\Python\Python35-32\Scripts\;C:\Users\Icaro\AppData\Local\Programs\Python\Python35-32\;C:\Users\Icaro\AppData\Roaming\cabal\bin;C:\Users\Icaro\AppData\Roaming\npm;C:\Users\Icaro\AppData\Local\.meteor\;C:\Program Files (x86)\Arduino\java\bin
USERNAME=Icaro
OS=Windows_NT
PROCESSOR_IDENTIFIER=Intel64 Family 6 Model 61 Stepping 4, GenuineIntel



---------------  S Y S T E M  ---------------

OS: Windows 10.0 , 64 bit Build 10586 (10.0.10586.0)

CPU:total 4 (2 cores per cpu, 2 threads per core) family 6 model 61 stepping 4, cmov, cx8, fxsr, mmx, sse, sse2, sse3, ssse3, sse4.1, sse4.2, popcnt, avx, avx2, aes, clmul, erms, 3dnowpref, lzcnt, ht, tsc, tscinvbit, bmi1, bmi2, adx

Memory: 4k page, physical 8301656k(3920452k free), swap 11054168k(5184924k free)

vm_info: Java HotSpot(TM) Client VM (25.92-b14) for windows-x86 JRE (1.8.0_92-b14), built on Mar 31 2016 21:09:21 by "java_re" with MS VC++ 10.0 (VS2010)

time: Thu Sep 29 10:30:54 2016
elapsed time: 26 seconds (0d 0h 0m 26s)

